========================
New Run at 2026-01-28 02:09:43
========================
Mean of Averages: 0.770864
Median of Averages: 0.795199
Average of Medians: 0.776618
Average Improvement: 0.108538
Averege Greedy Value: 0.662325

========================
New Run at 2026-01-28 02:09:51
========================
Mean of Averages: 0.794701
Median of Averages: 0.827392
Average of Medians: 0.796845
Average Improvement: 0.142962
Averege Greedy Value: 0.651738

========================
New Run at 2026-01-28 02:10:18
========================
Mean of Averages: 0.788236
Median of Averages: 0.823949
Average of Medians: 0.789671
Average Improvement: 0.140003
Averege Greedy Value: 0.648233

========================
New Run at 2026-01-28 02:10:43
========================
Mean of Averages: 0.817981
Median of Averages: 0.837815
Average of Medians: 0.819874
Average Improvement: 0.175325
Averege Greedy Value: 0.642656

========================
New Run at 2026-01-28 02:11:43
========================
Mean of Averages: 0.805192
Median of Averages: 0.840367
Average of Medians: 0.806484
Average Improvement: 0.162607
Averege Greedy Value: 0.642586

