========================
New Run at 2026-01-27 23:52:18
========================
Mean of Averages: 0.957896
Median of Averages: 0.960718
Average of Medians: 0.963823
Average Improvement: 0.301202
Averege Greedy Value: 0.656694

========================
New Run at 2026-01-27 23:52:32
========================
Mean of Averages: 0.970896
Median of Averages: 0.973778
Average of Medians: 0.977934
Average Improvement: 0.320993
Averege Greedy Value: 0.649904

========================
New Run at 2026-01-27 23:52:55
========================
Mean of Averages: 0.977528
Median of Averages: 0.978679
Average of Medians: 0.982705
Average Improvement: 0.333063
Averege Greedy Value: 0.644464

========================
New Run at 2026-01-27 23:53:28
========================
Mean of Averages: 0.981894
Median of Averages: 0.98304
Average of Medians: 0.985961
Average Improvement: 0.33991
Averege Greedy Value: 0.641984

========================
New Run at 2026-01-27 23:54:27
========================
Mean of Averages: 0.98299
Median of Averages: 0.984889
Average of Medians: 0.986577
Average Improvement: 0.340318
Averege Greedy Value: 0.642672

