========================
New Run at 2026-01-28 02:14:53
========================
Mean of Averages: 0.904358
Median of Averages: 0.950007
Average of Medians: 0.90645
Average Improvement: 0.241755
Averege Greedy Value: 0.662604

========================
New Run at 2026-01-28 02:15:07
========================
Mean of Averages: 0.897715
Median of Averages: 0.947674
Average of Medians: 0.901858
Average Improvement: 0.2432
Averege Greedy Value: 0.654515

========================
New Run at 2026-01-28 02:15:19
========================
Mean of Averages: 0.898935
Median of Averages: 0.94116
Average of Medians: 0.906618
Average Improvement: 0.239795
Averege Greedy Value: 0.659139

========================
New Run at 2026-01-28 02:15:30
========================
Mean of Averages: 0.873829
Median of Averages: 0.905747
Average of Medians: 0.890033
Average Improvement: 0.21319
Averege Greedy Value: 0.660639

========================
New Run at 2026-01-28 02:15:43
========================
Mean of Averages: 0.874919
Median of Averages: 0.908835
Average of Medians: 0.889375
Average Improvement: 0.21638
Averege Greedy Value: 0.658539

========================
New Run at 2026-01-28 02:15:51
========================
Mean of Averages: 0.835823
Median of Averages: 0.867707
Average of Medians: 0.853749
Average Improvement: 0.179519
Averege Greedy Value: 0.656304

========================
New Run at 2026-01-28 02:15:59
========================
Mean of Averages: 0.769036
Median of Averages: 0.769581
Average of Medians: 0.782889
Average Improvement: 0.114232
Averege Greedy Value: 0.654804

========================
New Run at 2026-01-28 02:16:09
========================
Mean of Averages: 0.719212
Median of Averages: 0.725583
Average of Medians: 0.721192
Average Improvement: 0.0607081
Averege Greedy Value: 0.658504

