========================
New Run at 2026-01-27 15:29:58
========================
Run 0:
50000 47500 45125 42868.8 40725.3 38689 36754.6 34916.9 33171 31512.5 29936.8 28440 27018 25667.1 24383.7 23164.6 22006.3 20906 19860.7 18867.7 
Run 0 
 Result: 0.9525 * OPT 
 Greedy Value: 0.641514 * OPT

Run 1:
50000 47500 45125 42868.8 40725.3 38689 36754.6 34916.9 33171 31512.5 29936.8 28440 27018 25667.1 24383.7 23164.6 22006.3 20906 19860.7 18867.7 
Run 1 
 Result: 0.837099 * OPT 
 Greedy Value: 0.641514 * OPT

Run 2:
100000 90000 85000 38250 36337.5 34520.6 32794.6 31154.9 29597.1 28117.3 26711.4 25375.8 24107 22901.7 21756.6 20668.8 19635.3 18653.6 17720.9 16834.8 
Run 2 
 Result: 0.795916 * OPT 
 Greedy Value: 0.720138 * OPT

Run 3:
100000 45000 42750 40612.5 38581.9 36652.8 34820.1 33079.1 31425.2 29853.9 28361.2 26943.2 25596 24316.2 23100.4 21945.4 20848.1 19805.7 18815.4 17874.6 
Run 3 
 Result: 0.845673 * OPT 
 Greedy Value: 0.660382 * OPT

Run 4:
50000 47500 45125 42868.8 40725.3 38689 36754.6 34916.9 33171 31512.5 29936.8 28440 27018 25667.1 24383.7 23164.6 22006.3 20906 19860.7 18867.7 
Run 4 
 Result: 0.871394 * OPT 
 Greedy Value: 0.641514 * OPT

Run 5:
50000 47500 45125 42868.8 40725.3 38689 36754.6 34916.9 33171 31512.5 29936.8 28440 27018 25667.1 24383.7 23164.6 22006.3 20906 19860.7 18867.7 
Run 5 
 Result: 0.779472 * OPT 
 Greedy Value: 0.641514 * OPT

Run 6:
50000 47500 45125 42868.8 40725.3 38689 36754.6 34916.9 33171 31512.5 29936.8 28440 27018 25667.1 24383.7 23164.6 22006.3 20906 19860.7 18867.7 
Run 6 
 Result: 0.837099 * OPT 
 Greedy Value: 0.641514 * OPT

Run 7:
50000 47500 45125 42868.8 40725.3 38689 36754.6 34916.9 33171 31512.5 29936.8 28440 27018 25667.1 24383.7 23164.6 22006.3 20906 19860.7 18867.7 
Run 7 
 Result: 0.871394 * OPT 
 Greedy Value: 0.641514 * OPT

Run 8:
100000 47500 45125 42868.8 40725.3 38689 36754.6 34916.9 33171 31512.5 29936.8 28440 27018 25667.1 24383.7 23164.6 22006.3 20906 19860.7 18867.7 
Run 8 
 Result: 0.91475 * OPT 
 Greedy Value: 0.691514 * OPT

Run 9:
100000 45000 42750 40612.5 38581.9 36652.8 34820.1 33079.1 31425.2 29853.9 28361.2 26943.2 25596 24316.2 23100.4 21945.4 20848.1 19805.7 18815.4 17874.6 
Run 9 
 Result: 0.768446 * OPT 
 Greedy Value: 0.660382 * OPT

Run 10:
100000 47500 45125 42868.8 40725.3 38689 36754.6 34916.9 33171 31512.5 29936.8 28440 27018 25667.1 24383.7 23164.6 22006.3 20906 19860.7 18867.7 
Run 10 
 Result: 0.878894 * OPT 
 Greedy Value: 0.691514 * OPT

Run 11:
50000 47500 45125 42868.8 40725.3 38689 36754.6 34916.9 33171 31512.5 29936.8 28440 27018 25667.1 24383.7 23164.6 22006.3 20906 19860.7 18867.7 
Run 11 
 Result: 0.806555 * OPT 
 Greedy Value: 0.641514 * OPT

Run 12:
50000 47500 45125 42868.8 40725.3 38689 36754.6 34916.9 33171 31512.5 29936.8 28440 27018 25667.1 24383.7 23164.6 22006.3 20906 19860.7 18867.7 
Run 12 
 Result: 0.837099 * OPT 
 Greedy Value: 0.641514 * OPT

Run 13:
50000 47500 45125 42868.8 40725.3 38689 36754.6 34916.9 33171 31512.5 29936.8 28440 27018 25667.1 24383.7 23164.6 22006.3 20906 19860.7 18867.7 
Run 13 
 Result: 0.779472 * OPT 
 Greedy Value: 0.641514 * OPT

Run 14:
100000 45000 42750 40612.5 38581.9 36652.8 34820.1 33079.1 31425.2 29853.9 28361.2 26943.2 25596 24316.2 23100.4 21945.4 20848.1 19805.7 18815.4 17874.6 
Run 14 
 Result: 0.878163 * OPT 
 Greedy Value: 0.660382 * OPT

Run 15:
100000 45000 42750 40612.5 38581.9 36652.8 34820.1 33079.1 31425.2 29853.9 28361.2 26943.2 25596 24316.2 23100.4 21945.4 20848.1 19805.7 18815.4 17874.6 
Run 15 
 Result: 0.878163 * OPT 
 Greedy Value: 0.660382 * OPT

Run 16:
100000 45000 42750 40612.5 38581.9 36652.8 34820.1 33079.1 31425.2 29853.9 28361.2 26943.2 25596 24316.2 23100.4 21945.4 20848.1 19805.7 18815.4 17874.6 
Run 16 
 Result: 0.845673 * OPT 
 Greedy Value: 0.660382 * OPT

Run 17:
50000 47500 45125 42868.8 40725.3 38689 36754.6 34916.9 33171 31512.5 29936.8 28440 27018 25667.1 24383.7 23164.6 22006.3 20906 19860.7 18867.7 
Run 17 
 Result: 0.837099 * OPT 
 Greedy Value: 0.641514 * OPT

Run 18:
50000 47500 45125 42868.8 40725.3 38689 36754.6 34916.9 33171 31512.5 29936.8 28440 27018 25667.1 24383.7 23164.6 22006.3 20906 19860.7 18867.7 
Run 18 
 Result: 0.779472 * OPT 
 Greedy Value: 0.641514 * OPT

Run 19:
50000 47500 45125 42868.8 40725.3 38689 36754.6 34916.9 33171 31512.5 29936.8 28440 27018 25667.1 24383.7 23164.6 22006.3 20906 19860.7 18867.7 
Run 19 
 Result: 1 * OPT 
 Greedy Value: 0.641514 * OPT

Run 20:
50000 47500 45125 42868.8 40725.3 38689 36754.6 34916.9 33171 31512.5 29936.8 28440 27018 25667.1 24383.7 23164.6 22006.3 20906 19860.7 18867.7 
Run 20 
 Result: 0.837099 * OPT 
 Greedy Value: 0.641514 * OPT

Run 21:
50000 47500 45125 42868.8 40725.3 38689 36754.6 34916.9 33171 31512.5 29936.8 28440 27018 25667.1 24383.7 23164.6 22006.3 20906 19860.7 18867.7 
Run 21 
 Result: 0.871394 * OPT 
 Greedy Value: 0.641514 * OPT

Run 22:
100000 47500 45125 42868.8 40725.3 38689 36754.6 34916.9 33171 31512.5 29936.8 28440 27018 25667.1 24383.7 23164.6 22006.3 20906 19860.7 18867.7 
Run 22 
 Result: 0.847099 * OPT 
 Greedy Value: 0.691514 * OPT

Run 23:
50000 47500 45125 42868.8 40725.3 38689 36754.6 34916.9 33171 31512.5 29936.8 28440 27018 25667.1 24383.7 23164.6 22006.3 20906 19860.7 18867.7 
Run 23 
 Result: 0.837099 * OPT 
 Greedy Value: 0.641514 * OPT

Run 24:
150000 85000 38250 36337.5 34520.6 32794.6 31154.9 29597.1 28117.3 26711.4 25375.8 24107 22901.7 21756.6 20668.8 19635.3 18653.6 17720.9 16834.8 15993.1 
Run 24 
 Result: 0.861918 * OPT 
 Greedy Value: 0.696131 * OPT

Run 25:
50000 47500 45125 42868.8 40725.3 38689 36754.6 34916.9 33171 31512.5 29936.8 28440 27018 25667.1 24383.7 23164.6 22006.3 20906 19860.7 18867.7 
Run 25 
 Result: 0.871394 * OPT 
 Greedy Value: 0.641514 * OPT

Run 26:
50000 47500 45125 42868.8 40725.3 38689 36754.6 34916.9 33171 31512.5 29936.8 28440 27018 25667.1 24383.7 23164.6 22006.3 20906 19860.7 18867.7 
Run 26 
 Result: 0.837099 * OPT 
 Greedy Value: 0.641514 * OPT

Run 27:
100000 45000 42750 40612.5 38581.9 36652.8 34820.1 33079.1 31425.2 29853.9 28361.2 26943.2 25596 24316.2 23100.4 21945.4 20848.1 19805.7 18815.4 17874.6 
Run 27 
 Result: 0.878163 * OPT 
 Greedy Value: 0.660382 * OPT

Run 28:
50000 47500 45125 42868.8 40725.3 38689 36754.6 34916.9 33171 31512.5 29936.8 28440 27018 25667.1 24383.7 23164.6 22006.3 20906 19860.7 18867.7 
Run 28 
 Result: 0.837099 * OPT 
 Greedy Value: 0.641514 * OPT

Run 29:
50000 47500 45125 42868.8 40725.3 38689 36754.6 34916.9 33171 31512.5 29936.8 28440 27018 25667.1 24383.7 23164.6 22006.3 20906 19860.7 18867.7 
Run 29 
 Result: 0.837099 * OPT 
 Greedy Value: 0.641514 * OPT

Run 30:
50000 47500 45125 42868.8 40725.3 38689 36754.6 34916.9 33171 31512.5 29936.8 28440 27018 25667.1 24383.7 23164.6 22006.3 20906 19860.7 18867.7 
Run 30 
 Result: 0.871394 * OPT 
 Greedy Value: 0.641514 * OPT

Run 31:
50000 47500 45125 42868.8 40725.3 38689 36754.6 34916.9 33171 31512.5 29936.8 28440 27018 25667.1 24383.7 23164.6 22006.3 20906 19860.7 18867.7 
Run 31 
 Result: 0.90975 * OPT 
 Greedy Value: 0.641514 * OPT

Run 32:
50000 47500 45125 42868.8 40725.3 38689 36754.6 34916.9 33171 31512.5 29936.8 28440 27018 25667.1 24383.7 23164.6 22006.3 20906 19860.7 18867.7 
Run 32 
 Result: 0.871394 * OPT 
 Greedy Value: 0.641514 * OPT

Run 33:
50000 47500 45125 42868.8 40725.3 38689 36754.6 34916.9 33171 31512.5 29936.8 28440 27018 25667.1 24383.7 23164.6 22006.3 20906 19860.7 18867.7 
Run 33 
 Result: 0.837099 * OPT 
 Greedy Value: 0.641514 * OPT

Run 34:
50000 47500 45125 42868.8 40725.3 38689 36754.6 34916.9 33171 31512.5 29936.8 28440 27018 25667.1 24383.7 23164.6 22006.3 20906 19860.7 18867.7 
Run 34 
 Result: 0.837099 * OPT 
 Greedy Value: 0.641514 * OPT

Run 35:
50000 47500 45125 42868.8 40725.3 38689 36754.6 34916.9 33171 31512.5 29936.8 28440 27018 25667.1 24383.7 23164.6 22006.3 20906 19860.7 18867.7 
Run 35 
 Result: 0.837099 * OPT 
 Greedy Value: 0.641514 * OPT

Run 36:
50000 47500 45125 42868.8 40725.3 38689 36754.6 34916.9 33171 31512.5 29936.8 28440 27018 25667.1 24383.7 23164.6 22006.3 20906 19860.7 18867.7 
Run 36 
 Result: 0.90975 * OPT 
 Greedy Value: 0.641514 * OPT

Run 37:
50000 47500 45125 42868.8 40725.3 38689 36754.6 34916.9 33171 31512.5 29936.8 28440 27018 25667.1 24383.7 23164.6 22006.3 20906 19860.7 18867.7 
Run 37 
 Result: 0.871394 * OPT 
 Greedy Value: 0.641514 * OPT

Run 38:
50000 47500 45125 42868.8 40725.3 38689 36754.6 34916.9 33171 31512.5 29936.8 28440 27018 25667.1 24383.7 23164.6 22006.3 20906 19860.7 18867.7 
Run 38 
 Result: 0.837099 * OPT 
 Greedy Value: 0.641514 * OPT

Run 39:
50000 47500 45125 42868.8 40725.3 38689 36754.6 34916.9 33171 31512.5 29936.8 28440 27018 25667.1 24383.7 23164.6 22006.3 20906 19860.7 18867.7 
Run 39 
 Result: 0.9525 * OPT 
 Greedy Value: 0.641514 * OPT

Run 40:
50000 47500 45125 42868.8 40725.3 38689 36754.6 34916.9 33171 31512.5 29936.8 28440 27018 25667.1 24383.7 23164.6 22006.3 20906 19860.7 18867.7 
Run 40 
 Result: 0.806555 * OPT 
 Greedy Value: 0.641514 * OPT

Run 41:
50000 47500 45125 42868.8 40725.3 38689 36754.6 34916.9 33171 31512.5 29936.8 28440 27018 25667.1 24383.7 23164.6 22006.3 20906 19860.7 18867.7 
Run 41 
 Result: 0.871394 * OPT 
 Greedy Value: 0.641514 * OPT

Run 42:
50000 47500 45125 42868.8 40725.3 38689 36754.6 34916.9 33171 31512.5 29936.8 28440 27018 25667.1 24383.7 23164.6 22006.3 20906 19860.7 18867.7 
Run 42 
 Result: 0.806555 * OPT 
 Greedy Value: 0.641514 * OPT

Run 43:
50000 47500 45125 42868.8 40725.3 38689 36754.6 34916.9 33171 31512.5 29936.8 28440 27018 25667.1 24383.7 23164.6 22006.3 20906 19860.7 18867.7 
Run 43 
 Result: 0.9525 * OPT 
 Greedy Value: 0.641514 * OPT

Run 44:
50000 47500 45125 42868.8 40725.3 38689 36754.6 34916.9 33171 31512.5 29936.8 28440 27018 25667.1 24383.7 23164.6 22006.3 20906 19860.7 18867.7 
Run 44 
 Result: 0.806555 * OPT 
 Greedy Value: 0.641514 * OPT

Run 45:
100000 90000 81000 76000 34200 32490 30865.5 29322.2 27856.1 26463.3 25140.1 23883.1 22689 21554.5 20476.8 19453 18480.3 17556.3 16678.5 15844.6 
Run 45 
 Result: 0.824107 * OPT 
 Greedy Value: 0.729953 * OPT

Run 46:
50000 47500 45125 42868.8 40725.3 38689 36754.6 34916.9 33171 31512.5 29936.8 28440 27018 25667.1 24383.7 23164.6 22006.3 20906 19860.7 18867.7 
Run 46 
 Result: 0.90975 * OPT 
 Greedy Value: 0.641514 * OPT

Run 47:
50000 47500 45125 42868.8 40725.3 38689 36754.6 34916.9 33171 31512.5 29936.8 28440 27018 25667.1 24383.7 23164.6 22006.3 20906 19860.7 18867.7 
Run 47 
 Result: 0.806555 * OPT 
 Greedy Value: 0.641514 * OPT

Run 48:
50000 47500 45125 42868.8 40725.3 38689 36754.6 34916.9 33171 31512.5 29936.8 28440 27018 25667.1 24383.7 23164.6 22006.3 20906 19860.7 18867.7 
Run 48 
 Result: 0.806555 * OPT 
 Greedy Value: 0.641514 * OPT

Run 49:
50000 47500 45125 42868.8 40725.3 38689 36754.6 34916.9 33171 31512.5 29936.8 28440 27018 25667.1 24383.7 23164.6 22006.3 20906 19860.7 18867.7 
Run 49 
 Result: 0.779472 * OPT 
 Greedy Value: 0.641514 * OPT

Run 50:
50000 47500 45125 42868.8 40725.3 38689 36754.6 34916.9 33171 31512.5 29936.8 28440 27018 25667.1 24383.7 23164.6 22006.3 20906 19860.7 18867.7 
Run 50 
 Result: 0.806555 * OPT 
 Greedy Value: 0.641514 * OPT

Run 51:
50000 47500 45125 42868.8 40725.3 38689 36754.6 34916.9 33171 31512.5 29936.8 28440 27018 25667.1 24383.7 23164.6 22006.3 20906 19860.7 18867.7 
Run 51 
 Result: 0.871394 * OPT 
 Greedy Value: 0.641514 * OPT

Run 52:
50000 47500 45125 42868.8 40725.3 38689 36754.6 34916.9 33171 31512.5 29936.8 28440 27018 25667.1 24383.7 23164.6 22006.3 20906 19860.7 18867.7 
Run 52 
 Result: 0.837099 * OPT 
 Greedy Value: 0.641514 * OPT

Run 53:
50000 47500 45125 42868.8 40725.3 38689 36754.6 34916.9 33171 31512.5 29936.8 28440 27018 25667.1 24383.7 23164.6 22006.3 20906 19860.7 18867.7 
Run 53 
 Result: 0.871394 * OPT 
 Greedy Value: 0.641514 * OPT

Run 54:
50000 47500 45125 42868.8 40725.3 38689 36754.6 34916.9 33171 31512.5 29936.8 28440 27018 25667.1 24383.7 23164.6 22006.3 20906 19860.7 18867.7 
Run 54 
 Result: 0.90975 * OPT 
 Greedy Value: 0.641514 * OPT

Run 55:
50000 47500 45125 42868.8 40725.3 38689 36754.6 34916.9 33171 31512.5 29936.8 28440 27018 25667.1 24383.7 23164.6 22006.3 20906 19860.7 18867.7 
Run 55 
 Result: 0.837099 * OPT 
 Greedy Value: 0.641514 * OPT

Run 56:
50000 47500 45125 42868.8 40725.3 38689 36754.6 34916.9 33171 31512.5 29936.8 28440 27018 25667.1 24383.7 23164.6 22006.3 20906 19860.7 18867.7 
Run 56 
 Result: 0.871394 * OPT 
 Greedy Value: 0.641514 * OPT

Run 57:
50000 47500 45125 42868.8 40725.3 38689 36754.6 34916.9 33171 31512.5 29936.8 28440 27018 25667.1 24383.7 23164.6 22006.3 20906 19860.7 18867.7 
Run 57 
 Result: 0.779472 * OPT 
 Greedy Value: 0.641514 * OPT

Run 58:
50000 47500 45125 42868.8 40725.3 38689 36754.6 34916.9 33171 31512.5 29936.8 28440 27018 25667.1 24383.7 23164.6 22006.3 20906 19860.7 18867.7 
Run 58 
 Result: 0.779472 * OPT 
 Greedy Value: 0.641514 * OPT

Run 59:
50000 47500 45125 42868.8 40725.3 38689 36754.6 34916.9 33171 31512.5 29936.8 28440 27018 25667.1 24383.7 23164.6 22006.3 20906 19860.7 18867.7 
Run 59 
 Result: 0.837099 * OPT 
 Greedy Value: 0.641514 * OPT

Run 60:
100000 45000 42750 40612.5 38581.9 36652.8 34820.1 33079.1 31425.2 29853.9 28361.2 26943.2 25596 24316.2 23100.4 21945.4 20848.1 19805.7 18815.4 17874.6 
Run 60 
 Result: 0.768446 * OPT 
 Greedy Value: 0.660382 * OPT

Run 61:
50000 47500 45125 42868.8 40725.3 38689 36754.6 34916.9 33171 31512.5 29936.8 28440 27018 25667.1 24383.7 23164.6 22006.3 20906 19860.7 18867.7 
Run 61 
 Result: 0.806555 * OPT 
 Greedy Value: 0.641514 * OPT

Run 62:
50000 47500 45125 42868.8 40725.3 38689 36754.6 34916.9 33171 31512.5 29936.8 28440 27018 25667.1 24383.7 23164.6 22006.3 20906 19860.7 18867.7 
Run 62 
 Result: 0.806555 * OPT 
 Greedy Value: 0.641514 * OPT

Run 63:
50000 47500 45125 42868.8 40725.3 38689 36754.6 34916.9 33171 31512.5 29936.8 28440 27018 25667.1 24383.7 23164.6 22006.3 20906 19860.7 18867.7 
Run 63 
 Result: 0.837099 * OPT 
 Greedy Value: 0.641514 * OPT

Run 64:
50000 47500 45125 42868.8 40725.3 38689 36754.6 34916.9 33171 31512.5 29936.8 28440 27018 25667.1 24383.7 23164.6 22006.3 20906 19860.7 18867.7 
Run 64 
 Result: 0.871394 * OPT 
 Greedy Value: 0.641514 * OPT

Run 65:
50000 47500 45125 42868.8 40725.3 38689 36754.6 34916.9 33171 31512.5 29936.8 28440 27018 25667.1 24383.7 23164.6 22006.3 20906 19860.7 18867.7 
Run 65 
 Result: 0.837099 * OPT 
 Greedy Value: 0.641514 * OPT

Run 66:
50000 47500 45125 42868.8 40725.3 38689 36754.6 34916.9 33171 31512.5 29936.8 28440 27018 25667.1 24383.7 23164.6 22006.3 20906 19860.7 18867.7 
Run 66 
 Result: 0.837099 * OPT 
 Greedy Value: 0.641514 * OPT

Run 67:
150000 42500 40375 38356.2 36438.4 34616.5 32885.7 31241.4 29679.3 28195.4 26785.6 25446.3 24174 22965.3 21817 20726.2 19689.9 18705.4 17770.1 16881.6 
Run 67 
 Result: 0.802686 * OPT 
 Greedy Value: 0.679249 * OPT

Run 68:
50000 47500 45125 42868.8 40725.3 38689 36754.6 34916.9 33171 31512.5 29936.8 28440 27018 25667.1 24383.7 23164.6 22006.3 20906 19860.7 18867.7 
Run 68 
 Result: 0.90975 * OPT 
 Greedy Value: 0.641514 * OPT

Run 69:
50000 47500 45125 42868.8 40725.3 38689 36754.6 34916.9 33171 31512.5 29936.8 28440 27018 25667.1 24383.7 23164.6 22006.3 20906 19860.7 18867.7 
Run 69 
 Result: 0.837099 * OPT 
 Greedy Value: 0.641514 * OPT

Run 70:
50000 47500 45125 42868.8 40725.3 38689 36754.6 34916.9 33171 31512.5 29936.8 28440 27018 25667.1 24383.7 23164.6 22006.3 20906 19860.7 18867.7 
Run 70 
 Result: 0.806555 * OPT 
 Greedy Value: 0.641514 * OPT

Run 71:
50000 47500 45125 42868.8 40725.3 38689 36754.6 34916.9 33171 31512.5 29936.8 28440 27018 25667.1 24383.7 23164.6 22006.3 20906 19860.7 18867.7 
Run 71 
 Result: 0.837099 * OPT 
 Greedy Value: 0.641514 * OPT

Run 72:
50000 47500 45125 42868.8 40725.3 38689 36754.6 34916.9 33171 31512.5 29936.8 28440 27018 25667.1 24383.7 23164.6 22006.3 20906 19860.7 18867.7 
Run 72 
 Result: 0.806555 * OPT 
 Greedy Value: 0.641514 * OPT

Run 73:
100000 45000 42750 40612.5 38581.9 36652.8 34820.1 33079.1 31425.2 29853.9 28361.2 26943.2 25596 24316.2 23100.4 21945.4 20848.1 19805.7 18815.4 17874.6 
Run 73 
 Result: 0.845673 * OPT 
 Greedy Value: 0.660382 * OPT

Run 74:
50000 47500 45125 42868.8 40725.3 38689 36754.6 34916.9 33171 31512.5 29936.8 28440 27018 25667.1 24383.7 23164.6 22006.3 20906 19860.7 18867.7 
Run 74 
 Result: 0.9525 * OPT 
 Greedy Value: 0.641514 * OPT

Run 75:
50000 47500 45125 42868.8 40725.3 38689 36754.6 34916.9 33171 31512.5 29936.8 28440 27018 25667.1 24383.7 23164.6 22006.3 20906 19860.7 18867.7 
Run 75 
 Result: 0.871394 * OPT 
 Greedy Value: 0.641514 * OPT

Run 76:
50000 47500 45125 42868.8 40725.3 38689 36754.6 34916.9 33171 31512.5 29936.8 28440 27018 25667.1 24383.7 23164.6 22006.3 20906 19860.7 18867.7 
Run 76 
 Result: 0.837099 * OPT 
 Greedy Value: 0.641514 * OPT

Run 77:
150000 42500 40375 38356.2 36438.4 34616.5 32885.7 31241.4 29679.3 28195.4 26785.6 25446.3 24174 22965.3 21817 20726.2 19689.9 18705.4 17770.1 16881.6 
Run 77 
 Result: 0.91925 * OPT 
 Greedy Value: 0.679249 * OPT

Run 78:
50000 47500 45125 42868.8 40725.3 38689 36754.6 34916.9 33171 31512.5 29936.8 28440 27018 25667.1 24383.7 23164.6 22006.3 20906 19860.7 18867.7 
Run 78 
 Result: 0.837099 * OPT 
 Greedy Value: 0.641514 * OPT

Run 79:
50000 47500 45125 42868.8 40725.3 38689 36754.6 34916.9 33171 31512.5 29936.8 28440 27018 25667.1 24383.7 23164.6 22006.3 20906 19860.7 18867.7 
Run 79 
 Result: 0.837099 * OPT 
 Greedy Value: 0.641514 * OPT

Run 80:
50000 47500 45125 42868.8 40725.3 38689 36754.6 34916.9 33171 31512.5 29936.8 28440 27018 25667.1 24383.7 23164.6 22006.3 20906 19860.7 18867.7 
Run 80 
 Result: 0.837099 * OPT 
 Greedy Value: 0.641514 * OPT

Run 81:
50000 47500 45125 42868.8 40725.3 38689 36754.6 34916.9 33171 31512.5 29936.8 28440 27018 25667.1 24383.7 23164.6 22006.3 20906 19860.7 18867.7 
Run 81 
 Result: 0.779472 * OPT 
 Greedy Value: 0.641514 * OPT

Run 82:
50000 47500 45125 42868.8 40725.3 38689 36754.6 34916.9 33171 31512.5 29936.8 28440 27018 25667.1 24383.7 23164.6 22006.3 20906 19860.7 18867.7 
Run 82 
 Result: 0.871394 * OPT 
 Greedy Value: 0.641514 * OPT

Run 83:
50000 47500 45125 42868.8 40725.3 38689 36754.6 34916.9 33171 31512.5 29936.8 28440 27018 25667.1 24383.7 23164.6 22006.3 20906 19860.7 18867.7 
Run 83 
 Result: 0.806555 * OPT 
 Greedy Value: 0.641514 * OPT

Run 84:
50000 47500 45125 42868.8 40725.3 38689 36754.6 34916.9 33171 31512.5 29936.8 28440 27018 25667.1 24383.7 23164.6 22006.3 20906 19860.7 18867.7 
Run 84 
 Result: 0.779472 * OPT 
 Greedy Value: 0.641514 * OPT

Run 85:
50000 47500 45125 42868.8 40725.3 38689 36754.6 34916.9 33171 31512.5 29936.8 28440 27018 25667.1 24383.7 23164.6 22006.3 20906 19860.7 18867.7 
Run 85 
 Result: 0.837099 * OPT 
 Greedy Value: 0.641514 * OPT

Run 86:
100000 95000 45000 42750 40612.5 38581.9 36652.8 34820.1 33079.1 31425.2 29853.9 28361.2 26943.2 25596 24316.2 23100.4 21945.4 20848.1 19805.7 18815.4 
Run 86 
 Result: 0.773367 * OPT 
 Greedy Value: 0.737507 * OPT

Run 87:
50000 47500 45125 42868.8 40725.3 38689 36754.6 34916.9 33171 31512.5 29936.8 28440 27018 25667.1 24383.7 23164.6 22006.3 20906 19860.7 18867.7 
Run 87 
 Result: 0.837099 * OPT 
 Greedy Value: 0.641514 * OPT

Run 88:
100000 95000 85500 38475 36551.2 34723.7 32987.5 31338.1 29771.2 28282.7 26868.5 25525.1 24248.8 23036.4 21884.6 20790.4 19750.8 18763.3 17825.1 16933.9 
Run 88 
 Result: 0.798133 * OPT 
 Greedy Value: 0.728256 * OPT

Run 89:
50000 47500 45125 42868.8 40725.3 38689 36754.6 34916.9 33171 31512.5 29936.8 28440 27018 25667.1 24383.7 23164.6 22006.3 20906 19860.7 18867.7 
Run 89 
 Result: 0.806555 * OPT 
 Greedy Value: 0.641514 * OPT

Run 90:
50000 47500 45125 42868.8 40725.3 38689 36754.6 34916.9 33171 31512.5 29936.8 28440 27018 25667.1 24383.7 23164.6 22006.3 20906 19860.7 18867.7 
Run 90 
 Result: 0.90975 * OPT 
 Greedy Value: 0.641514 * OPT

Run 91:
100000 45000 42750 40612.5 38581.9 36652.8 34820.1 33079.1 31425.2 29853.9 28361.2 26943.2 25596 24316.2 23100.4 21945.4 20848.1 19805.7 18815.4 17874.6 
Run 91 
 Result: 0.816736 * OPT 
 Greedy Value: 0.660382 * OPT

Run 92:
50000 47500 45125 42868.8 40725.3 38689 36754.6 34916.9 33171 31512.5 29936.8 28440 27018 25667.1 24383.7 23164.6 22006.3 20906 19860.7 18867.7 
Run 92 
 Result: 0.90975 * OPT 
 Greedy Value: 0.641514 * OPT

Run 93:
50000 47500 45125 42868.8 40725.3 38689 36754.6 34916.9 33171 31512.5 29936.8 28440 27018 25667.1 24383.7 23164.6 22006.3 20906 19860.7 18867.7 
Run 93 
 Result: 0.871394 * OPT 
 Greedy Value: 0.641514 * OPT

Run 94:
50000 47500 45125 42868.8 40725.3 38689 36754.6 34916.9 33171 31512.5 29936.8 28440 27018 25667.1 24383.7 23164.6 22006.3 20906 19860.7 18867.7 
Run 94 
 Result: 0.837099 * OPT 
 Greedy Value: 0.641514 * OPT

Run 95:
50000 47500 45125 42868.8 40725.3 38689 36754.6 34916.9 33171 31512.5 29936.8 28440 27018 25667.1 24383.7 23164.6 22006.3 20906 19860.7 18867.7 
Run 95 
 Result: 0.871394 * OPT 
 Greedy Value: 0.641514 * OPT

Run 96:
50000 47500 45125 42868.8 40725.3 38689 36754.6 34916.9 33171 31512.5 29936.8 28440 27018 25667.1 24383.7 23164.6 22006.3 20906 19860.7 18867.7 
Run 96 
 Result: 0.755582 * OPT 
 Greedy Value: 0.641514 * OPT

Run 97:
150000 42500 40375 38356.2 36438.4 34616.5 32885.7 31241.4 29679.3 28195.4 26785.6 25446.3 24174 22965.3 21817 20726.2 19689.9 18705.4 17770.1 16881.6 
Run 97 
 Result: 0.854246 * OPT 
 Greedy Value: 0.679249 * OPT

Run 98:
50000 47500 45125 42868.8 40725.3 38689 36754.6 34916.9 33171 31512.5 29936.8 28440 27018 25667.1 24383.7 23164.6 22006.3 20906 19860.7 18867.7 
Run 98 
 Result: 0.806555 * OPT 
 Greedy Value: 0.641514 * OPT

Run 99:
50000 47500 45125 42868.8 40725.3 38689 36754.6 34916.9 33171 31512.5 29936.8 28440 27018 25667.1 24383.7 23164.6 22006.3 20906 19860.7 18867.7 
Run 99 
 Result: 0.837099 * OPT 
 Greedy Value: 0.641514 * OPT

Min Improvement: 0.0358598 when Greedy Value = 0.737507, and Our result = 0.773367
Max Improvement: 0.358486 when Greedy Value = 0.641514, and Our result = 1
Avg Improvement: 19.4862
========================
New Run at 2026-01-27 15:30:13
========================
Run 0:
50000 47500 45125 42868.8 40725.3 38689 36754.6 34916.9 33171 31512.5 29936.8 28440 27018 25667.1 24383.7 23164.6 22006.3 20906 19860.7 18867.7 
Run 0 
 Result: 0.837099 * OPT 
 Greedy Value: 0.641514 * OPT

Run 1:
50000 47500 45125 42868.8 40725.3 38689 36754.6 34916.9 33171 31512.5 29936.8 28440 27018 25667.1 24383.7 23164.6 22006.3 20906 19860.7 18867.7 
Run 1 
 Result: 0.90975 * OPT 
 Greedy Value: 0.641514 * OPT

Run 2:
50000 47500 45125 42868.8 40725.3 38689 36754.6 34916.9 33171 31512.5 29936.8 28440 27018 25667.1 24383.7 23164.6 22006.3 20906 19860.7 18867.7 
Run 2 
 Result: 0.806555 * OPT 
 Greedy Value: 0.641514 * OPT

Run 3:
50000 47500 45125 42868.8 40725.3 38689 36754.6 34916.9 33171 31512.5 29936.8 28440 27018 25667.1 24383.7 23164.6 22006.3 20906 19860.7 18867.7 
Run 3 
 Result: 0.779472 * OPT 
 Greedy Value: 0.641514 * OPT

Run 4:
50000 47500 45125 42868.8 40725.3 38689 36754.6 34916.9 33171 31512.5 29936.8 28440 27018 25667.1 24383.7 23164.6 22006.3 20906 19860.7 18867.7 
Run 4 
 Result: 0.779472 * OPT 
 Greedy Value: 0.641514 * OPT

Run 5:
50000 47500 45125 42868.8 40725.3 38689 36754.6 34916.9 33171 31512.5 29936.8 28440 27018 25667.1 24383.7 23164.6 22006.3 20906 19860.7 18867.7 
Run 5 
 Result: 0.90975 * OPT 
 Greedy Value: 0.641514 * OPT

Run 6:
100000 45000 42750 40612.5 38581.9 36652.8 34820.1 33079.1 31425.2 29853.9 28361.2 26943.2 25596 24316.2 23100.4 21945.4 20848.1 19805.7 18815.4 17874.6 
Run 6 
 Result: 0.845673 * OPT 
 Greedy Value: 0.660382 * OPT

Run 7:
50000 47500 45125 42868.8 40725.3 38689 36754.6 34916.9 33171 31512.5 29936.8 28440 27018 25667.1 24383.7 23164.6 22006.3 20906 19860.7 18867.7 
Run 7 
 Result: 0.9525 * OPT 
 Greedy Value: 0.641514 * OPT

Run 8:
50000 47500 45125 42868.8 40725.3 38689 36754.6 34916.9 33171 31512.5 29936.8 28440 27018 25667.1 24383.7 23164.6 22006.3 20906 19860.7 18867.7 
Run 8 
 Result: 0.806555 * OPT 
 Greedy Value: 0.641514 * OPT

Run 9:
50000 47500 45125 42868.8 40725.3 38689 36754.6 34916.9 33171 31512.5 29936.8 28440 27018 25667.1 24383.7 23164.6 22006.3 20906 19860.7 18867.7 
Run 9 
 Result: 0.837099 * OPT 
 Greedy Value: 0.641514 * OPT

Run 10:
50000 47500 45125 42868.8 40725.3 38689 36754.6 34916.9 33171 31512.5 29936.8 28440 27018 25667.1 24383.7 23164.6 22006.3 20906 19860.7 18867.7 
Run 10 
 Result: 0.871394 * OPT 
 Greedy Value: 0.641514 * OPT

Run 11:
50000 47500 45125 42868.8 40725.3 38689 36754.6 34916.9 33171 31512.5 29936.8 28440 27018 25667.1 24383.7 23164.6 22006.3 20906 19860.7 18867.7 
Run 11 
 Result: 0.837099 * OPT 
 Greedy Value: 0.641514 * OPT

Run 12:
50000 47500 45125 42868.8 40725.3 38689 36754.6 34916.9 33171 31512.5 29936.8 28440 27018 25667.1 24383.7 23164.6 22006.3 20906 19860.7 18867.7 
Run 12 
 Result: 0.9525 * OPT 
 Greedy Value: 0.641514 * OPT

Run 13:
50000 47500 45125 42868.8 40725.3 38689 36754.6 34916.9 33171 31512.5 29936.8 28440 27018 25667.1 24383.7 23164.6 22006.3 20906 19860.7 18867.7 
Run 13 
 Result: 0.779472 * OPT 
 Greedy Value: 0.641514 * OPT

Run 14:
50000 47500 45125 42868.8 40725.3 38689 36754.6 34916.9 33171 31512.5 29936.8 28440 27018 25667.1 24383.7 23164.6 22006.3 20906 19860.7 18867.7 
Run 14 
 Result: 0.871394 * OPT 
 Greedy Value: 0.641514 * OPT

Run 15:
50000 47500 45125 42868.8 40725.3 38689 36754.6 34916.9 33171 31512.5 29936.8 28440 27018 25667.1 24383.7 23164.6 22006.3 20906 19860.7 18867.7 
Run 15 
 Result: 0.9525 * OPT 
 Greedy Value: 0.641514 * OPT

Run 16:
50000 47500 45125 42868.8 40725.3 38689 36754.6 34916.9 33171 31512.5 29936.8 28440 27018 25667.1 24383.7 23164.6 22006.3 20906 19860.7 18867.7 
Run 16 
 Result: 0.806555 * OPT 
 Greedy Value: 0.641514 * OPT

Run 17:
50000 47500 45125 42868.8 40725.3 38689 36754.6 34916.9 33171 31512.5 29936.8 28440 27018 25667.1 24383.7 23164.6 22006.3 20906 19860.7 18867.7 
Run 17 
 Result: 0.871394 * OPT 
 Greedy Value: 0.641514 * OPT

Run 18:
50000 47500 45125 42868.8 40725.3 38689 36754.6 34916.9 33171 31512.5 29936.8 28440 27018 25667.1 24383.7 23164.6 22006.3 20906 19860.7 18867.7 
Run 18 
 Result: 0.871394 * OPT 
 Greedy Value: 0.641514 * OPT

Run 19:
50000 47500 45125 42868.8 40725.3 38689 36754.6 34916.9 33171 31512.5 29936.8 28440 27018 25667.1 24383.7 23164.6 22006.3 20906 19860.7 18867.7 
Run 19 
 Result: 0.90975 * OPT 
 Greedy Value: 0.641514 * OPT

Run 20:
200000 80000 75000 35000 33250 31587.5 30008.1 28507.7 27082.3 25728.2 24441.8 23219.7 22058.7 20955.8 19908 18912.6 17967 17068.6 16215.2 15404.4 
Run 20 
 Result: 0.855812 * OPT 
 Greedy Value: 0.762316 * OPT

Run 21:
50000 47500 45125 42868.8 40725.3 38689 36754.6 34916.9 33171 31512.5 29936.8 28440 27018 25667.1 24383.7 23164.6 22006.3 20906 19860.7 18867.7 
Run 21 
 Result: 0.806555 * OPT 
 Greedy Value: 0.641514 * OPT

Run 22:
50000 47500 45125 42868.8 40725.3 38689 36754.6 34916.9 33171 31512.5 29936.8 28440 27018 25667.1 24383.7 23164.6 22006.3 20906 19860.7 18867.7 
Run 22 
 Result: 0.837099 * OPT 
 Greedy Value: 0.641514 * OPT

Run 23:
50000 47500 45125 42868.8 40725.3 38689 36754.6 34916.9 33171 31512.5 29936.8 28440 27018 25667.1 24383.7 23164.6 22006.3 20906 19860.7 18867.7 
Run 23 
 Result: 0.837099 * OPT 
 Greedy Value: 0.641514 * OPT

Run 24:
50000 47500 45125 42868.8 40725.3 38689 36754.6 34916.9 33171 31512.5 29936.8 28440 27018 25667.1 24383.7 23164.6 22006.3 20906 19860.7 18867.7 
Run 24 
 Result: 0.90975 * OPT 
 Greedy Value: 0.641514 * OPT

Run 25:
50000 47500 45125 42868.8 40725.3 38689 36754.6 34916.9 33171 31512.5 29936.8 28440 27018 25667.1 24383.7 23164.6 22006.3 20906 19860.7 18867.7 
Run 25 
 Result: 0.779472 * OPT 
 Greedy Value: 0.641514 * OPT

Run 26:
50000 47500 45125 42868.8 40725.3 38689 36754.6 34916.9 33171 31512.5 29936.8 28440 27018 25667.1 24383.7 23164.6 22006.3 20906 19860.7 18867.7 
Run 26 
 Result: 0.871394 * OPT 
 Greedy Value: 0.641514 * OPT

Run 27:
50000 47500 45125 42868.8 40725.3 38689 36754.6 34916.9 33171 31512.5 29936.8 28440 27018 25667.1 24383.7 23164.6 22006.3 20906 19860.7 18867.7 
Run 27 
 Result: 0.806555 * OPT 
 Greedy Value: 0.641514 * OPT

Run 28:
50000 47500 45125 42868.8 40725.3 38689 36754.6 34916.9 33171 31512.5 29936.8 28440 27018 25667.1 24383.7 23164.6 22006.3 20906 19860.7 18867.7 
Run 28 
 Result: 0.806555 * OPT 
 Greedy Value: 0.641514 * OPT

Run 29:
100000 90000 40500 38475 36551.2 34723.7 32987.5 31338.1 29771.2 28282.7 26868.5 25525.1 24248.8 23036.4 21884.6 20790.4 19750.8 18763.3 17825.1 16933.9 
Run 29 
 Result: 0.826382 * OPT 
 Greedy Value: 0.678256 * OPT

Run 30:
50000 47500 45125 42868.8 40725.3 38689 36754.6 34916.9 33171 31512.5 29936.8 28440 27018 25667.1 24383.7 23164.6 22006.3 20906 19860.7 18867.7 
Run 30 
 Result: 0.806555 * OPT 
 Greedy Value: 0.641514 * OPT

Run 31:
50000 47500 45125 42868.8 40725.3 38689 36754.6 34916.9 33171 31512.5 29936.8 28440 27018 25667.1 24383.7 23164.6 22006.3 20906 19860.7 18867.7 
Run 31 
 Result: 0.837099 * OPT 
 Greedy Value: 0.641514 * OPT

Run 32:
50000 47500 45125 42868.8 40725.3 38689 36754.6 34916.9 33171 31512.5 29936.8 28440 27018 25667.1 24383.7 23164.6 22006.3 20906 19860.7 18867.7 
Run 32 
 Result: 0.806555 * OPT 
 Greedy Value: 0.641514 * OPT

Run 33:
50000 47500 45125 42868.8 40725.3 38689 36754.6 34916.9 33171 31512.5 29936.8 28440 27018 25667.1 24383.7 23164.6 22006.3 20906 19860.7 18867.7 
Run 33 
 Result: 0.779472 * OPT 
 Greedy Value: 0.641514 * OPT

Run 34:
50000 47500 45125 42868.8 40725.3 38689 36754.6 34916.9 33171 31512.5 29936.8 28440 27018 25667.1 24383.7 23164.6 22006.3 20906 19860.7 18867.7 
Run 34 
 Result: 0.837099 * OPT 
 Greedy Value: 0.641514 * OPT

Run 35:
200000 47500 45125 42868.8 40725.3 38689 36754.6 34916.9 33171 31512.5 29936.8 28440 27018 25667.1 24383.7 23164.6 22006.3 20906 19860.7 18867.7 
Run 35 
 Result: 0.765784 * OPT 
 Greedy Value: 0.791514 * OPT

Run 36:
100000 90000 42500 40375 38356.2 36438.4 34616.5 32885.7 31241.4 29679.3 28195.4 26785.6 25446.3 24174 22965.3 21817 20726.2 19689.9 18705.4 17770.1 
Run 36 
 Result: 0.766069 * OPT 
 Greedy Value: 0.702368 * OPT

Run 37:
100000 45000 42750 40612.5 38581.9 36652.8 34820.1 33079.1 31425.2 29853.9 28361.2 26943.2 25596 24316.2 23100.4 21945.4 20848.1 19805.7 18815.4 17874.6 
Run 37 
 Result: 0.816736 * OPT 
 Greedy Value: 0.660382 * OPT

Run 38:
50000 47500 45125 42868.8 40725.3 38689 36754.6 34916.9 33171 31512.5 29936.8 28440 27018 25667.1 24383.7 23164.6 22006.3 20906 19860.7 18867.7 
Run 38 
 Result: 0.90975 * OPT 
 Greedy Value: 0.641514 * OPT

Run 39:
50000 47500 45125 42868.8 40725.3 38689 36754.6 34916.9 33171 31512.5 29936.8 28440 27018 25667.1 24383.7 23164.6 22006.3 20906 19860.7 18867.7 
Run 39 
 Result: 0.871394 * OPT 
 Greedy Value: 0.641514 * OPT

Run 40:
100000 90000 42500 40375 38356.2 36438.4 34616.5 32885.7 31241.4 29679.3 28195.4 26785.6 25446.3 24174 22965.3 21817 20726.2 19689.9 18705.4 17770.1 
Run 40 
 Result: 0.854575 * OPT 
 Greedy Value: 0.702368 * OPT

Run 41:
150000 47500 45125 42868.8 40725.3 38689 36754.6 34916.9 33171 31512.5 29936.8 28440 27018 25667.1 24383.7 23164.6 22006.3 20906 19860.7 18867.7 
Run 41 
 Result: 0.831555 * OPT 
 Greedy Value: 0.741514 * OPT

Run 42:
50000 47500 45125 42868.8 40725.3 38689 36754.6 34916.9 33171 31512.5 29936.8 28440 27018 25667.1 24383.7 23164.6 22006.3 20906 19860.7 18867.7 
Run 42 
 Result: 0.871394 * OPT 
 Greedy Value: 0.641514 * OPT

Run 43:
50000 47500 45125 42868.8 40725.3 38689 36754.6 34916.9 33171 31512.5 29936.8 28440 27018 25667.1 24383.7 23164.6 22006.3 20906 19860.7 18867.7 
Run 43 
 Result: 0.837099 * OPT 
 Greedy Value: 0.641514 * OPT

Run 44:
50000 47500 45125 42868.8 40725.3 38689 36754.6 34916.9 33171 31512.5 29936.8 28440 27018 25667.1 24383.7 23164.6 22006.3 20906 19860.7 18867.7 
Run 44 
 Result: 0.837099 * OPT 
 Greedy Value: 0.641514 * OPT

Run 45:
50000 47500 45125 42868.8 40725.3 38689 36754.6 34916.9 33171 31512.5 29936.8 28440 27018 25667.1 24383.7 23164.6 22006.3 20906 19860.7 18867.7 
Run 45 
 Result: 0.837099 * OPT 
 Greedy Value: 0.641514 * OPT

Run 46:
50000 47500 45125 42868.8 40725.3 38689 36754.6 34916.9 33171 31512.5 29936.8 28440 27018 25667.1 24383.7 23164.6 22006.3 20906 19860.7 18867.7 
Run 46 
 Result: 0.90975 * OPT 
 Greedy Value: 0.641514 * OPT

Run 47:
100000 45000 42750 40612.5 38581.9 36652.8 34820.1 33079.1 31425.2 29853.9 28361.2 26943.2 25596 24316.2 23100.4 21945.4 20848.1 19805.7 18815.4 17874.6 
Run 47 
 Result: 0.816736 * OPT 
 Greedy Value: 0.660382 * OPT

Run 48:
50000 47500 45125 42868.8 40725.3 38689 36754.6 34916.9 33171 31512.5 29936.8 28440 27018 25667.1 24383.7 23164.6 22006.3 20906 19860.7 18867.7 
Run 48 
 Result: 0.871394 * OPT 
 Greedy Value: 0.641514 * OPT

Run 49:
50000 47500 45125 42868.8 40725.3 38689 36754.6 34916.9 33171 31512.5 29936.8 28440 27018 25667.1 24383.7 23164.6 22006.3 20906 19860.7 18867.7 
Run 49 
 Result: 0.90975 * OPT 
 Greedy Value: 0.641514 * OPT

Run 50:
100000 47500 45125 42868.8 40725.3 38689 36754.6 34916.9 33171 31512.5 29936.8 28440 27018 25667.1 24383.7 23164.6 22006.3 20906 19860.7 18867.7 
Run 50 
 Result: 0.819055 * OPT 
 Greedy Value: 0.691514 * OPT

Run 51:
50000 47500 45125 42868.8 40725.3 38689 36754.6 34916.9 33171 31512.5 29936.8 28440 27018 25667.1 24383.7 23164.6 22006.3 20906 19860.7 18867.7 
Run 51 
 Result: 0.871394 * OPT 
 Greedy Value: 0.641514 * OPT

Run 52:
50000 47500 45125 42868.8 40725.3 38689 36754.6 34916.9 33171 31512.5 29936.8 28440 27018 25667.1 24383.7 23164.6 22006.3 20906 19860.7 18867.7 
Run 52 
 Result: 0.871394 * OPT 
 Greedy Value: 0.641514 * OPT

Run 53:
50000 47500 45125 42868.8 40725.3 38689 36754.6 34916.9 33171 31512.5 29936.8 28440 27018 25667.1 24383.7 23164.6 22006.3 20906 19860.7 18867.7 
Run 53 
 Result: 0.837099 * OPT 
 Greedy Value: 0.641514 * OPT

Run 54:
50000 47500 45125 42868.8 40725.3 38689 36754.6 34916.9 33171 31512.5 29936.8 28440 27018 25667.1 24383.7 23164.6 22006.3 20906 19860.7 18867.7 
Run 54 
 Result: 0.837099 * OPT 
 Greedy Value: 0.641514 * OPT

Run 55:
50000 47500 45125 42868.8 40725.3 38689 36754.6 34916.9 33171 31512.5 29936.8 28440 27018 25667.1 24383.7 23164.6 22006.3 20906 19860.7 18867.7 
Run 55 
 Result: 0.90975 * OPT 
 Greedy Value: 0.641514 * OPT

Run 56:
50000 47500 45125 42868.8 40725.3 38689 36754.6 34916.9 33171 31512.5 29936.8 28440 27018 25667.1 24383.7 23164.6 22006.3 20906 19860.7 18867.7 
Run 56 
 Result: 0.871394 * OPT 
 Greedy Value: 0.641514 * OPT

Run 57:
50000 47500 45125 42868.8 40725.3 38689 36754.6 34916.9 33171 31512.5 29936.8 28440 27018 25667.1 24383.7 23164.6 22006.3 20906 19860.7 18867.7 
Run 57 
 Result: 0.779472 * OPT 
 Greedy Value: 0.641514 * OPT

Run 58:
50000 47500 45125 42868.8 40725.3 38689 36754.6 34916.9 33171 31512.5 29936.8 28440 27018 25667.1 24383.7 23164.6 22006.3 20906 19860.7 18867.7 
Run 58 
 Result: 0.837099 * OPT 
 Greedy Value: 0.641514 * OPT

Run 59:
50000 47500 45125 42868.8 40725.3 38689 36754.6 34916.9 33171 31512.5 29936.8 28440 27018 25667.1 24383.7 23164.6 22006.3 20906 19860.7 18867.7 
Run 59 
 Result: 0.755582 * OPT 
 Greedy Value: 0.641514 * OPT

Run 60:
200000 47500 45125 42868.8 40725.3 38689 36754.6 34916.9 33171 31512.5 29936.8 28440 27018 25667.1 24383.7 23164.6 22006.3 20906 19860.7 18867.7 
Run 60 
 Result: 0.844055 * OPT 
 Greedy Value: 0.791514 * OPT

Run 61:
50000 47500 45125 42868.8 40725.3 38689 36754.6 34916.9 33171 31512.5 29936.8 28440 27018 25667.1 24383.7 23164.6 22006.3 20906 19860.7 18867.7 
Run 61 
 Result: 0.837099 * OPT 
 Greedy Value: 0.641514 * OPT

Run 62:
50000 47500 45125 42868.8 40725.3 38689 36754.6 34916.9 33171 31512.5 29936.8 28440 27018 25667.1 24383.7 23164.6 22006.3 20906 19860.7 18867.7 
Run 62 
 Result: 0.806555 * OPT 
 Greedy Value: 0.641514 * OPT

Run 63:
50000 47500 45125 42868.8 40725.3 38689 36754.6 34916.9 33171 31512.5 29936.8 28440 27018 25667.1 24383.7 23164.6 22006.3 20906 19860.7 18867.7 
Run 63 
 Result: 0.837099 * OPT 
 Greedy Value: 0.641514 * OPT

Run 64:
50000 47500 45125 42868.8 40725.3 38689 36754.6 34916.9 33171 31512.5 29936.8 28440 27018 25667.1 24383.7 23164.6 22006.3 20906 19860.7 18867.7 
Run 64 
 Result: 0.871394 * OPT 
 Greedy Value: 0.641514 * OPT

Run 65:
100000 45000 42750 40612.5 38581.9 36652.8 34820.1 33079.1 31425.2 29853.9 28361.2 26943.2 25596 24316.2 23100.4 21945.4 20848.1 19805.7 18815.4 17874.6 
Run 65 
 Result: 0.9145 * OPT 
 Greedy Value: 0.660382 * OPT

Run 66:
100000 45000 42750 40612.5 38581.9 36652.8 34820.1 33079.1 31425.2 29853.9 28361.2 26943.2 25596 24316.2 23100.4 21945.4 20848.1 19805.7 18815.4 17874.6 
Run 66 
 Result: 0.791079 * OPT 
 Greedy Value: 0.660382 * OPT

Run 67:
100000 45000 42750 40612.5 38581.9 36652.8 34820.1 33079.1 31425.2 29853.9 28361.2 26943.2 25596 24316.2 23100.4 21945.4 20848.1 19805.7 18815.4 17874.6 
Run 67 
 Result: 0.878163 * OPT 
 Greedy Value: 0.660382 * OPT

Run 68:
50000 47500 45125 42868.8 40725.3 38689 36754.6 34916.9 33171 31512.5 29936.8 28440 27018 25667.1 24383.7 23164.6 22006.3 20906 19860.7 18867.7 
Run 68 
 Result: 0.837099 * OPT 
 Greedy Value: 0.641514 * OPT

Run 69:
50000 47500 45125 42868.8 40725.3 38689 36754.6 34916.9 33171 31512.5 29936.8 28440 27018 25667.1 24383.7 23164.6 22006.3 20906 19860.7 18867.7 
Run 69 
 Result: 0.871394 * OPT 
 Greedy Value: 0.641514 * OPT

Run 70:
150000 85000 76500 71500 33250 31587.5 30008.1 28507.7 27082.3 25728.2 24441.8 23219.7 22058.7 20955.8 19908 18912.6 17967 17068.6 16215.2 15404.4 
Run 70 
 Result: 0.817246 * OPT 
 Greedy Value: 0.755316 * OPT

Run 71:
50000 47500 45125 42868.8 40725.3 38689 36754.6 34916.9 33171 31512.5 29936.8 28440 27018 25667.1 24383.7 23164.6 22006.3 20906 19860.7 18867.7 
Run 71 
 Result: 0.806555 * OPT 
 Greedy Value: 0.641514 * OPT

Run 72:
50000 47500 45125 42868.8 40725.3 38689 36754.6 34916.9 33171 31512.5 29936.8 28440 27018 25667.1 24383.7 23164.6 22006.3 20906 19860.7 18867.7 
Run 72 
 Result: 0.837099 * OPT 
 Greedy Value: 0.641514 * OPT

Run 73:
50000 47500 45125 42868.8 40725.3 38689 36754.6 34916.9 33171 31512.5 29936.8 28440 27018 25667.1 24383.7 23164.6 22006.3 20906 19860.7 18867.7 
Run 73 
 Result: 0.871394 * OPT 
 Greedy Value: 0.641514 * OPT

Run 74:
150000 42500 40375 38356.2 36438.4 34616.5 32885.7 31241.4 29679.3 28195.4 26785.6 25446.3 24174 22965.3 21817 20726.2 19689.9 18705.4 17770.1 16881.6 
Run 74 
 Result: 0.854246 * OPT 
 Greedy Value: 0.679249 * OPT

Run 75:
150000 42500 40375 38356.2 36438.4 34616.5 32885.7 31241.4 29679.3 28195.4 26785.6 25446.3 24174 22965.3 21817 20726.2 19689.9 18705.4 17770.1 16881.6 
Run 75 
 Result: 0.854246 * OPT 
 Greedy Value: 0.679249 * OPT

Run 76:
50000 47500 45125 42868.8 40725.3 38689 36754.6 34916.9 33171 31512.5 29936.8 28440 27018 25667.1 24383.7 23164.6 22006.3 20906 19860.7 18867.7 
Run 76 
 Result: 0.871394 * OPT 
 Greedy Value: 0.641514 * OPT

Run 77:
50000 47500 45125 42868.8 40725.3 38689 36754.6 34916.9 33171 31512.5 29936.8 28440 27018 25667.1 24383.7 23164.6 22006.3 20906 19860.7 18867.7 
Run 77 
 Result: 0.779472 * OPT 
 Greedy Value: 0.641514 * OPT

Run 78:
50000 47500 45125 42868.8 40725.3 38689 36754.6 34916.9 33171 31512.5 29936.8 28440 27018 25667.1 24383.7 23164.6 22006.3 20906 19860.7 18867.7 
Run 78 
 Result: 0.9525 * OPT 
 Greedy Value: 0.641514 * OPT

Run 79:
50000 47500 45125 42868.8 40725.3 38689 36754.6 34916.9 33171 31512.5 29936.8 28440 27018 25667.1 24383.7 23164.6 22006.3 20906 19860.7 18867.7 
Run 79 
 Result: 0.90975 * OPT 
 Greedy Value: 0.641514 * OPT

Run 80:
100000 45000 42750 40612.5 38581.9 36652.8 34820.1 33079.1 31425.2 29853.9 28361.2 26943.2 25596 24316.2 23100.4 21945.4 20848.1 19805.7 18815.4 17874.6 
Run 80 
 Result: 0.791079 * OPT 
 Greedy Value: 0.660382 * OPT

Run 81:
50000 47500 45125 42868.8 40725.3 38689 36754.6 34916.9 33171 31512.5 29936.8 28440 27018 25667.1 24383.7 23164.6 22006.3 20906 19860.7 18867.7 
Run 81 
 Result: 0.806555 * OPT 
 Greedy Value: 0.641514 * OPT

Run 82:
50000 47500 45125 42868.8 40725.3 38689 36754.6 34916.9 33171 31512.5 29936.8 28440 27018 25667.1 24383.7 23164.6 22006.3 20906 19860.7 18867.7 
Run 82 
 Result: 0.9525 * OPT 
 Greedy Value: 0.641514 * OPT

Run 83:
50000 47500 45125 42868.8 40725.3 38689 36754.6 34916.9 33171 31512.5 29936.8 28440 27018 25667.1 24383.7 23164.6 22006.3 20906 19860.7 18867.7 
Run 83 
 Result: 0.90975 * OPT 
 Greedy Value: 0.641514 * OPT

Run 84:
50000 47500 45125 42868.8 40725.3 38689 36754.6 34916.9 33171 31512.5 29936.8 28440 27018 25667.1 24383.7 23164.6 22006.3 20906 19860.7 18867.7 
Run 84 
 Result: 0.755582 * OPT 
 Greedy Value: 0.641514 * OPT

Run 85:
50000 47500 45125 42868.8 40725.3 38689 36754.6 34916.9 33171 31512.5 29936.8 28440 27018 25667.1 24383.7 23164.6 22006.3 20906 19860.7 18867.7 
Run 85 
 Result: 0.837099 * OPT 
 Greedy Value: 0.641514 * OPT

Run 86:
50000 47500 45125 42868.8 40725.3 38689 36754.6 34916.9 33171 31512.5 29936.8 28440 27018 25667.1 24383.7 23164.6 22006.3 20906 19860.7 18867.7 
Run 86 
 Result: 0.90975 * OPT 
 Greedy Value: 0.641514 * OPT

Run 87:
50000 47500 45125 42868.8 40725.3 38689 36754.6 34916.9 33171 31512.5 29936.8 28440 27018 25667.1 24383.7 23164.6 22006.3 20906 19860.7 18867.7 
Run 87 
 Result: 0.871394 * OPT 
 Greedy Value: 0.641514 * OPT

Run 88:
50000 47500 45125 42868.8 40725.3 38689 36754.6 34916.9 33171 31512.5 29936.8 28440 27018 25667.1 24383.7 23164.6 22006.3 20906 19860.7 18867.7 
Run 88 
 Result: 0.837099 * OPT 
 Greedy Value: 0.641514 * OPT

Run 89:
50000 47500 45125 42868.8 40725.3 38689 36754.6 34916.9 33171 31512.5 29936.8 28440 27018 25667.1 24383.7 23164.6 22006.3 20906 19860.7 18867.7 
Run 89 
 Result: 0.837099 * OPT 
 Greedy Value: 0.641514 * OPT

Run 90:
50000 47500 45125 42868.8 40725.3 38689 36754.6 34916.9 33171 31512.5 29936.8 28440 27018 25667.1 24383.7 23164.6 22006.3 20906 19860.7 18867.7 
Run 90 
 Result: 0.806555 * OPT 
 Greedy Value: 0.641514 * OPT

Run 91:
50000 47500 45125 42868.8 40725.3 38689 36754.6 34916.9 33171 31512.5 29936.8 28440 27018 25667.1 24383.7 23164.6 22006.3 20906 19860.7 18867.7 
Run 91 
 Result: 0.837099 * OPT 
 Greedy Value: 0.641514 * OPT

Run 92:
50000 47500 45125 42868.8 40725.3 38689 36754.6 34916.9 33171 31512.5 29936.8 28440 27018 25667.1 24383.7 23164.6 22006.3 20906 19860.7 18867.7 
Run 92 
 Result: 0.837099 * OPT 
 Greedy Value: 0.641514 * OPT

Run 93:
50000 47500 45125 42868.8 40725.3 38689 36754.6 34916.9 33171 31512.5 29936.8 28440 27018 25667.1 24383.7 23164.6 22006.3 20906 19860.7 18867.7 
Run 93 
 Result: 0.806555 * OPT 
 Greedy Value: 0.641514 * OPT

Run 94:
50000 47500 45125 42868.8 40725.3 38689 36754.6 34916.9 33171 31512.5 29936.8 28440 27018 25667.1 24383.7 23164.6 22006.3 20906 19860.7 18867.7 
Run 94 
 Result: 0.871394 * OPT 
 Greedy Value: 0.641514 * OPT

Run 95:
100000 45000 42750 40612.5 38581.9 36652.8 34820.1 33079.1 31425.2 29853.9 28361.2 26943.2 25596 24316.2 23100.4 21945.4 20848.1 19805.7 18815.4 17874.6 
Run 95 
 Result: 0.791079 * OPT 
 Greedy Value: 0.660382 * OPT

Run 96:
100000 90000 40500 38475 36551.2 34723.7 32987.5 31338.1 29771.2 28282.7 26868.5 25525.1 24248.8 23036.4 21884.6 20790.4 19750.8 18763.3 17825.1 16933.9 
Run 96 
 Result: 0.826382 * OPT 
 Greedy Value: 0.678256 * OPT

Run 97:
50000 47500 45125 42868.8 40725.3 38689 36754.6 34916.9 33171 31512.5 29936.8 28440 27018 25667.1 24383.7 23164.6 22006.3 20906 19860.7 18867.7 
Run 97 
 Result: 0.806555 * OPT 
 Greedy Value: 0.641514 * OPT

Run 98:
50000 47500 45125 42868.8 40725.3 38689 36754.6 34916.9 33171 31512.5 29936.8 28440 27018 25667.1 24383.7 23164.6 22006.3 20906 19860.7 18867.7 
Run 98 
 Result: 0.806555 * OPT 
 Greedy Value: 0.641514 * OPT

Run 99:
50000 47500 45125 42868.8 40725.3 38689 36754.6 34916.9 33171 31512.5 29936.8 28440 27018 25667.1 24383.7 23164.6 22006.3 20906 19860.7 18867.7 
Run 99 
 Result: 0.806555 * OPT 
 Greedy Value: 0.641514 * OPT

Min Improvement: -0.0257301 when Greedy Value = 0.791514, and Our result = 0.765784
Max Improvement: 0.310986 when Greedy Value = 0.641514, and Our result = 0.9525
Avg Improvement: 19.1748
========================
New Run at 2026-01-27 15:31:46
========================
Run 0:
50000 47500 45125 42868.8 40725.3 38689 36754.6 34916.9 33171 31512.5 29936.8 28440 27018 25667.1 24383.7 23164.6 22006.3 20906 19860.7 18867.7 
Run 0 
 Result: 0.90975 * OPT 
 Greedy Value: 0.641514 * OPT

Run 1:
50000 47500 45125 42868.8 40725.3 38689 36754.6 34916.9 33171 31512.5 29936.8 28440 27018 25667.1 24383.7 23164.6 22006.3 20906 19860.7 18867.7 
Run 1 
 Result: 0.837099 * OPT 
 Greedy Value: 0.641514 * OPT

Run 2:
50000 47500 45125 42868.8 40725.3 38689 36754.6 34916.9 33171 31512.5 29936.8 28440 27018 25667.1 24383.7 23164.6 22006.3 20906 19860.7 18867.7 
Run 2 
 Result: 0.9525 * OPT 
 Greedy Value: 0.641514 * OPT

Run 3:
50000 47500 45125 42868.8 40725.3 38689 36754.6 34916.9 33171 31512.5 29936.8 28440 27018 25667.1 24383.7 23164.6 22006.3 20906 19860.7 18867.7 
Run 3 
 Result: 0.871394 * OPT 
 Greedy Value: 0.641514 * OPT

Run 4:
50000 47500 45125 42868.8 40725.3 38689 36754.6 34916.9 33171 31512.5 29936.8 28440 27018 25667.1 24383.7 23164.6 22006.3 20906 19860.7 18867.7 
Run 4 
 Result: 0.871394 * OPT 
 Greedy Value: 0.641514 * OPT

Run 5:
50000 47500 45125 42868.8 40725.3 38689 36754.6 34916.9 33171 31512.5 29936.8 28440 27018 25667.1 24383.7 23164.6 22006.3 20906 19860.7 18867.7 
Run 5 
 Result: 0.871394 * OPT 
 Greedy Value: 0.641514 * OPT

Run 6:
100000 90000 42500 40375 38356.2 36438.4 34616.5 32885.7 31241.4 29679.3 28195.4 26785.6 25446.3 24174 22965.3 21817 20726.2 19689.9 18705.4 17770.1 
Run 6 
 Result: 0.827808 * OPT 
 Greedy Value: 0.702368 * OPT

Run 7:
50000 47500 45125 42868.8 40725.3 38689 36754.6 34916.9 33171 31512.5 29936.8 28440 27018 25667.1 24383.7 23164.6 22006.3 20906 19860.7 18867.7 
Run 7 
 Result: 0.837099 * OPT 
 Greedy Value: 0.641514 * OPT

Run 8:
50000 47500 45125 42868.8 40725.3 38689 36754.6 34916.9 33171 31512.5 29936.8 28440 27018 25667.1 24383.7 23164.6 22006.3 20906 19860.7 18867.7 
Run 8 
 Result: 0.806555 * OPT 
 Greedy Value: 0.641514 * OPT

Run 9:
50000 47500 45125 42868.8 40725.3 38689 36754.6 34916.9 33171 31512.5 29936.8 28440 27018 25667.1 24383.7 23164.6 22006.3 20906 19860.7 18867.7 
Run 9 
 Result: 0.90975 * OPT 
 Greedy Value: 0.641514 * OPT

Run 10:
100000 47500 45125 42868.8 40725.3 38689 36754.6 34916.9 33171 31512.5 29936.8 28440 27018 25667.1 24383.7 23164.6 22006.3 20906 19860.7 18867.7 
Run 10 
 Result: 0.819055 * OPT 
 Greedy Value: 0.691514 * OPT

Run 11:
50000 47500 45125 42868.8 40725.3 38689 36754.6 34916.9 33171 31512.5 29936.8 28440 27018 25667.1 24383.7 23164.6 22006.3 20906 19860.7 18867.7 
Run 11 
 Result: 0.871394 * OPT 
 Greedy Value: 0.641514 * OPT

Run 12:
100000 90000 85000 40000 38000 36100 34295 32580.2 30951.2 29403.7 27933.5 26536.8 25210 23949.5 22752 21614.4 20533.7 19507 18531.6 17605.1 
Run 12 
 Result: 0.83825 * OPT 
 Greedy Value: 0.740504 * OPT

Run 13:
50000 47500 45125 42868.8 40725.3 38689 36754.6 34916.9 33171 31512.5 29936.8 28440 27018 25667.1 24383.7 23164.6 22006.3 20906 19860.7 18867.7 
Run 13 
 Result: 0.871394 * OPT 
 Greedy Value: 0.641514 * OPT

Run 14:
50000 47500 45125 42868.8 40725.3 38689 36754.6 34916.9 33171 31512.5 29936.8 28440 27018 25667.1 24383.7 23164.6 22006.3 20906 19860.7 18867.7 
Run 14 
 Result: 0.806555 * OPT 
 Greedy Value: 0.641514 * OPT

Run 15:
50000 47500 45125 42868.8 40725.3 38689 36754.6 34916.9 33171 31512.5 29936.8 28440 27018 25667.1 24383.7 23164.6 22006.3 20906 19860.7 18867.7 
Run 15 
 Result: 0.837099 * OPT 
 Greedy Value: 0.641514 * OPT

Run 16:
50000 47500 45125 42868.8 40725.3 38689 36754.6 34916.9 33171 31512.5 29936.8 28440 27018 25667.1 24383.7 23164.6 22006.3 20906 19860.7 18867.7 
Run 16 
 Result: 0.837099 * OPT 
 Greedy Value: 0.641514 * OPT

Run 17:
50000 47500 45125 42868.8 40725.3 38689 36754.6 34916.9 33171 31512.5 29936.8 28440 27018 25667.1 24383.7 23164.6 22006.3 20906 19860.7 18867.7 
Run 17 
 Result: 0.90975 * OPT 
 Greedy Value: 0.641514 * OPT

Run 18:
50000 47500 45125 42868.8 40725.3 38689 36754.6 34916.9 33171 31512.5 29936.8 28440 27018 25667.1 24383.7 23164.6 22006.3 20906 19860.7 18867.7 
Run 18 
 Result: 0.871394 * OPT 
 Greedy Value: 0.641514 * OPT

Run 19:
50000 47500 45125 42868.8 40725.3 38689 36754.6 34916.9 33171 31512.5 29936.8 28440 27018 25667.1 24383.7 23164.6 22006.3 20906 19860.7 18867.7 
Run 19 
 Result: 0.806555 * OPT 
 Greedy Value: 0.641514 * OPT

Run 20:
50000 47500 45125 42868.8 40725.3 38689 36754.6 34916.9 33171 31512.5 29936.8 28440 27018 25667.1 24383.7 23164.6 22006.3 20906 19860.7 18867.7 
Run 20 
 Result: 0.837099 * OPT 
 Greedy Value: 0.641514 * OPT

Run 21:
50000 47500 45125 42868.8 40725.3 38689 36754.6 34916.9 33171 31512.5 29936.8 28440 27018 25667.1 24383.7 23164.6 22006.3 20906 19860.7 18867.7 
Run 21 
 Result: 0.871394 * OPT 
 Greedy Value: 0.641514 * OPT

Run 22:
50000 47500 45125 42868.8 40725.3 38689 36754.6 34916.9 33171 31512.5 29936.8 28440 27018 25667.1 24383.7 23164.6 22006.3 20906 19860.7 18867.7 
Run 22 
 Result: 0.90975 * OPT 
 Greedy Value: 0.641514 * OPT

Run 23:
50000 47500 45125 42868.8 40725.3 38689 36754.6 34916.9 33171 31512.5 29936.8 28440 27018 25667.1 24383.7 23164.6 22006.3 20906 19860.7 18867.7 
Run 23 
 Result: 0.837099 * OPT 
 Greedy Value: 0.641514 * OPT

Run 24:
50000 47500 45125 42868.8 40725.3 38689 36754.6 34916.9 33171 31512.5 29936.8 28440 27018 25667.1 24383.7 23164.6 22006.3 20906 19860.7 18867.7 
Run 24 
 Result: 0.871394 * OPT 
 Greedy Value: 0.641514 * OPT

Run 25:
50000 47500 45125 42868.8 40725.3 38689 36754.6 34916.9 33171 31512.5 29936.8 28440 27018 25667.1 24383.7 23164.6 22006.3 20906 19860.7 18867.7 
Run 25 
 Result: 0.837099 * OPT 
 Greedy Value: 0.641514 * OPT

Run 26:
50000 47500 45125 42868.8 40725.3 38689 36754.6 34916.9 33171 31512.5 29936.8 28440 27018 25667.1 24383.7 23164.6 22006.3 20906 19860.7 18867.7 
Run 26 
 Result: 0.837099 * OPT 
 Greedy Value: 0.641514 * OPT

Run 27:
50000 47500 45125 42868.8 40725.3 38689 36754.6 34916.9 33171 31512.5 29936.8 28440 27018 25667.1 24383.7 23164.6 22006.3 20906 19860.7 18867.7 
Run 27 
 Result: 0.779472 * OPT 
 Greedy Value: 0.641514 * OPT

Run 28:
100000 45000 42750 40612.5 38581.9 36652.8 34820.1 33079.1 31425.2 29853.9 28361.2 26943.2 25596 24316.2 23100.4 21945.4 20848.1 19805.7 18815.4 17874.6 
Run 28 
 Result: 0.878163 * OPT 
 Greedy Value: 0.660382 * OPT

Run 29:
50000 47500 45125 42868.8 40725.3 38689 36754.6 34916.9 33171 31512.5 29936.8 28440 27018 25667.1 24383.7 23164.6 22006.3 20906 19860.7 18867.7 
Run 29 
 Result: 0.871394 * OPT 
 Greedy Value: 0.641514 * OPT

Run 30:
50000 47500 45125 42868.8 40725.3 38689 36754.6 34916.9 33171 31512.5 29936.8 28440 27018 25667.1 24383.7 23164.6 22006.3 20906 19860.7 18867.7 
Run 30 
 Result: 0.871394 * OPT 
 Greedy Value: 0.641514 * OPT

Run 31:
50000 47500 45125 42868.8 40725.3 38689 36754.6 34916.9 33171 31512.5 29936.8 28440 27018 25667.1 24383.7 23164.6 22006.3 20906 19860.7 18867.7 
Run 31 
 Result: 0.837099 * OPT 
 Greedy Value: 0.641514 * OPT

Run 32:
50000 47500 45125 42868.8 40725.3 38689 36754.6 34916.9 33171 31512.5 29936.8 28440 27018 25667.1 24383.7 23164.6 22006.3 20906 19860.7 18867.7 
Run 32 
 Result: 0.806555 * OPT 
 Greedy Value: 0.641514 * OPT

Run 33:
50000 47500 45125 42868.8 40725.3 38689 36754.6 34916.9 33171 31512.5 29936.8 28440 27018 25667.1 24383.7 23164.6 22006.3 20906 19860.7 18867.7 
Run 33 
 Result: 0.779472 * OPT 
 Greedy Value: 0.641514 * OPT

Run 34:
50000 47500 45125 42868.8 40725.3 38689 36754.6 34916.9 33171 31512.5 29936.8 28440 27018 25667.1 24383.7 23164.6 22006.3 20906 19860.7 18867.7 
Run 34 
 Result: 0.734632 * OPT 
 Greedy Value: 0.641514 * OPT

Run 35:
150000 127500 72250 32512.5 30886.9 29342.5 27875.4 26481.6 25157.6 23899.7 22704.7 21569.5 20491 19466.4 18493.1 17568.5 16690 15855.5 15062.8 14309.6 
Run 35 
 Result: 0.814629 * OPT 
 Greedy Value: 0.728117 * OPT

Run 36:
100000 47500 45125 42868.8 40725.3 38689 36754.6 34916.9 33171 31512.5 29936.8 28440 27018 25667.1 24383.7 23164.6 22006.3 20906 19860.7 18867.7 
Run 36 
 Result: 0.819055 * OPT 
 Greedy Value: 0.691514 * OPT

Run 37:
50000 47500 45125 42868.8 40725.3 38689 36754.6 34916.9 33171 31512.5 29936.8 28440 27018 25667.1 24383.7 23164.6 22006.3 20906 19860.7 18867.7 
Run 37 
 Result: 0.90975 * OPT 
 Greedy Value: 0.641514 * OPT

Run 38:
100000 45000 42750 40612.5 38581.9 36652.8 34820.1 33079.1 31425.2 29853.9 28361.2 26943.2 25596 24316.2 23100.4 21945.4 20848.1 19805.7 18815.4 17874.6 
Run 38 
 Result: 0.816736 * OPT 
 Greedy Value: 0.660382 * OPT

Run 39:
50000 47500 45125 42868.8 40725.3 38689 36754.6 34916.9 33171 31512.5 29936.8 28440 27018 25667.1 24383.7 23164.6 22006.3 20906 19860.7 18867.7 
Run 39 
 Result: 0.837099 * OPT 
 Greedy Value: 0.641514 * OPT

Run 40:
150000 42500 40375 38356.2 36438.4 34616.5 32885.7 31241.4 29679.3 28195.4 26785.6 25446.3 24174 22965.3 21817 20726.2 19689.9 18705.4 17770.1 16881.6 
Run 40 
 Result: 0.884931 * OPT 
 Greedy Value: 0.679249 * OPT

Run 41:
50000 47500 45125 42868.8 40725.3 38689 36754.6 34916.9 33171 31512.5 29936.8 28440 27018 25667.1 24383.7 23164.6 22006.3 20906 19860.7 18867.7 
Run 41 
 Result: 0.9525 * OPT 
 Greedy Value: 0.641514 * OPT

Run 42:
50000 47500 45125 42868.8 40725.3 38689 36754.6 34916.9 33171 31512.5 29936.8 28440 27018 25667.1 24383.7 23164.6 22006.3 20906 19860.7 18867.7 
Run 42 
 Result: 0.871394 * OPT 
 Greedy Value: 0.641514 * OPT

Run 43:
50000 47500 45125 42868.8 40725.3 38689 36754.6 34916.9 33171 31512.5 29936.8 28440 27018 25667.1 24383.7 23164.6 22006.3 20906 19860.7 18867.7 
Run 43 
 Result: 0.871394 * OPT 
 Greedy Value: 0.641514 * OPT

Run 44:
50000 47500 45125 42868.8 40725.3 38689 36754.6 34916.9 33171 31512.5 29936.8 28440 27018 25667.1 24383.7 23164.6 22006.3 20906 19860.7 18867.7 
Run 44 
 Result: 0.90975 * OPT 
 Greedy Value: 0.641514 * OPT

Run 45:
100000 45000 42750 40612.5 38581.9 36652.8 34820.1 33079.1 31425.2 29853.9 28361.2 26943.2 25596 24316.2 23100.4 21945.4 20848.1 19805.7 18815.4 17874.6 
Run 45 
 Result: 0.845673 * OPT 
 Greedy Value: 0.660382 * OPT

Run 46:
100000 45000 42750 40612.5 38581.9 36652.8 34820.1 33079.1 31425.2 29853.9 28361.2 26943.2 25596 24316.2 23100.4 21945.4 20848.1 19805.7 18815.4 17874.6 
Run 46 
 Result: 0.845673 * OPT 
 Greedy Value: 0.660382 * OPT

Run 47:
50000 47500 45125 42868.8 40725.3 38689 36754.6 34916.9 33171 31512.5 29936.8 28440 27018 25667.1 24383.7 23164.6 22006.3 20906 19860.7 18867.7 
Run 47 
 Result: 0.871394 * OPT 
 Greedy Value: 0.641514 * OPT

Run 48:
50000 47500 45125 42868.8 40725.3 38689 36754.6 34916.9 33171 31512.5 29936.8 28440 27018 25667.1 24383.7 23164.6 22006.3 20906 19860.7 18867.7 
Run 48 
 Result: 0.837099 * OPT 
 Greedy Value: 0.641514 * OPT

Run 49:
50000 47500 45125 42868.8 40725.3 38689 36754.6 34916.9 33171 31512.5 29936.8 28440 27018 25667.1 24383.7 23164.6 22006.3 20906 19860.7 18867.7 
Run 49 
 Result: 0.837099 * OPT 
 Greedy Value: 0.641514 * OPT

Run 50:
50000 47500 45125 42868.8 40725.3 38689 36754.6 34916.9 33171 31512.5 29936.8 28440 27018 25667.1 24383.7 23164.6 22006.3 20906 19860.7 18867.7 
Run 50 
 Result: 0.837099 * OPT 
 Greedy Value: 0.641514 * OPT

Run 51:
100000 45000 42750 40612.5 38581.9 36652.8 34820.1 33079.1 31425.2 29853.9 28361.2 26943.2 25596 24316.2 23100.4 21945.4 20848.1 19805.7 18815.4 17874.6 
Run 51 
 Result: 0.768446 * OPT 
 Greedy Value: 0.660382 * OPT

Run 52:
50000 47500 45125 42868.8 40725.3 38689 36754.6 34916.9 33171 31512.5 29936.8 28440 27018 25667.1 24383.7 23164.6 22006.3 20906 19860.7 18867.7 
Run 52 
 Result: 0.806555 * OPT 
 Greedy Value: 0.641514 * OPT

Run 53:
50000 47500 45125 42868.8 40725.3 38689 36754.6 34916.9 33171 31512.5 29936.8 28440 27018 25667.1 24383.7 23164.6 22006.3 20906 19860.7 18867.7 
Run 53 
 Result: 0.779472 * OPT 
 Greedy Value: 0.641514 * OPT

Run 54:
50000 47500 45125 42868.8 40725.3 38689 36754.6 34916.9 33171 31512.5 29936.8 28440 27018 25667.1 24383.7 23164.6 22006.3 20906 19860.7 18867.7 
Run 54 
 Result: 0.871394 * OPT 
 Greedy Value: 0.641514 * OPT

Run 55:
100000 95000 85500 76950 71950 32377.5 30758.6 29220.7 27759.7 26371.7 25053.1 23800.4 22610.4 21479.9 20405.9 19385.6 18416.3 17495.5 16620.7 15789.7 
Run 55 
 Result: 0.797282 * OPT 
 Greedy Value: 0.776946 * OPT

Run 56:
50000 47500 45125 42868.8 40725.3 38689 36754.6 34916.9 33171 31512.5 29936.8 28440 27018 25667.1 24383.7 23164.6 22006.3 20906 19860.7 18867.7 
Run 56 
 Result: 0.871394 * OPT 
 Greedy Value: 0.641514 * OPT

Run 57:
50000 47500 45125 42868.8 40725.3 38689 36754.6 34916.9 33171 31512.5 29936.8 28440 27018 25667.1 24383.7 23164.6 22006.3 20906 19860.7 18867.7 
Run 57 
 Result: 0.806555 * OPT 
 Greedy Value: 0.641514 * OPT

Run 58:
50000 47500 45125 42868.8 40725.3 38689 36754.6 34916.9 33171 31512.5 29936.8 28440 27018 25667.1 24383.7 23164.6 22006.3 20906 19860.7 18867.7 
Run 58 
 Result: 0.871394 * OPT 
 Greedy Value: 0.641514 * OPT

Run 59:
200000 47500 45125 42868.8 40725.3 38689 36754.6 34916.9 33171 31512.5 29936.8 28440 27018 25667.1 24383.7 23164.6 22006.3 20906 19860.7 18867.7 
Run 59 
 Result: 0.808082 * OPT 
 Greedy Value: 0.791514 * OPT

Run 60:
50000 47500 45125 42868.8 40725.3 38689 36754.6 34916.9 33171 31512.5 29936.8 28440 27018 25667.1 24383.7 23164.6 22006.3 20906 19860.7 18867.7 
Run 60 
 Result: 0.871394 * OPT 
 Greedy Value: 0.641514 * OPT

Run 61:
50000 47500 45125 42868.8 40725.3 38689 36754.6 34916.9 33171 31512.5 29936.8 28440 27018 25667.1 24383.7 23164.6 22006.3 20906 19860.7 18867.7 
Run 61 
 Result: 0.9525 * OPT 
 Greedy Value: 0.641514 * OPT

Run 62:
50000 47500 45125 42868.8 40725.3 38689 36754.6 34916.9 33171 31512.5 29936.8 28440 27018 25667.1 24383.7 23164.6 22006.3 20906 19860.7 18867.7 
Run 62 
 Result: 0.755582 * OPT 
 Greedy Value: 0.641514 * OPT

Run 63:
50000 47500 45125 42868.8 40725.3 38689 36754.6 34916.9 33171 31512.5 29936.8 28440 27018 25667.1 24383.7 23164.6 22006.3 20906 19860.7 18867.7 
Run 63 
 Result: 0.871394 * OPT 
 Greedy Value: 0.641514 * OPT

Run 64:
50000 47500 45125 42868.8 40725.3 38689 36754.6 34916.9 33171 31512.5 29936.8 28440 27018 25667.1 24383.7 23164.6 22006.3 20906 19860.7 18867.7 
Run 64 
 Result: 1 * OPT 
 Greedy Value: 0.641514 * OPT

Run 65:
50000 47500 45125 42868.8 40725.3 38689 36754.6 34916.9 33171 31512.5 29936.8 28440 27018 25667.1 24383.7 23164.6 22006.3 20906 19860.7 18867.7 
Run 65 
 Result: 0.90975 * OPT 
 Greedy Value: 0.641514 * OPT

Run 66:
50000 47500 45125 42868.8 40725.3 38689 36754.6 34916.9 33171 31512.5 29936.8 28440 27018 25667.1 24383.7 23164.6 22006.3 20906 19860.7 18867.7 
Run 66 
 Result: 0.871394 * OPT 
 Greedy Value: 0.641514 * OPT

Run 67:
50000 47500 45125 42868.8 40725.3 38689 36754.6 34916.9 33171 31512.5 29936.8 28440 27018 25667.1 24383.7 23164.6 22006.3 20906 19860.7 18867.7 
Run 67 
 Result: 0.837099 * OPT 
 Greedy Value: 0.641514 * OPT

Run 68:
50000 47500 45125 42868.8 40725.3 38689 36754.6 34916.9 33171 31512.5 29936.8 28440 27018 25667.1 24383.7 23164.6 22006.3 20906 19860.7 18867.7 
Run 68 
 Result: 0.806555 * OPT 
 Greedy Value: 0.641514 * OPT

Run 69:
50000 47500 45125 42868.8 40725.3 38689 36754.6 34916.9 33171 31512.5 29936.8 28440 27018 25667.1 24383.7 23164.6 22006.3 20906 19860.7 18867.7 
Run 69 
 Result: 0.837099 * OPT 
 Greedy Value: 0.641514 * OPT

Run 70:
50000 47500 45125 42868.8 40725.3 38689 36754.6 34916.9 33171 31512.5 29936.8 28440 27018 25667.1 24383.7 23164.6 22006.3 20906 19860.7 18867.7 
Run 70 
 Result: 0.837099 * OPT 
 Greedy Value: 0.641514 * OPT

Run 71:
100000 45000 42750 40612.5 38581.9 36652.8 34820.1 33079.1 31425.2 29853.9 28361.2 26943.2 25596 24316.2 23100.4 21945.4 20848.1 19805.7 18815.4 17874.6 
Run 71 
 Result: 0.878163 * OPT 
 Greedy Value: 0.660382 * OPT

Run 72:
50000 47500 45125 42868.8 40725.3 38689 36754.6 34916.9 33171 31512.5 29936.8 28440 27018 25667.1 24383.7 23164.6 22006.3 20906 19860.7 18867.7 
Run 72 
 Result: 0.871394 * OPT 
 Greedy Value: 0.641514 * OPT

Run 73:
50000 47500 45125 42868.8 40725.3 38689 36754.6 34916.9 33171 31512.5 29936.8 28440 27018 25667.1 24383.7 23164.6 22006.3 20906 19860.7 18867.7 
Run 73 
 Result: 0.779472 * OPT 
 Greedy Value: 0.641514 * OPT

Run 74:
100000 47500 45125 42868.8 40725.3 38689 36754.6 34916.9 33171 31512.5 29936.8 28440 27018 25667.1 24383.7 23164.6 22006.3 20906 19860.7 18867.7 
Run 74 
 Result: 0.819055 * OPT 
 Greedy Value: 0.691514 * OPT

Run 75:
50000 47500 45125 42868.8 40725.3 38689 36754.6 34916.9 33171 31512.5 29936.8 28440 27018 25667.1 24383.7 23164.6 22006.3 20906 19860.7 18867.7 
Run 75 
 Result: 0.9525 * OPT 
 Greedy Value: 0.641514 * OPT

Run 76:
50000 47500 45125 42868.8 40725.3 38689 36754.6 34916.9 33171 31512.5 29936.8 28440 27018 25667.1 24383.7 23164.6 22006.3 20906 19860.7 18867.7 
Run 76 
 Result: 0.837099 * OPT 
 Greedy Value: 0.641514 * OPT

Run 77:
50000 47500 45125 42868.8 40725.3 38689 36754.6 34916.9 33171 31512.5 29936.8 28440 27018 25667.1 24383.7 23164.6 22006.3 20906 19860.7 18867.7 
Run 77 
 Result: 0.806555 * OPT 
 Greedy Value: 0.641514 * OPT

Run 78:
50000 47500 45125 42868.8 40725.3 38689 36754.6 34916.9 33171 31512.5 29936.8 28440 27018 25667.1 24383.7 23164.6 22006.3 20906 19860.7 18867.7 
Run 78 
 Result: 0.779472 * OPT 
 Greedy Value: 0.641514 * OPT

Run 79:
50000 47500 45125 42868.8 40725.3 38689 36754.6 34916.9 33171 31512.5 29936.8 28440 27018 25667.1 24383.7 23164.6 22006.3 20906 19860.7 18867.7 
Run 79 
 Result: 0.837099 * OPT 
 Greedy Value: 0.641514 * OPT

Run 80:
50000 47500 45125 42868.8 40725.3 38689 36754.6 34916.9 33171 31512.5 29936.8 28440 27018 25667.1 24383.7 23164.6 22006.3 20906 19860.7 18867.7 
Run 80 
 Result: 0.90975 * OPT 
 Greedy Value: 0.641514 * OPT

Run 81:
50000 47500 45125 42868.8 40725.3 38689 36754.6 34916.9 33171 31512.5 29936.8 28440 27018 25667.1 24383.7 23164.6 22006.3 20906 19860.7 18867.7 
Run 81 
 Result: 0.779472 * OPT 
 Greedy Value: 0.641514 * OPT

Run 82:
100000 90000 40500 38475 36551.2 34723.7 32987.5 31338.1 29771.2 28282.7 26868.5 25525.1 24248.8 23036.4 21884.6 20790.4 19750.8 18763.3 17825.1 16933.9 
Run 82 
 Result: 0.853795 * OPT 
 Greedy Value: 0.678256 * OPT

Run 83:
50000 47500 45125 42868.8 40725.3 38689 36754.6 34916.9 33171 31512.5 29936.8 28440 27018 25667.1 24383.7 23164.6 22006.3 20906 19860.7 18867.7 
Run 83 
 Result: 0.837099 * OPT 
 Greedy Value: 0.641514 * OPT

Run 84:
100000 45000 42750 40612.5 38581.9 36652.8 34820.1 33079.1 31425.2 29853.9 28361.2 26943.2 25596 24316.2 23100.4 21945.4 20848.1 19805.7 18815.4 17874.6 
Run 84 
 Result: 0.845673 * OPT 
 Greedy Value: 0.660382 * OPT

Run 85:
100000 47500 45125 42868.8 40725.3 38689 36754.6 34916.9 33171 31512.5 29936.8 28440 27018 25667.1 24383.7 23164.6 22006.3 20906 19860.7 18867.7 
Run 85 
 Result: 0.794472 * OPT 
 Greedy Value: 0.691514 * OPT

Run 86:
50000 47500 45125 42868.8 40725.3 38689 36754.6 34916.9 33171 31512.5 29936.8 28440 27018 25667.1 24383.7 23164.6 22006.3 20906 19860.7 18867.7 
Run 86 
 Result: 0.779472 * OPT 
 Greedy Value: 0.641514 * OPT

Run 87:
100000 95000 90000 40500 38475 36551.2 34723.7 32987.5 31338.1 29771.2 28282.7 26868.5 25525.1 24248.8 23036.4 21884.6 20790.4 19750.8 18763.3 17825.1 
Run 87 
 Result: 0.840994 * OPT 
 Greedy Value: 0.756322 * OPT

Run 88:
150000 42500 40375 38356.2 36438.4 34616.5 32885.7 31241.4 29679.3 28195.4 26785.6 25446.3 24174 22965.3 21817 20726.2 19689.9 18705.4 17770.1 16881.6 
Run 88 
 Result: 0.854246 * OPT 
 Greedy Value: 0.679249 * OPT

Run 89:
50000 47500 45125 42868.8 40725.3 38689 36754.6 34916.9 33171 31512.5 29936.8 28440 27018 25667.1 24383.7 23164.6 22006.3 20906 19860.7 18867.7 
Run 89 
 Result: 0.9525 * OPT 
 Greedy Value: 0.641514 * OPT

Run 90:
100000 90000 40500 38475 36551.2 34723.7 32987.5 31338.1 29771.2 28282.7 26868.5 25525.1 24248.8 23036.4 21884.6 20790.4 19750.8 18763.3 17825.1 16933.9 
Run 90 
 Result: 0.826382 * OPT 
 Greedy Value: 0.678256 * OPT

Run 91:
50000 47500 45125 42868.8 40725.3 38689 36754.6 34916.9 33171 31512.5 29936.8 28440 27018 25667.1 24383.7 23164.6 22006.3 20906 19860.7 18867.7 
Run 91 
 Result: 0.837099 * OPT 
 Greedy Value: 0.641514 * OPT

Run 92:
50000 47500 45125 42868.8 40725.3 38689 36754.6 34916.9 33171 31512.5 29936.8 28440 27018 25667.1 24383.7 23164.6 22006.3 20906 19860.7 18867.7 
Run 92 
 Result: 0.871394 * OPT 
 Greedy Value: 0.641514 * OPT

Run 93:
100000 45000 42750 40612.5 38581.9 36652.8 34820.1 33079.1 31425.2 29853.9 28361.2 26943.2 25596 24316.2 23100.4 21945.4 20848.1 19805.7 18815.4 17874.6 
Run 93 
 Result: 0.816736 * OPT 
 Greedy Value: 0.660382 * OPT

Run 94:
50000 47500 45125 42868.8 40725.3 38689 36754.6 34916.9 33171 31512.5 29936.8 28440 27018 25667.1 24383.7 23164.6 22006.3 20906 19860.7 18867.7 
Run 94 
 Result: 0.837099 * OPT 
 Greedy Value: 0.641514 * OPT

Run 95:
50000 47500 45125 42868.8 40725.3 38689 36754.6 34916.9 33171 31512.5 29936.8 28440 27018 25667.1 24383.7 23164.6 22006.3 20906 19860.7 18867.7 
Run 95 
 Result: 0.779472 * OPT 
 Greedy Value: 0.641514 * OPT

Run 96:
50000 47500 45125 42868.8 40725.3 38689 36754.6 34916.9 33171 31512.5 29936.8 28440 27018 25667.1 24383.7 23164.6 22006.3 20906 19860.7 18867.7 
Run 96 
 Result: 0.806555 * OPT 
 Greedy Value: 0.641514 * OPT

Run 97:
150000 85000 38250 36337.5 34520.6 32794.6 31154.9 29597.1 28117.3 26711.4 25375.8 24107 22901.7 21756.6 20668.8 19635.3 18653.6 17720.9 16834.8 15993.1 
Run 97 
 Result: 0.836027 * OPT 
 Greedy Value: 0.696131 * OPT

Run 98:
50000 47500 45125 42868.8 40725.3 38689 36754.6 34916.9 33171 31512.5 29936.8 28440 27018 25667.1 24383.7 23164.6 22006.3 20906 19860.7 18867.7 
Run 98 
 Result: 0.871394 * OPT 
 Greedy Value: 0.641514 * OPT

Run 99:
50000 47500 45125 42868.8 40725.3 38689 36754.6 34916.9 33171 31512.5 29936.8 28440 27018 25667.1 24383.7 23164.6 22006.3 20906 19860.7 18867.7 
Run 99 
 Result: 0.779472 * OPT 
 Greedy Value: 0.641514 * OPT

Min Improvement: 0.0165679 when Greedy Value = 0.791514, and Our result = 0.808082
Max Improvement: 0.358486 when Greedy Value = 0.641514, and Our result = 1
Avg Improvement: 19.3314
