975093
49973.5 47412.4 44982.5 44264.5 41911.6 38260.6 36299.8 35720.4 32608.7 32088.3 29293 28825.5 26314.4 24965.8 23686.3 22472.4 21320.7 20980.4 19152.8 18847.1 
532927
27312.5 25912.7 25499.1 24143.7 22040.5 20910.9 20577.2 18784.7 18484.9 16874.6 16605.3 15722.6 14353 14123.9 14104.5 13313.7 11488.4 10899.6 10725.6 10155.5 
463463
24636 23326.4 23294.3 20100.6 19070.4 18093.1 17804.3 17779.8 15342.1 14555.8 13809.8 13589.4 12867.1 11746.2 11558.7 10944.3 9990.92 9478.88 9327.59 8515.05 
455946
23367.2 22994.3 22962.7 19814.4 19498.1 19471.3 17426.6 16500.3 15062.9 14291 14062.9 12837.8 12632.9 12615.6 10885.9 10328 9798.7 9296.51 8820.07 8679.29 
543174
28873.1 26357.9 25937.2 23677.8 22464.3 22105.8 22075.4 20837.7 18649.6 17658.3 16719.6 15263.1 15019.5 13711.2 13492.3 12775.1 11662.3 11064.6 10888 9939.49 
313760
17590.4 15743.3 15721.6 14070.7 13322.8 13304.4 12558.6 10836.7 10281.3 9754.42 9254.51 8780.21 8640.07 8180.8 7745.94 7071.18 6708.78 6364.96 6038.75 5942.37 
423991
21729.5 20615.9 19559.3 18556.9 18260.7 17290.1 17266.3 14899 14661.2 13881.9 13862.8 13085.6 11291.5 11111.3 10143.4 9981.45 9111.96 8644.97 8201.91 7781.56 
565225
28967.8 28505.4 26990.2 24639 23376.3 22178.2 21824.3 20664.2 19565.7 19538.8 16860 15995.9 15176.1 14933.9 14140.1 14120.6 12184.6 11560.2 11375.6 10384.7 
970365
49731.2 47182.5 44764.4 44049.9 41708.4 38075.1 37467.4 37415.9 32286 31770.7 30081.9 28482.8 26001.6 25586.6 23357.7 22160.7 21806.9 20647.8 20619.4 17792.4 
356968
20012.8 17269 16383.9 16122.4 16100.2 14409.6 14389.8 12416.9 11780.5 11592.5 11576.5 10927.5 9429.3 9278.8 8470.51 8335.32 7892.24 7881.39 6800.82 6692.27 
502476
25751.9 25340.9 25306 23887.3 22548.1 19456.6 19146.1 17478.3 17199.3 16285 14866.4 14104.5 13879.4 12670.3 12468.1 12451 11752.9 10141.5 9621.79 9468.22 
700051
42350.6 33707.1 31979.7 30340.7 29856.4 27255.6 26820.6 26783.7 23111.5 22742.6 21533.7 21504.1 18555.8 18259.6 16669 15814.7 15004.2 14764.7 14744.4 13196.1 
446442
25029 23625.8 22301.3 19959.4 18220.7 17929.9 16976.8 15498 15250.6 13922.1 13699.9 12506.5 11865.5 11676.1 10659 10112.7 9594.45 9102.73 8957.44 8177.15 
906179
48169.1 45608.6 41635.6 40971 40914.7 35305.1 34741.6 34693.8 29937.2 29459.3 26893.1 26463.8 24158.5 23772.9 21702.1 21355.7 20220.5 20192.7 18072.3 18047.4 
456595
24270.9 22156.6 21803 20644 19546.6 17843.9 16929.4 16659.2 15773.7 14399.6 13661.6 13443.6 12272.5 12076.6 11024.6 10848.6 10833.7 9348.36 9199.15 8397.8 
685808
38448.6 33177.2 32647.6 29803.6 28276.2 27824.9 25401 24099.2 22864.1 21692.4 20580.6 20252.1 20224.3 19090.4 17085.8 15597.4 15348.5 14011.4 13787.8 13768.8 
514970
26392.2 25971 23708.6 22493.5 21340.7 20247 19209.4 18224.9 17934 17909.3 16028.7 14632.4 13882.5 13171 12960.8 12271.9 11619.5 11001.9 10986.8 9833.05 
870784
46287.6 46224 41370 37766.2 35830.7 35258.8 32187.4 30537.8 28972.7 28510.3 28471.1 24567.6 23308.5 22936.5 20938.4 19865.3 18847.2 18546.4 16930.8 16063.1 
40274
2064.04 1958.26 1927 1759.14 1731.06 1728.68 1491.67 1467.86 1340 1318.61 1203.74 1142.05 1123.82 1064.08 971.391 921.607 906.897 827.896 785.466 745.211 
455523
24213.9 22104.6 21751.8 21721.9 18743.7 18444.5 16837.8 15974.9 15719.9 14884.3 14093.1 12865.4 12206.1 12011.2 11372.8 10768.2 9830.21 9673.31 8830.65 8689.7 
793674
40675.8 38591.2 37975.2 35956.6 32824.4 32300.4 29486.7 27975.5 26541.8 25181.5 24779.6 23462.4 22215.2 21034.3 19202 18895.5 17891.1 16332.6 15495.5 14701.4 
255475
15455.3 12758.5 12080.3 11438.2 11422.5 10223 9332.47 9183.52 8695.36 7937.89 7531.08 7410.87 7400.68 6386.02 6058.73 5748.22 5656.47 5355.8 5071.1 5064.13 
150328
8427.88 7542.88 6885.81 6775.9 6185.65 5868.63 5774.96 5271.9 5001.71 4921.88 4660.25 4254.29 4036.26 3971.84 3625.84 3567.97 3378.31 3373.67 3184.53 2747.91 
145820
8821.6 7021.17 6661.33 6319.94 6219.07 6210.52 5359.03 5273.49 4814.11 4567.39 4333.31 4111.23 3900.53 3700.62 3641.56 3447.99 3147.63 2986.31 2938.65 2682.66 
485252
24869.2 23594.6 22385.4 22028.1 20109.2 19078.6 18100.8 17811.9 16865.1 15396 14606.9 14373.8 13121.7 12912.2 11787.4 11183.3 10610.2 10440.8 9885.83 9872.24 
681233
36211.8 36162 31204 29604.8 29132.3 26594.5 26170.1 23890.4 22666 21504.4 21161.1 21132 18913 18887 17828.1 15383.8 15138.2 15117.4 14269.9 12313.4 
294316
15644.7 14281.9 13550 12855.5 12196.7 12002 10956.5 10781.6 9842.41 9685.32 9170.48 9157.87 8196.22 8184.95 7726.07 6666.79 6325.12 6224.16 5681.97 5390.77 
733990
39016.2 38962.5 36778.1 32916.1 31166.4 31123.6 26856.4 26427.7 24125.6 22889.1 21716.1 20603.1 20274.3 20246.4 17470.5 16575.2 15725.7 15474.7 14126.7 13402.7 
45673
2340.74 2220.78 2185.33 2069.17 1959.18 1855.04 1756.43 1663.06 1660.78 1486.38 1407.37 1405.44 1326.64 1187.33 1185.7 1119.23 965.776 916.28 901.655 823.11 
924938
49166.2 46552.7 42497.5 41819.2 38176.2 37566.9 35570 32471.4 31953.2 29169.7 28704.1 26203.7 25785.4 23539.2 22332.8 21188.3 20102.4 19072.1 18094.7 17167.3 
211550
10841.9 10668.9 9739.51 9584.05 8749.18 8609.53 8151.88 7718.55 7046.18 6685.07 6342.46 6017.4 5709.01 5416.43 5138.83 5056.81 4788.01 4781.43 4125.87 4060.02 
78890
4772.57 4155.27 3585.56 3528.33 3220.97 3055.9 2899.28 2750.7 2609.72 2475.97 2436.46 2224.21 2110.22 2002.07 1899.47 1802.12 1709.76 1682.47 1535.91 1511.39 
709324
36352.9 34489.8 33939.3 33892.6 29245.8 27746.9 26324.9 25904.7 23648.1 22436.2 21286.3 20195.4 19160.4 18178.4 17246.8 16971.5 16948.2 14624.5 14391.1 13626.1 
557510
28572.4 27108.1 25718.8 24400.7 23150.1 22780.6 20796.2 19730.4 19415.5 18383.4 18358.1 17328.9 14953 14186.7 13960.3 12744.2 12540.8 11874.1 11857.8 10232.1 
56691
3812.88 2964.52 2558.07 2517.24 2383.44 2380.16 2053.83 1948.57 1917.47 1815.54 1657.39 1630.93 1488.86 1412.56 1340.16 1318.77 1203.89 1184.68 1081.48 1064.22 
190144
9744.88 9245.45 9097.89 8305.36 7879.71 7753.94 7341.77 6702.22 6358.73 6257.24 5924.63 5408.52 5322.2 4858.58 4781.03 4774.45 4273.09 3900.86 3838.6 3504.21 
423053
22487.9 22457 19378 18384.9 17442.7 16548.8 15700.6 14896 14132.6 13408.3 12721.1 12069.1 11876.5 11245.2 11229.7 10050.5 9516.25 8687.28 8548.62 7803.94 
414620
21249.3 20910.1 19088.6 18783.9 17785.4 16840 15944.9 14555.9 13809.9 13589.5 12405.7 12207.7 11558.8 11542.9 9960.3 9801.32 8947.52 8804.71 8336.68 7610.46 
126031
6459.09 6128.06 6030.25 6021.96 5196.32 4930.01 4677.35 4602.69 4201.75 3986.41 3922.78 3714.26 3709.15 3200.61 3036.58 2880.95 2733.31 2593.22 2460.32 2421.05 
596919
30592.1 30103.8 27481.4 26073 24736.8 24341.9 22221.5 21866.8 21836.7 19543.7 18504.8 18479.4 17443.4 15051.8 14811.6 14024.2 12802.6 12146.4 11952.6 10911.4 
583169
32694.4 30861.4 26630.2 25265.4 23970.5 23587.9 23555.5 20325.9 20001.5 18259.2 17323.4 16435.6 15593.2 15344.3 14007.7 13289.8 12608.7 11962.5 11771.6 10746.1 
28827
1477.38 1453.8 1327.16 1259.14 1239.05 1237.34 1067.7 1050.66 994.807 941.927 859.874 815.806 773.996 734.328 696.694 685.574 684.631 612.739 559.363 550.435 
304473
15604.2 15355.2 15334.1 13231.7 13020.5 11886.3 11277.1 10699.2 10528.4 10513.9 9924.46 9368.06 8083.66 7669.37 7276.32 7160.18 7150.34 6169.99 5853.78 5760.35 
880538
45127.6 42814.8 42131.4 38461.3 36490.2 34620 32845.8 32321.5 29505.9 27993.8 26559.1 25197.9 23906.5 22681.3 22319.3 21132.9 21103.8 19920.7 17828.8 16275.7 
475038
73076.3 20600.5 19544.8 18543.1 17592.8 16691.1 15835.7 15024.1 14784.3 13496.4 12804.8 12600.4 11502.7 11319.1 10717.5 10147.8 9263.78 8789.01 8648.73 7895.32 
318388
21413.9 15219.9 14439.9 14209.4 14189.9 12244.4 11616.9 11431.4 10435.6 9900.81 9742.79 8894.08 8752.12 8286.89 7565.01 7444.26 6795.78 6687.32 6331.84 5995.27 
923822
47345.9 44919.4 44202.4 41852.8 38207 36248.8 35670.3 32563 32043.2 31999.2 28639 27116.7 25675.2 23438.6 22237.4 21097.7 20761 20732.4 17889.9 17604.4 
258338
13239.8 13028.5 12336 11680.2 10662.7 10492.6 9578.53 9087.63 8942.58 8163.58 8033.28 7333.5 7216.44 6587.81 6482.66 5917.95 5823.49 5316.2 5043.74 4963.24 
775615
41228.8 37637.3 35708.4 35138.4 32077.5 30433.5 28873.8 27394 25990.1 24658.1 23394.4 23021 22989.3 21700.4 18725.2 17765.6 16855.1 15991.2 15736 14365.2 
8371
429.014 407.027 400.53 379.24 378.718 326.794 321.578 293.565 288.879 263.715 250.199 246.206 245.867 220.049 219.747 189.618 179.9 170.681 167.956 153.325 
549956
28185.2 27735.4 25319.3 24021.7 23638.3 23605.8 20369.3 20044.2 20016.7 17272.3 16996.6 16973.2 16021.7 14339.2 13090.1 12881.2 12196.5 11548.2 11532.3 9951.15 
116747
5983.28 5676.64 5586.03 5099.43 4838.08 4760.86 4754.32 4102.48 3892.23 3692.75 3503.5 3447.58 3147.25 3097.02 2827.23 2682.34 2639.53 2499.22 2366.37 2160.23 
350105
17942.9 17656.5 16118.4 15861.1 15018 13709.8 13007.2 12340.5 11708.1 11108.1 10930.8 10915.7 9419.13 8936.4 8793.77 8781.68 7577.67 7456.72 6807.16 6458.29 
112108
6285.14 5625.15 5617.41 4847.24 4769.87 4516.32 4510.12 4257.26 3673.57 3614.94 3300.04 3130.91 2970.45 2923.04 2767.66 2526.57 2486.24 2354.08 2228.95 2034.78 
527023
28014.6 25574.2 24263.5 23876.2 21796.3 20679.3 20349.2 19267.5 19241 16603 15752.1 14944.8 14706.3 13425.2 13210.9 13192.7 11384 10800.5 10628.1 10063.2 
672626
37709.6 32539.5 30871.8 29289.6 27788.5 26364.4 25943.6 25907.9 22355.8 21210.1 20871.5 19053.4 18749.3 17752.6 17728.2 15297.6 14513.6 14282 14262.3 12306.9 
622150
33071.2 31313.2 28585.5 27120.5 25730.6 24411.9 23160.8 21973.8 21623 19739.4 19424.4 18391.8 17414.2 17390.3 15564.1 14736.8 13453.1 12763.6 12559.9 11892.2 
874068
46462.2 42414.8 40241 39598.7 36149.3 34296.6 32538.9 30871.3 30378.5 30336.8 28636 24709.9 23443.5 22242 21102.1 20765.3 18956.4 18653.8 17028.9 16757.1 
918640
48831.5 44577.7 42293.1 41618 37992.6 37386.2 37334.8 32216.1 31701.9 28940.3 27457.1 26049.9 24714.8 23448.2 23073.9 21063.9 20727.7 18922.1 17952.4 17665.8 
813823
41708.4 41042.7 38861 38807.6 33486.9 32952.4 30081.9 28540.2 28084.7 25638.2 25229 23887.9 22618.1 22587 20215.2 19140.6 18123.2 17159.8 16247.6 14832.3 
660861
33869.1 32133.3 31620.4 31577 27247.6 25851.2 24526.3 23269.3 22076.8 21724.4 19832 19515.4 17815.4 16902.4 16036.1 15780.2 15758.5 13597.9 12901 12695.1 
215182
11028.1 10462.9 10295.9 9399 9248.98 8443.29 8010.57 7882.72 7463.7 7066.96 6691.3 6335.62 5998.84 5476.28 5195.62 5112.69 4667.32 4592.82 4586.51 4104.88 
409514
20987.6 19912 18891.5 17923.3 17004.7 16133.2 15875.7 14492.8 14261.5 13019.1 12351.9 12154.7 12138 10473.9 9937.07 9427.8 8944.62 8486.21 8350.76 7623.31 
589605
30217.3 28668.6 28211 28172.3 26592.8 25101.9 23694.6 21206.5 20079.2 20051.6 17302.5 16415.7 16153.7 16131.5 13919.8 13206.4 12995.6 12304.8 11232.9 11053.6 
119883
6144 5829.12 5736.08 5431.18 5142.47 4869.12 4444.96 4374.02 4141.51 3780.74 3720.39 3396.31 3342.1 3050.96 2894.6 2746.25 2702.42 2467.01 2340.57 2220.62 
977404
54796.5 47283.6 44860.3 44144.3 41797.8 41740.3 36017.5 35442.7 32355.2 30697 29123.8 27631.2 26215.1 25796.7 23549.5 22342.6 21986 20817.3 19003.8 18700.5 
173879
11694.6 8311.95 8179.28 8168.04 7048.16 6686.94 6344.24 6019.1 5710.62 5619.47 5129.95 4867.04 4789.36 4782.77 4280.54 3907.66 3707.39 3648.21 3330.41 3277.26 
177846
9453.63 9440.63 8146.28 7728.78 7332.68 6956.88 6600.34 6494.99 5929.2 5625.33 5337.03 5063.51 4804.01 4557.8 4485.05 4478.89 3864.81 3803.13 3797.9 3277.19 
140203
9429.66 6702.13 6595.16 6020.65 5924.55 5609.62 5120.96 4858.51 4780.97 4364.49 4140.81 3928.59 3727.25 3667.76 3348.26 3294.82 3119.68 2847.92 2802.46 2558.34 
112311
5755.94 5460.95 5181.07 4915.54 4663.62 4424.61 4197.85 3982.71 3778.6 3718.29 3713.17 3323.26 3146.61 2979.34 2719.81 2580.42 2448.17 2322.7 2285.63 2282.49 
76815
3936.77 3873.93 3868.61 3338.2 3167.12 3116.57 2950.91 2693.85 2650.85 2509.94 2291.3 2254.73 2058.31 2025.46 1917.8 1815.85 1657.67 1572.72 1492.11 1415.64 
369550
19643.9 18599.7 17611 16076.9 15252.9 15009.5 13702 13483.3 12308.8 11677.9 11491.5 10490.5 9952.86 9794 9780.53 8439.58 8304.87 7581.42 7192.88 7078.07 
825074
42285 41610.1 39398.3 35966.3 34123 32374.2 30715 29140.9 27647.4 26230.5 25811.8 24439.7 24406.1 21059.9 20723.8 20695.3 18522.1 16908.6 16042.1 15786 
131051
6716.36 6609.16 6033.43 5937.13 5419.94 5142.17 5060.09 4619.3 4382.56 4312.61 3936.93 3735.17 3675.55 3355.37 3301.81 3297.27 2845.2 2799.79 2650.96 2420.03 
728078
38701.9 35330.5 34766.6 34718.8 29958.7 28423.3 26966.6 25584.6 24273.4 23885.9 21805.2 20687.7 19627.5 19314.2 19287.6 18206.3 15710.1 14905 14141.1 13416.4 
352577
18069.6 17781.2 16232.2 15400.3 14611.1 13862.2 13641 13622.2 11754.6 11152.1 10974.1 10018.2 9504.73 9017.62 8873.69 8861.49 7646.54 7524.49 7124.52 6503.89 
650216
34563 31552.2 31048.6 28343.9 26891.3 25513.1 24205.6 22965 22598.5 21397.2 20259.8 18495 18199.8 16614.4 16349.2 15480.1 14657.3 13878.1 12669.2 12467 
694989
38963.4 33621.3 31898.2 30263.4 29780.4 28197.4 26698.5 24372.8 23983.8 23950.8 22608 20234 18471.4 17524.7 17245 17221.3 14860.2 14623 13349.2 12665 
317991
48917.3 13790 13083.3 12412.8 11776.6 11173.1 10994.7 10979.6 9474.26 9323.04 8510.9 8074.71 7945.83 7253.66 7137.88 6516.09 6182.14 6083.47 5760.1 5258.33 
560016
28700.8 28242.7 28203.9 24337 23089.7 22721.2 20741.9 20410.9 18632.9 18335.4 17360.8 15848.5 15595.5 15574.1 13438.8 12750.1 12546.6 11879.6 11248.2 10650.2 
38680
2168.53 1871.21 1775.31 1746.98 1654.11 1651.84 1425.37 1352.32 1330.73 1259.99 1193.02 1191.38 1124.59 970.4 954.911 871.727 857.814 783.088 742.955 704.879 
302701
16090.5 14688.8 14454.3 14434.5 12455.4 12256.6 11188.9 11010.4 10051.2 9536.11 9383.9 8566.45 8127.42 7997.7 7986.71 6891.69 6538.49 6203.4 5885.47 5583.84 
590168
30246.1 29763.3 27170.6 25778.1 25366.7 23157 22787.3 22756 19636.1 19322.7 17639.4 16735.4 15877.7 15624.3 14793.8 14007.4 12787.2 12583.1 11487 10898.3 
461332
23643.3 22431.5 21281.9 20942.2 19117.9 18812.8 17812.8 16865.9 15969.4 14578.3 13831.1 13122.3 12449.8 12251.1 11183.9 10610.7 10066.9 9906.21 9043.27 8898.93 
831256
50288.1 47245.8 41134.9 35495.1 33676 31950.1 31440.1 29768.9 27175.7 25782.9 24461.5 23207.9 22837.5 20848.1 19779.6 19463.9 19437.1 16772.2 15912.6 15097.1 
731383
38877.6 36811 34854.3 33001.5 30126.7 29645.9 27063.4 26631.4 24311.5 23065.6 22697.4 21490.9 19618.8 18613.3 18316.2 17342.6 16420.8 14990.3 14222.1 13995.1 
755552
38722 36737.5 36151.2 33002 32475.2 32430.6 29025.1 28985.2 25941.5 24562.5 24528.8 21165.8 20827.9 19013.6 18039.1 17751.2 16204.9 15374.4 15129 13811.1 
336066
20330.8 19100.9 15202.5 14423.4 14193.2 13438.7 13420.2 12667.9 10931 10370.8 9839.31 9335.05 9186.05 8697.75 8685.8 7494.94 7110.82 6997.32 6987.7 6029.66 
235456
12067.1 11448.7 11265.9 11250.5 10619.7 9163.71 8694.07 8555.3 7810.04 7409.77 7030.02 6669.73 6563.28 5991.54 5895.91 5382.31 5296.4 5014.87 4748.29 4741.77 
124462
6615.93 6606.84 5701.01 5610.02 5311.81 4849.09 4600.57 4527.14 4286.5 3913.1 3712.55 3522.28 3341.76 3170.5 3008.01 2960 2802.66 2653.68 2422.51 2298.36 
404145
20712.4 19650.9 19337.3 19310.7 17282.9 15777.4 15525.5 14173.1 13446.7 13232.1 12079.4 11460.4 11277.4 10295 9767.42 9611.52 8774.25 8324.57 7897.93 7493.17 
858872
44017.2 41761.3 41094.8 38910.3 35520.8 33700.3 31973.2 30334.6 28779.9 27305 25905.6 25492.1 25457 24029.8 22682.6 20300.8 18532.3 17582.6 16681.5 16415.2 
800766
44893.6 40179.3 36679.3 34799.5 33016 32489 29658.9 28138.8 26696.7 25328.5 24030.4 23646.9 21587 21242.4 19392 18398.1 18104.5 17142.1 17118.5 16158.8 
576103
29525.3 28012.1 27565 27527.1 23753 23373.9 21337.8 20997.2 20968.3 18093.5 17804.7 17780.2 15342.5 14556.2 13810.2 13102.4 12430.9 11793.8 11189.4 11010.8 
864781
45968.5 41964.1 41294.3 37697.1 35765.2 33932.2 32193.2 31679.3 31635.8 27298.4 26862.7 24522.6 24131.2 22029.1 20900.1 19829 19512.5 19485.7 16814.1 16545.7 
420534
23576.5 20344.1 19301.4 18312.2 17373.7 17096.4 15607.1 15358 14020.2 13796.4 13777.4 11888.5 11279.2 10701.1 10530.3 9613.03 9459.59 8635.55 8192.98 7773.09 
145300
7723.6 7050.79 6938.25 6333.85 6009.24 5913.33 5398.21 5312.05 5029.68 4762.32 4755.77 4256.38 3885.6 3823.58 3818.32 3417.36 3412.67 3054.3 2788.24 2743.74 
651408
39407.9 32531.6 30802.4 28119.1 26678 25310.8 24013.6 22782.9 22419.3 20466.3 19417.4 18422.3 17478.1 17199.1 15700.9 14896.2 14658.5 13879.3 13860.2 12404.8 
688478
35284.5 34721.3 31696.7 31190.8 31147.9 27877.1 25448.7 24144.4 22907 21733.1 20619.2 19562.5 18559.9 18263.7 16672.7 15818.2 15007.5 14768 13481.6 13266.4 
605307
32175.9 32131.6 30330.2 26171.8 25754.1 24385.1 24351.6 21794.4 19895.9 18876.2 18574.9 16956.8 16686.2 16663.3 14378.7 14149.2 12916.6 12254.6 12059 12042.4 
