515758
17478.5 17306 16299.7 15747.3 15213.6 14698.1 14553 13706.8 13571.5 12782.3 12349.2 11930.7 11526.3 11412.6 10749 10642.9 10273.2 9916.44 9339.81 9023.3 8717.51 8631.48 8331.7 8042.33 7574.67 7499.92 7239.44 6988 6745.3 6353.07 
338453
11755 11071.4 10962.2 10581.4 9966.14 9867.8 9525.07 9194.25 8874.92 8358.86 8075.58 7801.91 7537.51 7463.13 7029.16 6959.79 6555.09 6332.94 6118.33 5910.98 5852.65 5649.38 5453.17 5263.77 4957.69 4789.68 4627.36 4470.55 4319.04 4172.68 
522093
18800.3 17056 16887.7 15905.7 15748.8 14833 14330.3 14188.9 13696.1 12899.7 12462.5 12339.5 11911 11218.4 11107.7 10721.9 10098.4 9998.75 9651.48 9090.25 9000.55 8687.95 8182.75 8102 7630.88 7372.28 7299.53 7046 6636.29 6570.8 
413773
14022.3 13547.1 13088 12644.5 12216 12095.4 11392.1 11006 10633 10528.1 10162.4 9809.49 9239.08 9147.91 8615.96 8530.94 8034.87 7955.59 7679.28 7232.73 7161.36 6744.93 6516.36 6452.05 6076.87 5870.93 5813 5474.98 5420.95 5105.73 
778516
28033.9 25433 24571.1 23738.4 23504.2 22137.4 21387.2 20662.4 20458.5 19748 18599.6 18416.1 17776.5 17159.1 16161.3 15613.6 15084.5 14935.6 14416.9 13578.6 13444.6 12977.6 12526.9 11798.5 11398.6 11286.1 10629.9 10269.6 10168.3 9577 
318287
11054.6 10411.8 10058.9 9959.66 9613.75 9279.85 8740.23 8444.04 8157.88 8077.37 7796.83 7526.04 7264.65 6842.22 6774.7 6539.4 6312.28 6093.04 5738.74 5682.11 5484.76 5165.83 4990.76 4941.51 4654.17 4496.44 4452.07 4297.45 4148.19 4004.12 
701084
25245.6 22903.4 22677.4 21889.8 21129.5 19900.9 19704.5 18558.7 17929.7 17752.8 17136.2 16541.1 15966.6 15038.1 14889.7 14372.6 13536.8 13078.1 12949 12196.1 12075.7 11656.3 10978.5 10606.4 10501.8 9891.11 9555.91 9232.07 8919.21 8831.19 
145618
4934.83 4886.13 4716.43 4442.18 4291.64 4249.29 4002.19 3866.56 3828.41 3605.79 3483.59 3365.54 3332.33 3216.59 3104.87 2997.04 2822.76 2727.1 2634.68 2545.4 2459.14 2375.8 2352.35 2270.65 2138.62 2066.14 2045.75 1926.79 1861.5 1798.41 
507706
17205.6 16622.5 16059.2 15515 15361.9 14468.6 13978.3 13840.3 13359.6 12582.8 12156.4 11744.4 11628.5 11224.6 10834.8 10458.5 10095.2 9508.2 9185.98 9095.33 8566.45 8276.14 7995.67 7916.77 7641.81 7376.4 6947.47 6878.91 6478.91 6259.34 
747576
25334.5 24476 23646.5 22845.1 22619.7 21834.1 20564.5 19867.6 19194.3 18543.8 17915.4 17738.6 16707.1 16140.9 15593.9 15065.4 14916.8 14398.7 13561.4 13101.8 12972.6 12522 11793.9 11677.5 11271.9 10880.4 10502.5 9891.8 9556.58 9462.28 
632782
21444.3 20717.6 20513.1 19800.7 18649.3 18465.2 17823.9 16787.5 16621.8 16044.5 15111.5 14599.4 14104.7 13626.7 13492.2 12707.6 12277 12155.8 11733.7 11326.1 10932.8 10553 10186.5 9594.18 9269.05 9177.58 8643.91 8350.98 8268.57 7787.76 
616585
20895.4 20187.3 19988 18825.8 18187.8 17571.4 16975.9 16808.4 16224.6 15661.1 15117.2 14592.2 13743.6 13277.9 12827.9 12393.2 11973.2 11567.4 11453.3 10787.3 10680.8 10059.8 9960.48 9381.29 9063.37 8756.22 8459.48 8172.8 8092.15 7621.6 
72413
2960.77 2412.18 2271.91 2194.92 2120.54 2048.67 2028.46 1958.01 1844.15 1781.65 1764.07 1702.8 1603.79 1549.44 1496.93 1446.2 1397.19 1383.4 1302.96 1290.1 1215.08 1203.09 1133.13 1121.95 1082.98 1045.37 1009.06 950.387 941.008 908.326 
199093
6747.04 6680.46 6292 6229.91 6013.53 5663.85 5607.96 5413.19 5098.42 5048.1 4754.56 4593.43 4548.11 4283.64 4138.47 4097.63 3955.31 3725.32 3688.56 3474.07 3356.34 3242.59 3210.6 3099.09 2991.45 2817.5 2789.7 2692.81 2599.28 2448.14 
20916
726.444 684.202 677.45 638.057 616.434 595.543 589.667 569.187 536.089 530.799 512.363 482.57 477.808 461.213 434.394 430.107 415.169 400.749 377.446 373.722 351.99 340.061 336.706 317.127 313.997 303.092 292.565 282.403 265.982 263.357 
761166
28884.4 24816.2 24571.3 23717.9 22894.2 22099 20814 20108.6 19427.2 19235.4 18567.4 17487.7 17315.1 16713.7 16133.3 15572.9 15032.1 14158 13678.2 13543.2 12755.7 12323.4 11905.8 11502.3 11388.8 10726.5 10363 10011.8 9913.03 9568.73 
45807
1552.35 1499.74 1448.92 1399.81 1352.38 1339.03 1292.52 1247.63 1175.08 1135.26 1096.79 1059.62 1023.71 1013.61 978.405 944.423 911.622 879.96 849.398 800.006 772.895 765.268 738.689 695.735 688.869 648.812 626.825 620.639 584.549 578.781 
549779
19797.2 17960.5 17783.3 16749.2 16181.6 16021.9 15090.2 14578.8 14084.8 13607.5 13146.3 12700.8 12575.5 11844.2 11727.3 11045.4 10671.1 10565.8 9951.39 9614.15 9519.28 9188.66 8869.52 8561.47 8264.12 7783.57 7519.79 7445.59 7012.63 6774.98 
385154
20069.4 12679.9 11942.6 11537.9 11146.9 10769.1 10404.2 10051.6 9952.39 9373.67 9281.17 8958.82 8647.67 8144.81 8064.44 7595.5 7520.55 7083.23 7013.33 6605.52 6540.33 6160.02 5951.26 5749.58 5554.73 5499.92 5308.9 5124.51 4826.53 4662.96 
266959
9046.94 8740.35 8654.1 8353.53 8063.4 7594.52 7337.15 7088.5 7018.55 6774.79 6539.49 6159.23 6098.45 5886.64 5682.19 5351.77 5170.41 4995.19 4945.89 4774.12 4608.3 4448.25 4189.59 4047.61 4007.67 3774.62 3646.71 3610.72 3400.76 3367.2 
33715
1142.56 1103.84 1066.44 1055.91 994.512 984.698 927.438 896.009 865.644 836.308 828.055 799.296 771.535 726.671 719.5 677.662 654.697 632.51 626.268 604.517 583.521 563.255 530.502 525.267 494.723 477.957 461.76 457.203 441.324 415.661 
28623
970.002 960.43 904.581 873.926 865.302 835.249 806.24 759.357 751.864 725.751 700.544 659.808 653.297 615.309 609.237 588.077 553.881 535.11 516.976 499.456 482.53 477.769 449.987 434.737 420.005 415.86 401.417 387.475 364.943 361.342 
744116
26795.2 24913.6 24048.3 22649.9 21882.4 21666.4 20406.5 20205.2 19030.3 18385.3 18203.9 17145.4 16564.3 16003 15845.1 14923.7 14417.9 13929.3 13457.3 13001.2 12872.9 12124.4 12004.7 11306.7 11195.1 10806.3 10431 10068.7 9718.98 9153.83 
416596
14469 13966.5 13481.4 13013.2 12561.2 11830.8 11714 11032.9 10924 10544.6 10178.4 9824.85 9253.54 8939.95 8851.73 8337.01 8054.48 7781.52 7704.73 7437.13 7004.67 6935.55 6694.67 6305.38 6243.16 5880.12 5680.85 5488.33 5434.17 5118.18 
304365
11549.9 9923.18 9825.25 9253.93 9162.61 8844.38 8537.2 8240.69 7954.48 7678.21 7411.53 7154.12 6738.11 6671.62 6439.9 6065.43 6005.58 5796.99 5595.65 5270.27 5091.67 4919.12 4870.58 4701.41 4428.03 4277.97 4132.99 3992.93 3953.53 3816.22 
591611
22450.2 21598.3 19017.7 17911.8 17304.8 17134 16538.9 15964.5 15410 14874.8 14009.9 13871.6 13065 12622.2 12194.5 11781.2 11382 11269.7 10614.3 10254.6 10153.4 9563.02 9468.65 8918.06 8830.05 8523.37 8027.75 7948.53 7486.33 7412.45 
135199
4581.74 4536.53 4378.97 4226.88 3981.09 3941.81 3712.59 3675.96 3548.29 3425.05 3306.09 3191.27 3005.7 2976.04 2802.98 2707.99 2681.27 2588.15 2498.26 2352.98 2273.24 2250.81 2119.93 2099.01 2026.11 1955.74 1887.81 1822.25 1758.96 1697.87 
831988
28896.2 27215.9 26293.6 26034.1 25129.9 23668.6 23435.1 22621.1 21835.5 21077.1 19851.5 19655.6 18512.6 18329.9 17693.3 16664.5 16500 15540.6 15013.9 14865.7 14001.3 13526.8 13393.3 12928.2 12176.4 11763.8 11647.7 11243.1 10852.6 10221.6 
972391
32953.3 31836.5 31522.3 30427.5 28658.2 27687 26748.7 26484.8 25564.9 24677 23242 22454.4 21693.4 20958.3 20751.5 20030.7 18866 18679.8 17593.6 16997.4 16421.3 16259.3 15313.8 15162.7 14636.1 13785 13649 13174.9 12717.3 12275.6 
434673
14730.6 14585.2 13737.1 13601.5 12810.6 12684.2 12243.7 11818.4 11408 11011.7 10371.4 10269.1 9912.41 9568.14 9011.76 8706.36 8411.31 8328.31 7844.03 7578.2 7321.39 7073.27 7003.47 6596.23 6372.69 6309.8 6090.65 5879.12 5537.25 5482.61 
34756
1177.84 1137.93 1126.7 1061.18 1050.71 1014.22 978.991 944.989 890.039 859.877 851.391 801.884 793.971 747.802 740.423 697.368 690.486 666.504 627.748 621.553 599.966 579.128 559.014 539.599 508.221 490.998 474.359 469.678 453.365 437.619 
768404
26040.4 25157.9 24305.3 23481.6 23249.9 21897.9 21681.9 20421.1 20219.6 19517.3 18382.4 17759.4 17157.6 16988.3 16398.2 15444.7 14921.3 14774.1 14260.9 13765.6 12965.2 12837.2 12391.4 11670.8 11275.3 10893.2 10524 10167.4 9822.83 9489.95 
480098
16270 16109.4 15172.7 14658.5 14161.7 13681.8 13546.8 12759.1 12326.7 11908.9 11791.4 11381.9 10986.6 10347.7 9997.04 9658.26 9562.95 9230.81 8694.05 8608.26 8309.28 7826.1 7560.88 7486.27 7226.26 6806.06 6575.41 6510.52 6131.94 6071.43 
404588
13711 13575.7 12786.3 12353 12231.1 11806.3 11119.8 11010 10627.6 10009.7 9670.44 9342.72 9026.11 8720.22 8634.17 8132.1 7856.52 7590.27 7333.04 7084.53 6844.45 6776.9 6541.53 6314.33 6095.03 5883.34 5541.23 5486.55 5295.99 4988.03 
764159
25896.5 25641 24750.4 23890.8 22501.6 22279.5 20984 20272.9 19585.8 18922.1 18735.4 18084.7 17033 16865 15884.3 15727.5 14813 14666.8 14157.4 13334.2 12882.3 12445.7 12024 11905.3 11491.8 10823.6 10456.8 10102.4 9760.05 9429.29 
304362
10314.5 9964.94 9866.61 9523.93 8970.12 8881.6 8573.13 8275.37 7987.96 7710.52 7262.16 7016.06 6778.29 6548.58 6326.66 6264.23 5899.97 5841.74 5502.05 5447.76 5130.98 5080.34 4784.93 4737.71 4573.16 4414.33 4261.01 4013.24 3973.63 3835.62 
206980
7854.4 6748.15 6519.46 6298.52 6236.37 6019.77 5810.69 5608.88 5282.73 5103.7 4930.74 4763.65 4716.64 4442.37 4398.53 4245.76 3998.88 3959.42 3729.18 3602.8 3480.71 3446.36 3326.66 3133.22 3102.3 2994.55 2820.42 2792.59 2695.6 2538.85 
874732
30380.7 29325.6 28307 26661 26397.9 25481.1 23999.4 23762.6 22380.8 21622.3 21409 20164 19965.1 19271.6 18151 17535.9 17362.9 16759.8 16177.7 15237 14720.6 14575.4 13727.8 13262.6 13131.7 12368.1 11949 11544.1 11430.1 11033.2 
863511
29263.4 28974.7 27968.3 26996.9 25427.1 24565.4 24323 22908.6 22682.6 21363.6 20639.6 20435.9 19247.6 18595.3 18411.8 17341.2 17170.1 16573.7 15610 15081 14569.9 14076.1 13937.2 13126.8 12997.3 12545.8 12110.1 11689.5 11009.8 10901.1 
70051
3176.5 2266.3 2189.5 2115.3 2043.61 1974.36 1954.88 1886.98 1821.44 1758.18 1655.94 1639.6 1582.66 1527.69 1474.63 1423.41 1373.98 1294.08 1281.31 1236.81 1193.85 1152.39 1085.38 1074.67 1037.34 977.023 967.382 933.783 901.351 870.046 
116163
3936.64 3897.79 3671.14 3546.72 3426.53 3310.41 3277.74 3163.9 3054.01 2876.43 2848.04 2682.43 2591.52 2565.95 2416.74 2334.84 2311.8 2177.37 2155.89 2030.52 1961.71 1895.23 1831 1812.94 1707.52 1690.67 1592.35 1538.39 1523.21 1470.31 
211952
7361.41 6933.35 6864.93 6465.74 6401.94 6179.59 5820.25 5762.81 5562.66 5239.2 5187.5 5007.33 4833.42 4665.55 4394.25 4245.33 4203.44 3959.01 3824.85 3695.23 3570 3449.02 3332.13 3219.21 3110.11 3079.42 2900.36 2802.07 2707.11 2680.4 
313717
10631.5 10526.6 10161 9570.15 9245.83 9154.59 8836.64 8529.73 8233.48 7947.52 7671.49 7225.4 6980.54 6743.97 6677.42 6445.51 6070.71 6010.8 5802.04 5600.52 5274.86 5222.81 5041.41 4866.31 4583.34 4428.02 4277.96 4235.74 4088.63 3850.88 
55069
1866.23 1802.98 1785.19 1681.38 1624.4 1608.37 1514.85 1499.9 1447.81 1397.52 1316.26 1303.27 1227.48 1185.89 1174.18 1133.4 1067.5 1031.32 996.37 962.604 929.982 920.805 867.261 858.703 828.879 780.68 754.224 746.781 703.356 696.416 
664849
22531 22308.7 21533.8 20281.7 20081.5 18913.8 18727.2 17638.2 17464.1 16857.6 15877.3 15339.3 15187.9 14304.7 14163.6 13671.7 13196.8 12738.5 12296 11581 11466.8 10800 10434 10080.4 9738.77 9642.67 9081.95 8774.18 8476.83 8189.56 
335111
12067.2 11632.6 10553.4 10449.2 9841.63 9744.51 9406.07 8859.11 8771.69 8261.62 8180.1 7895.99 7436.85 7363.46 7107.71 6860.85 6461.9 6398.13 6175.92 5816.79 5759.39 5424.49 5240.66 5063.06 4891.48 4725.71 4565.56 4520.51 4257.65 4215.63 
450511
16222.6 15083.5 14559.6 14053.9 13236.7 13106.1 12650.9 12211.5 11501.4 11387.9 10992.4 10353.2 10251 9895 9551.34 8995.94 8907.16 8597.8 8097.85 7823.42 7746.22 7295.78 7048.54 6978.98 6736.59 6502.62 6124.5 6064.06 5711.44 5655.08 
388884
14003.5 12704.3 12273.8 11857.8 11456 11342.9 10949 10312.3 9962.81 9864.5 9290.89 9199.2 8664.28 8370.65 8086.98 8007.18 7729.08 7279.64 7207.8 6788.68 6721.68 6330.82 6116.28 5909.01 5708.76 5652.42 5456.1 5266.61 4960.36 4792.26 
948432
32940.4 31025 30718.8 29651.9 27927.7 26981.3 26066.9 25183.5 24330.1 23505.5 23273.6 22465.3 21685 20931.9 19714.7 19046.6 18401.1 17777.5 17175.1 16593 16429.3 15858.7 14936.5 14430.3 14287.9 13457.1 13324.3 12861.5 12414.8 11692.9 
445733
20212 14420.4 14278.1 13782.2 13303.6 12530 12406.3 11684.9 11569.6 11167.8 10518.4 10161.9 9817.54 9484.83 9163.4 8852.86 8552.85 8263 8181.46 7705.72 7629.68 7364.69 7108.9 6695.53 6468.62 6404.79 6032.36 5827.93 5770.42 5570 
107566
3645.29 3521.76 3487 3365.9 3248.99 3136.15 3027.23 2851.2 2754.57 2661.22 2571.04 2483.91 2399.73 2318.41 2239.84 2217.74 2140.71 2066.36 1946.2 1880.25 1861.69 1753.44 1694.02 1677.3 1619.04 1524.9 1509.85 1422.05 1408.02 1326.15 
883065
30670.2 29604.9 28576.7 26915 26649.4 25099.8 24249.2 24009.9 22613.7 22390.6 21088.6 20880.5 19666.3 18999.8 18812.3 17718.4 17118 16537.8 15977.4 15819.7 15270.3 14382.3 14240.4 13412.3 13280 12818.8 12373.5 11654 11259.1 11148 
987603
33468.8 33138.5 31987.5 30876.6 29081.1 28095.6 27143.5 26875.6 25312.8 25063 23605.6 22805.7 22032.8 21815.4 20546.8 20344.1 19637.5 18955.5 18297.1 17661.6 17048.2 16056.9 15512.7 14987 14839.1 13976.2 13838.3 13357.7 12893.8 12445.9 
949901
32191.1 31100.2 30046.2 29749.7 28019.8 27743.3 26130.1 25872.2 24973.6 23521.4 23289.3 21935.1 21718.6 20964.3 19745.2 19550.4 18871.4 18215.9 17583.3 16560.8 16397.4 15443.9 14920.5 14414.9 14272.6 13776.9 12975.8 12536.1 12111.2 11700.8 
614928
21357.4 20115.4 19916.9 18758.8 18573.7 17493.6 17321 16719.4 16138.7 15578.2 15037.2 14514.9 14010.8 13196.1 13065.8 12306.1 11889 11771.7 11087.2 10711.5 10348.5 10246.3 9890.47 9546.96 8991.82 8687.09 8392.7 8108.28 7833.5 7756.2 
45704
1734.36 1527.13 1438.33 1424.14 1341.32 1328.09 1250.86 1208.47 1167.52 1127.95 1116.82 1051.88 1016.23 981.792 972.103 938.341 905.751 874.293 843.927 794.854 787.01 741.246 733.931 691.254 667.828 645.196 623.331 602.207 581.799 562.083 
4333
146.841 145.392 140.342 135.468 127.59 126.331 118.985 117.811 110.96 109.865 103.477 102.456 98.8973 95.4624 92.1469 88.9465 83.7743 80.9353 78.1925 77.4209 72.9189 70.4478 69.7526 67.33 63.4148 62.789 60.6083 57.084 55.1495 54.6052 
270671
9172.74 8861.89 8774.44 8264.21 8182.66 7706.84 7630.79 7187.07 7116.15 6702.35 6475.21 6411.32 6188.64 5973.7 5626.34 5570.81 5246.88 5195.1 4893.01 4727.19 4680.54 4408.37 4258.98 4114.65 4074.04 3837.14 3707.1 3581.47 3460.1 3342.84 
563982
20308.7 18424.5 18242.7 17609.1 16997.5 16407.1 15837.3 15287.2 14756.3 13898.2 13427.2 13294.7 12833 12387.3 11957 11541.8 10870.6 10763.3 10389.5 9785.38 9453.76 9360.47 8816.17 8729.17 8221.58 8140.45 7857.72 7584.81 7143.76 6901.66 
636502
21570.3 20839.4 20633.7 19433.9 18775.3 18139 17960 16915.7 16748.7 16167 15226.9 14710.9 14565.7 13718.7 13253.8 12804.7 12370.7 12248.7 11823.2 11412.6 11016.2 10633.6 10264.3 9667.44 9339.82 9023.31 8717.52 8631.49 8331.71 7847.23 
423269
14344.1 13858 13388.4 12934.7 12496.3 12072.8 11953.7 11258.6 11147.5 10760.3 10134.6 9791.18 9694.56 9357.85 8813.7 8726.72 8423.63 8131.07 7658.25 7398.72 7147.99 7077.45 6665.9 6440 6221.76 6160.36 5802.14 5744.89 5410.83 5227.46 
573649
19440.3 18781.5 18145 17966 17342 16333.6 15780 15624.3 14715.8 14570.6 14064.5 13576 13104.5 12649.4 11913.8 11510.1 11120 10743.2 10379.1 10276.7 9679.09 9583.58 9026.3 8937.23 8417.54 8132.28 8052.03 7583.81 7508.97 7248.17 
433861
14703.1 14204.8 13723.4 13588 12797.9 12671.6 12231.5 11806.6 11120.1 11010.4 10628 10258.8 9902.53 9326.71 9234.67 8913.94 8604.34 8305.5 8017.04 7550.86 7294.97 7222.98 6972.11 6566.69 6344.15 6129.16 5921.45 5720.78 5526.91 5472.37 
706759
25450 24533.5 22810.8 22018.5 20738.2 20533.5 19339.5 19148.7 18483.6 17408.8 17237 16234.7 16074.5 15139.8 14626.7 14482.4 13979.4 13166.5 13036.6 12278.5 11862.4 11460.4 11072 10962.8 10582 10214.5 9859.71 9517.26 8963.84 8875.39 
275727
10463.2 9551.99 8665.79 8580.27 8282.27 7800.66 7723.69 7455.43 7196.49 6778.02 6711.14 6320.89 6106.68 5899.73 5841.51 5638.63 5310.75 5258.34 4952.57 4903.7 4618.56 4462.04 4418.01 4264.56 4116.45 3877.08 3838.82 3615.6 3493.07 3458.6 
316677
10731.8 10625.9 10256.9 9660.45 9333.06 9240.97 8920.01 8610.21 8311.16 8022.5 7743.87 7474.91 7040.25 6970.78 6728.68 6494.98 6269.4 5904.84 5846.57 5643.51 5315.34 5135.21 4961.19 4912.23 4741.62 4465.9 4421.83 4268.25 4020.06 3883.82 
939184
33819.5 30681.8 29642 29349.5 28330.2 26682.8 26419.5 24883.2 24039.9 23225.3 22438.2 21677.8 21463.9 20215.8 19530.7 18868.8 18229.4 18049.5 17422.6 16409.5 15853.4 15696.9 14784.2 14638.3 14129.9 13308.2 12857.2 12421.5 12000.6 11593.9 
502025
17436.1 16830.5 15851.8 15314.6 15163.5 14281.7 14140.8 13649.7 12856 12420.3 12297.7 11870.6 11180.3 11070 10685.5 10064.2 9723.12 9393.61 9075.27 8985.72 8463.21 8379.69 8088.65 7807.72 7536.55 7274.79 6851.77 6619.57 6395.24 6332.13 
456589
16441.5 14916.1 14410.6 14268.4 13438.7 13306.1 12532.4 12107.7 11988.2 11291.1 10908.4 10800.8 10172.7 9827.99 9731.01 9393.04 9066.8 8539.57 8455.31 7963.64 7885.05 7611.19 7346.84 6919.63 6685.13 6619.16 6234.27 6172.74 5958.36 5751.41 
556550
18860.9 18674.7 18026.1 17400.1 16795.7 15819.1 15663 15119 14239.8 14099.3 13279.4 13148.4 12691.7 11953.7 11548.6 11434.7 11037.5 10654.2 10284.1 9686.12 9357.87 9040.74 8734.36 8438.36 8152.39 7876.12 7609.21 7351.34 7102.21 7032.12 
385483
13063.6 12620.9 12193.2 12072.8 11653.5 11248.8 10594.7 10235.6 9888.77 9553.65 9459.38 9130.84 8813.71 8301.2 8019.88 7940.74 7664.95 7398.73 6968.5 6899.74 6660.1 6428.78 6205.5 5989.98 5781.94 5581.12 5387.28 5074.02 4902.06 4735.94 
932976
31617.5 31305.5 29485.1 29194.2 28180.2 26541.6 25642.1 25389.1 23912.7 23102.3 22319.4 22099.2 20814.1 20608.7 19893 18736.2 18551.3 17472.6 16880.4 16713.9 16133.4 15195.2 15045.3 14522.7 14018.3 13203.2 12755.7 12323.5 11905.8 11788.3 
285055
9900.38 9556.53 9000.82 8695.8 8401.11 8318.2 8029.3 7562.4 7306.12 7234.02 6982.78 6740.25 6348.31 6133.18 6072.65 5861.74 5520.89 5333.79 5281.16 5097.73 4920.68 4634.55 4588.81 4429.44 4171.87 4030.49 3893.9 3761.94 3724.82 3595.45 
476096
16134.4 15587.6 15059.3 14910.7 14043.7 13905.1 13422.2 12956 12506 12071.7 11652.4 11247.7 10857 10225.7 10124.8 9773.15 9204.85 9114.02 8584.05 8499.34 8005.11 7733.82 7657.51 7391.55 6961.74 6893.04 6653.63 6266.73 6204.89 5989.39 
986827
61541.5 31356.9 30294.2 29267.6 28275.8 27996.7 27024.4 26085.8 24568.9 23736.3 22931.9 22705.6 21385.3 21174.3 19943 19267.1 18614.2 18430.5 17358.8 16770.5 16202.2 16042.3 15485.1 14584.7 14090.4 13951.4 13466.8 12683.8 12253.9 11838.6 
693083
24071.8 22672 21903.7 21687.6 20426.5 19734.2 19065.5 18419.3 17795.1 17619.5 17007.6 16416.9 15846.7 15296.3 14765.1 14252.2 13757.2 13279.4 12507.2 12083.4 11673.9 11558.7 10886.6 10517.6 10413.8 10052.2 9703.03 9366.03 8821.41 8734.35 
32981
1145.48 1105.69 1067.29 1005.23 971.164 961.581 928.184 895.946 864.829 834.792 805.798 777.812 750.797 707.139 700.161 675.843 636.544 614.972 608.903 573.496 567.837 534.818 529.54 511.148 481.426 465.111 460.521 444.526 418.677 404.489 
405469
13740.9 13275.2 12825.3 12390.7 11970.8 11565.1 11173.2 11062.9 10419.6 10316.8 9716.9 9621.02 9061.56 8754.48 8457.8 8171.17 8090.54 7809.54 7538.3 7276.49 7023.76 6615.34 6391.15 6328.08 5960.11 5901.3 5696.34 5498.49 5178.76 5003.26 
808770
30690.9 27023.8 25452.4 24589.9 24347.2 23501.6 22135 21384.9 20660.2 19960 19763 19076.6 18414.1 17774.5 17157.2 16159.5 15611.9 15082.8 14934 14415.3 13577.1 13117 12987.5 12232.3 11817.8 11417.3 11030.4 10656.6 10295.4 9946.52 
384940
13045.2 12603.1 12478.7 12045.3 11344.9 11233 10579.8 10475.4 9866.23 9768.87 9200.82 8889.01 8587.77 8296.74 8214.87 7929.56 7654.15 7388.31 6958.69 6722.87 6656.52 6425.33 6202.17 5841.52 5783.88 5447.55 5262.94 5211 4907.99 4859.55 
435560
15127.6 14248 13765.1 13629.3 13155.9 12390.9 12268.7 11555.2 11163.6 11053.5 10669.6 10049.2 9708.6 9612.8 9053.82 8964.48 8443.2 8157.07 8076.57 7606.93 7531.86 7270.27 6847.51 6615.46 6391.27 6174.67 5965.42 5763.26 5567.95 5379.26 
347597
12072.6 11370.6 10985.2 10612.9 10508.2 10143.2 9790.95 9450.9 9122.66 8805.81 8499.97 8204.76 7919.79 7644.73 7200.19 6956.19 6887.54 6487.04 6423.02 6199.94 5839.42 5641.53 5450.34 5396.56 5082.75 4910.51 4862.05 4693.18 4530.18 4266.76 
81364
3087.57 2652.7 2626.52 2473.79 2389.96 2308.97 2286.18 2206.78 2078.46 2008.02 1939.97 1874.23 1810.71 1792.84 1730.58 1629.94 1613.86 1520.02 1505.02 1452.74 1402.29 1353.58 1306.57 1230.6 1188.89 1148.6 1137.27 1071.14 1060.57 1023.73 
660715
22390.9 22169.9 21399.9 20656.7 19939.3 19246.7 18578.3 17933 16890.2 16317.8 15764.8 15609.3 15067.1 14191 14051 13233.9 12785.4 12352.1 12230.3 11519.1 11128.7 10751.6 10645.5 10275.7 9678.21 9582.71 9249.89 8928.62 8618.52 8319.19 
282358
11544.8 9405.74 9079.07 8551.13 8261.34 7981.37 7902.61 7443.08 7369.63 7113.67 6866.61 6628.12 6242.7 6181.1 5966.42 5759.19 5559.17 5366.09 5179.72 4999.82 4709.08 4662.61 4500.68 4344.36 4091.74 4051.36 3815.78 3778.12 3646.9 3434.84 
990024
34385 32385.5 32066 30201.4 29903.3 28864.7 27186.3 26918 25352.7 25102.6 23642.9 23409.6 22048.3 21301.1 20579.3 20376.2 19191.3 18540.9 18358 17290.5 17119.9 16525.3 15564.3 15036.9 14527.3 14035 13896.5 13413.8 12948 12498.2 
746183
25916 25015.9 23561.3 23328.8 21972.2 21227.6 21018.1 19796 19125.1 18936.4 17835.2 17230.8 16646.9 16482.6 15524.2 15371 14477.2 14334.3 13836.4 13031.9 12590.2 12466 11741.1 11625.2 11221.5 10569 10464.7 10101.2 9750.38 9183.41 
107294
3636.07 3600.19 3475.15 3354.46 3159.4 3128.22 3019.57 2914.7 2745.21 2718.12 2560.07 2534.8 2387.41 2363.85 2281.75 2202.5 2126 2052.16 1932.83 1913.76 1802.47 1741.39 1724.21 1623.95 1607.92 1552.08 1461.82 1447.4 1397.13 1315.89 
478820
16630.1 16052.5 15495 14594 14450 13948.1 13463.7 12680.8 12555.6 11825.5 11708.8 11302.2 10909.6 10275.2 10173.8 9820.5 9249.44 8935.99 8847.81 8333.32 8050.91 7778.07 7514.48 7440.33 7007.68 6938.53 6697.54 6464.93 6089 5882.65 
40294
1365.52 1319.24 1306.22 1260.86 1187.54 1175.82 1107.45 1096.52 1032.76 997.759 987.913 953.601 898.15 867.713 838.307 809.898 801.906 755.276 747.823 704.337 680.468 673.753 650.353 612.535 606.491 571.224 565.587 545.943 526.982 508.679 
828941
28790.3 27116.2 26848.6 25287.4 25037.9 23581.9 22782.8 22010.7 21264.8 20544.1 19847.9 19652.1 18509.3 17882 17705.6 16676 16511.5 15551.3 15024.3 14515.2 14023.3 13884.9 13402.6 12623.3 12498.7 12064.6 11645.6 10968.4 10860.2 10483 
219715
7445.9 7372.42 7116.37 6702.56 6636.41 6405.92 6183.43 5823.87 5626.51 5435.83 5251.62 5199.79 5019.2 4727.34 4567.13 4522.06 4259.11 4114.77 3975.33 3840.61 3710.45 3673.84 3546.24 3423.08 3304.19 3189.43 3003.97 2902.16 2803.81 2776.14 
511714
17772.6 16739.1 16573.9 15998.3 15068 14557.4 14413.7 13913.1 13104.1 12974.8 12220.3 12099.7 11396.1 11009.9 10636.8 10531.8 9919.42 9821.54 9250.42 9159.14 8841.03 8533.97 8037.72 7958.41 7682 7415.19 6984.01 6747.33 6518.67 6454.34 
762223
25830.9 25576 24088.8 23272.4 23042.8 22242.5 20949.1 20742.4 19536.2 19343.4 18218.6 18038.8 17412.3 16399.8 15844 15687.7 15142.8 14616.9 13766.9 13631.1 12838.5 12711.8 11972.6 11566.8 11452.7 11054.9 10412.1 10059.2 9718.35 9622.45 
823861
27919.7 26973.6 26059.5 25176.3 24323.1 23498.9 22702.5 21933.1 21716.7 20962.4 19743.5 19548.7 18411.9 18230.2 17597.1 16573.8 16012.2 15469.5 15316.9 14784.9 13925.2 13787.7 13308.9 12535 12110.2 11699.8 11303.3 10920.2 10812.5 10183.7 
333566
11585.2 11182.9 10532.6 10175.7 10075.2 9725.31 9159.8 8849.38 8762.05 8457.74 8163.99 7689.26 7428.68 7355.37 6927.66 6692.89 6626.85 6396.69 6024.72 5965.27 5758.09 5558.1 5234.9 5057.5 4886.11 4837.89 4556.57 4511.61 4249.26 4207.33 
512685
17374.3 16785.5 16619.9 16042.7 15485.5 14947.6 14428.5 13589.5 13128.9 12684 12254.2 11838.9 11437.7 11050.1 10941 10561 9946.92 9609.83 9284.16 9192.55 8873.28 8357.3 8274.83 7793.66 7716.75 7448.74 7015.6 6777.85 6710.96 6477.88 
169626
5748.44 5691.71 5494.03 5174.56 4999.2 4949.86 4777.95 4500.11 4455.71 4300.95 4050.86 4010.88 3777.65 3740.38 3610.47 3400.52 3285.28 3252.86 3063.71 2959.89 2930.68 2828.89 2730.64 2635.8 2482.53 2398.4 2317.12 2294.26 2160.85 2087.62 
457336
15498.6 15345.7 14453.3 13963.5 13490.3 13357.2 12893.3 12445.5 12013.2 11314.7 10931.2 10823.4 10194 10093.4 9506.47 9184.31 9093.67 8564.89 8274.63 8192.98 7716.56 7455.06 7202.41 6958.33 6889.67 6489.04 6425 6051.4 5991.68 5783.58 
302104
10878.6 10486.9 9513.92 9420.03 9092.86 8777.05 8266.68 7986.53 7715.87 7639.73 7374.39 7118.27 6871.04 6471.5 6252.18 6040.3 5980.7 5632.93 5442.03 5388.33 5075 4903.02 4736.86 4576.33 4421.25 4377.62 4225.58 4078.82 3937.15 3708.21 
