509576
11560.4 10437.4 9849.08 9650.13 9455.19 9402.7 9074.27 9023.89 8838.88 8530.14 8357.83 8311.43 8141.03 7856.66 7813.04 7652.86 7385.54 7344.54 7193.97 6942.68 6904.14 6762.59 6526.37 6490.14 6263.44 6228.66 6011.09 5889.67 5770.7 5654.13 5539.92 5509.16 5396.21 5207.72 5178.81 5072.64 4895.45 4796.56 4699.67 4604.74 4511.72 4420.58 4396.04 4242.49 4156.79 4072.82 4050.21 3967.17 3828.6 3807.35 
892075
18289.3 17914.4 17288.6 17192.6 16840.1 16494.9 15918.7 15597.2 15510.6 14968.8 14885.7 14365.7 14286 13787 13508.5 13433.5 13158.1 12698.4 12627.9 12186.8 11940.7 11699.5 11463.1 11399.5 11165.8 10775.8 10558.1 10344.8 10135.9 10079.6 9727.5 9531.01 9478.1 9147.03 9096.25 8778.51 8729.78 8550.8 8252.12 8206.31 8038.06 7873.26 7598.25 7444.76 7294.38 7253.88 7000.5 6961.64 6818.91 6580.73 
662345
15026.2 13271.3 12999.2 12545.2 12291.8 12043.5 11800.2 11734.7 11494.1 11092.6 11031 10645.7 10430.7 10372.8 10010.4 9954.86 9607.14 9413.07 9222.93 9036.62 8986.46 8802.22 8621.75 8444.99 8150.01 8104.76 7938.6 7661.3 7618.77 7462.57 7201.9 7161.92 6911.75 6873.38 6732.46 6497.29 6461.22 6235.53 6200.92 5984.32 5863.43 5744.99 5713.1 5595.97 5400.5 5370.52 5260.41 5076.66 5048.48 4872.14 
280031
5656.63 5625.22 5509.9 5317.43 5210.02 5181.1 5000.12 4972.36 4798.68 4772.04 4605.35 4512.32 4487.27 4330.53 4243.05 4219.5 4072.11 4049.5 3908.05 3886.36 3750.6 3674.84 3600.61 3580.62 3455.55 3436.37 3365.91 3248.34 3182.72 3165.06 3054.5 2992.8 2932.34 2916.07 2814.21 2798.58 2700.83 2646.27 2631.58 2577.63 2524.78 2436.59 2423.06 2373.39 2324.73 2243.52 2198.2 2186 2141.18 2066.39 
455180
9332.1 9140.77 8953.37 8640.63 8592.66 8292.51 8246.48 8077.41 7911.81 7749.6 7478.9 7437.38 7284.9 7135.55 6989.25 6745.12 6608.87 6475.37 6344.56 6309.34 6088.96 6055.15 5843.64 5811.2 5608.22 5577.08 5382.27 5273.55 5244.28 5061.09 4958.86 4931.33 4759.08 4732.66 4567.34 4475.08 4384.69 4296.11 4272.27 4184.68 4038.5 3956.93 3934.96 3854.28 3775.26 3643.39 3623.17 3496.61 3477.2 3355.74 
361801
7308.38 7267.81 7013.94 6975 6832 6593.36 6460.17 6424.31 6199.91 6074.67 6040.94 5917.09 5710.41 5595.06 5482.04 5451.6 5339.83 5230.36 5047.66 5019.64 4916.72 4744.98 4649.13 4623.32 4461.83 4437.06 4346.09 4256.99 4108.29 4025.3 3943.99 3864.32 3842.87 3708.64 3633.72 3560.32 3488.4 3417.94 3398.96 3280.24 3213.98 3196.13 3084.49 3067.37 3004.48 2899.53 2840.96 2783.58 2727.35 2712.21 
70448
1423.05 1394.3 1386.56 1358.14 1310.7 1303.42 1257.89 1250.91 1207.21 1200.51 1158.58 1152.15 1111.9 1089.44 1067.43 1061.51 1024.43 1003.74 983.46 963.594 958.245 938.599 905.813 887.516 869.588 852.022 847.292 829.921 800.932 796.485 780.156 764.161 748.494 722.349 707.758 703.829 689.399 675.265 651.677 648.06 634.773 621.759 600.041 596.71 575.866 572.67 560.929 541.335 538.33 519.526 
14198
297.562 291.326 274.904 269.351 263.91 262.445 253.278 251.872 246.708 238.09 236.768 231.914 223.813 222.571 214.796 213.604 209.225 201.916 197.838 193.841 189.926 186.089 185.056 178.592 174.985 174.013 167.935 167.003 161.169 160.274 156.988 151.505 150.664 145.401 142.464 141.673 138.768 135.923 133.137 130.407 125.852 125.153 122.587 120.074 115.88 113.539 111.246 108.998 108.393 106.171 
88508
1854.95 1750.39 1715.03 1705.51 1645.94 1636.8 1579.63 1547.72 1539.13 1507.57 1476.66 1446.39 1416.73 1387.69 1359.24 1331.37 1304.08 1277.34 1232.72 1225.88 1183.06 1176.49 1135.4 1112.46 1089.99 1083.94 1046.08 1040.27 1003.93 983.652 978.191 958.136 924.668 919.535 887.415 869.489 851.926 834.717 830.083 813.064 784.664 768.814 753.284 738.067 733.97 718.922 693.81 689.958 675.813 652.206 
849983
17169.7 16822.8 16483 16150.1 16060.4 15731.1 15181.6 15097.4 14787.8 14484.6 14187.7 13692.1 13616.1 13140.5 13067.5 12611.1 12356.3 12106.7 11862.2 11796.3 11384.3 11321.1 11089 10861.6 10482.2 10424 10059.9 10004.1 9654.63 9601.03 9404.19 9211.38 8889.63 8840.28 8659.03 8481.51 8307.62 8017.43 7972.92 7694.43 7651.71 7494.83 7341.18 7190.67 7043.24 6898.84 6757.4 6618.86 6483.16 6256.7 
417961
8569.04 8269.72 8102.67 8057.69 7892.49 7616.8 7462.94 7312.19 7271.6 7122.52 6873.72 6835.56 6596.8 6463.54 6427.66 6203.14 6168.7 5953.23 5832.97 5715.15 5599.7 5486.59 5375.76 5345.91 5236.31 5128.96 5023.8 4848.32 4750.38 4654.43 4560.41 4535.09 4376.68 4288.27 4201.65 4178.32 4032.37 4009.98 3927.77 3847.25 3712.86 3692.25 3563.28 3491.3 3471.92 3400.74 3331.01 3214.66 3196.81 3131.27 
408172
8368.34 8196.77 8028.72 7748.28 7705.26 7436.12 7394.84 7243.23 7094.73 6846.91 6808.89 6669.3 6532.56 6398.63 6175.13 6050.39 6016.8 5893.45 5772.62 5654.27 5456.76 5426.47 5236.92 5207.85 5025.94 4924.41 4824.94 4798.15 4630.55 4537.02 4511.83 4419.33 4264.96 4241.28 4154.33 4009.22 3928.23 3906.42 3769.97 3749.04 3618.09 3545 3473.39 3403.23 3334.48 3267.13 3201.13 3183.36 3072.16 3010.11 
949150
20545.9 18757.8 18378.9 18276.9 17638.4 17540.5 17180.9 16580.8 16245.8 16155.7 15824.4 15271.7 14963.2 14880.1 14360.4 14070.3 13992.2 13503.4 13230.7 12963.4 12701.5 12445 12193.6 12125.9 11877.3 11462.4 11398.8 11165.1 10936.2 10554.2 10495.6 10129 9924.35 9723.88 9669.89 9332.12 9280.32 8956.15 8775.24 8726.52 8547.61 8249.04 8203.25 7916.7 7756.79 7713.72 7444.28 7293.91 7253.42 7104.71 
2255
47.2603 44.5963 44.3488 42.7997 42.562 41.6894 40.2332 40.0099 38.6123 38.398 37.0567 36.851 35.5638 35.3663 34.6413 33.4312 33.2456 32.0844 31.9062 30.7917 30.6208 29.5512 28.9543 28.7935 28.2032 27.625 27.0586 26.1135 25.9685 25.0614 24.9223 24.4113 23.9108 23.4206 22.9404 22.1391 22.0162 21.5648 20.8116 20.696 19.9731 19.5697 19.461 19.062 18.6712 18.2884 17.6496 17.5516 17.1918 16.8393 
320605
6573.04 6438.28 6213.39 6178.9 5963.07 5842.61 5810.18 5691.06 5574.38 5460.09 5348.15 5161.34 5132.69 4953.4 4925.9 4824.91 4725.99 4629.1 4534.19 4441.23 4350.18 4260.99 4173.63 4088.06 3945.27 3865.57 3787.49 3766.46 3689.24 3560.38 3540.61 3468.02 3396.92 3327.28 3211.05 3193.23 3127.76 3063.63 3000.82 2939.3 2836.63 2779.33 2763.9 2707.23 2612.67 2559.89 2545.68 2456.76 2443.12 2357.78 
621390
12739.7 12294.7 12046.4 11979.5 11561.1 11496.9 11261.2 11030.3 10645 10585.9 10368.9 10156.3 9801.53 9747.12 9547.28 9213.79 9162.64 8974.79 8790.79 8610.56 8309.79 8263.66 8094.24 7811.5 7653.71 7499.1 7457.47 7196.98 7051.6 7012.46 6868.69 6628.76 6494.86 6363.66 6328.34 6107.29 6073.38 5861.24 5828.7 5709.2 5509.77 5479.19 5287.8 5258.44 5074.76 5046.59 4943.12 4770.46 4674.1 4648.15 
710553
14567.8 14058.9 13774.9 13496.7 13224 13150.6 12691.3 12434.9 12365.9 11933.9 11867.7 11624.4 11218.3 10991.7 10769.7 10709.9 10490.3 10275.2 9916.32 9861.27 9659.1 9321.7 9269.95 9079.9 8762.74 8714.09 8409.7 8239.83 8194.08 8026.09 7861.54 7700.36 7431.39 7390.13 7238.62 6985.77 6844.66 6706.4 6669.17 6532.43 6398.51 6267.32 6048.4 6014.83 5891.51 5770.72 5652.41 5536.53 5423.02 5311.83 
422883
11260.2 8314.78 8268.62 8099.1 7816.19 7772.8 7613.44 7457.35 7196.87 7156.91 6906.92 6767.4 6729.83 6591.86 6361.6 6233.1 6107.19 5983.82 5950.6 5828.6 5625.01 5511.38 5480.79 5289.34 5182.5 5153.73 4973.71 4946.09 4773.33 4676.9 4582.43 4489.87 4399.17 4310.31 4223.24 4137.93 4114.96 3971.22 3949.18 3868.21 3733.09 3712.37 3636.26 3561.71 3437.29 3418.21 3348.13 3231.18 3165.91 3148.34 
845516
17720.3 16971.5 16623.5 16042.9 15718.8 15631.5 15085.5 14780.8 14482.2 14401.8 13898.8 13821.6 13338.8 13264.8 12801.4 12730.3 12469.3 12213.7 11787.1 11549 11315.7 11087.1 10863.1 10643.7 10584.6 10214.9 10158.2 9949.93 9602.38 9549.07 9353.29 9161.53 8841.52 8792.43 8485.31 8313.91 8267.75 7978.96 7817.78 7774.38 7502.82 7461.17 7200.55 7055.1 7015.93 6770.86 6634.09 6500.08 6368.78 6240.13 
837391
17550.1 16560.8 16468.8 15893.6 15805.4 15253.3 14945.2 14862.2 14343 14263.4 13971 13483 13408.1 13133.2 12674.5 12418.5 12167.6 12100.1 11677.4 11441.5 11378 11144.7 10916.2 10534.9 10476.4 10261.7 10051.3 9700.18 9504.24 9451.48 9121.33 8937.08 8756.55 8707.94 8529.41 8354.54 8062.72 7899.85 7855.99 7694.93 7426.14 7276.13 7235.74 7087.39 6839.83 6801.86 6564.27 6431.67 6301.75 6266.77 
859756
17367.1 17016.3 16921.8 16330.7 16240 15672.8 15585.8 15266.2 14733 14435.4 14143.8 14065.3 13574 13299.8 13225.9 12763.9 12506.1 12253.5 12185.5 11935.6 11690.9 11451.2 11051.2 10989.9 10606 10391.8 10334.1 10122.2 9914.69 9711.42 9512.32 9180.05 8994.61 8812.92 8764 8457.87 8287.02 8119.62 7955.6 7794.9 7637.44 7483.17 7332.01 7291.3 7141.82 6892.35 6753.13 6616.71 6483.06 6447.06 
954264
19999.5 18872.1 18490.9 18117.4 18016.8 17387.5 17291 16687 16349.9 16259.1 15925.8 15599.3 15279.5 14966.2 14443.4 14151.7 14073.1 13784.6 13303.1 13034.4 12771.1 12700.2 12439.8 12005.3 11762.8 11697.5 11457.6 11222.7 10992.7 10608.7 10394.4 10336.7 10124.8 9917.18 9570.77 9377.44 9325.38 9134.19 8815.13 8637.06 8462.6 8291.65 8124.16 7960.05 7915.86 7639.36 7485.04 7443.49 7290.88 7141.41 
204020
4416.34 4092.27 4008.37 3926.19 3845.7 3766.86 3635.28 3615.1 3488.82 3469.45 3398.32 3328.65 3260.41 3146.52 3082.96 3065.84 2958.75 2898.99 2882.89 2823.79 2725.15 2710.02 2615.36 2600.84 2509.99 2459.29 2409.61 2360.94 2313.25 2266.52 2253.94 2207.73 2162.47 2086.93 2075.34 2002.85 1991.73 1922.16 1911.49 1872.3 1806.9 1796.87 1760.03 1723.95 1663.73 1654.49 1596.7 1587.84 1555.28 1523.4 
307481
6211.12 6176.64 5960.88 5840.47 5722.5 5606.9 5493.64 5463.14 5272.32 5165.81 5137.14 5031.81 4856.05 4829.09 4730.09 4633.11 4538.12 4445.08 4289.81 4203.16 4179.83 4033.82 3952.34 3930.4 3849.82 3770.89 3693.58 3564.56 3492.56 3473.17 3401.96 3332.21 3263.9 3196.98 3131.44 3022.05 3005.28 2943.66 2883.31 2782.6 2726.39 2711.25 2655.67 2601.22 2510.36 2496.42 2445.24 2395.11 2311.45 2264.76 
925101
18687 18309.6 18207.9 17834.6 17469 16858.8 16518.2 16426.5 16089.8 15759.9 15209.4 15124.9 14814.9 14297.4 14008.6 13930.8 13645.2 13365.4 13091.4 12634.1 12378.9 12310.2 11880.2 11640.2 11405.1 11341.8 10945.6 10724.5 10665 10292.4 10235.3 10025.4 9819.91 9618.58 9421.38 9228.22 8905.88 8725.98 8549.71 8377.01 8330.5 8039.52 7994.89 7715.62 7559.77 7517.8 7255.2 7214.92 6962.9 6924.25 
10904
220.261 215.812 214.613 210.213 202.871 198.773 197.669 193.617 189.647 183.023 182.007 175.649 172.101 168.624 167.688 164.25 158.513 157.633 152.127 151.282 148.181 145.143 142.167 137.201 134.43 133.683 129.014 128.298 123.816 123.129 120.604 118.132 114.005 113.372 109.412 107.202 105.037 102.915 102.344 100.245 98.1902 94.7604 94.2343 92.3023 90.4099 87.2519 86.7675 84.9886 83.2461 80.3383 
995133
20101.7 19990.1 19580.3 19178.8 18785.6 18129.4 18028.8 17659.2 17297.1 16692.9 16600.2 16259.9 15926.5 15370.2 15059.8 14976.1 14669.1 14156.7 14078.1 13789.5 13307.8 13039 12966.6 12700.8 12440.4 12185.3 11935.5 11690.8 11451.1 11051.1 10989.8 10605.9 10547 10330.8 10119 9911.53 9565.31 9512.21 9317.19 8991.74 8941.82 8629.48 8455.17 8408.23 8114.53 8069.48 7787.61 7630.3 7587.94 7322.89 
175763
3603.49 3477.62 3407.37 3388.46 3318.99 3250.94 3137.39 3119.97 3010.99 2950.17 2890.57 2874.52 2815.59 2757.87 2661.53 2607.77 2555.09 2540.91 2488.81 2401.88 2353.36 2305.82 2259.25 2213.61 2168.89 2125.08 2113.29 2039.47 2028.15 1957.3 1917.76 1907.12 1868.02 1829.72 1792.21 1755.46 1694.14 1659.92 1650.71 1593.05 1584.2 1528.87 1520.38 1467.27 1459.13 1429.21 1379.29 1351.43 1324.13 1297.38 
291197
5882.18 5763.36 5646.94 5532.87 5502.16 5389.35 5278.86 5170.63 4990.02 4889.22 4862.08 4692.24 4597.46 4571.94 4412.24 4387.74 4297.79 4147.66 4124.64 3980.56 3900.16 3878.5 3798.99 3721.1 3591.12 3518.58 3499.05 3427.31 3307.59 3289.23 3221.8 3155.74 3045.51 3028.6 2922.81 2906.59 2805.06 2748.4 2733.14 2637.67 2584.39 2532.19 2481.04 2430.92 2417.42 2367.86 2285.15 2272.46 2225.87 2180.24 
531094
10728.1 10511.4 10453 10087.9 9884.13 9684.47 9630.71 9294.31 9242.71 9053.22 8867.61 8557.86 8510.35 8335.87 8164.97 7997.57 7833.6 7559.97 7407.26 7257.64 7111.03 6967.39 6928.71 6686.69 6649.57 6513.24 6379.7 6156.86 6032.49 5910.63 5877.82 5757.31 5639.28 5523.66 5330.72 5223.04 5117.53 5014.16 4912.87 4885.6 4785.43 4687.32 4591.22 4430.85 4406.25 4252.34 4166.44 4143.31 4058.37 3975.16 
467544
9585.59 9389.06 9196.57 8875.33 8826.06 8645.11 8467.86 8294.26 8124.21 7957.65 7679.68 7637.05 7480.47 7219.18 7179.1 7031.92 6887.75 6647.16 6512.88 6381.32 6345.9 6124.23 6000.52 5967.21 5758.78 5726.81 5526.77 5496.09 5383.4 5273.03 5088.85 4986.05 4885.33 4858.21 4688.51 4662.48 4499.62 4408.73 4384.26 4294.37 4144.37 4121.36 3977.4 3897.05 3875.42 3795.97 3663.37 3589.37 3569.45 3496.27 
625988
12834 12570.9 12131.8 12064.4 11643 11407.8 11177.4 11115.3 10727.1 10667.5 10448.8 10083.8 9880.14 9825.3 9623.86 9287.69 9236.13 8913.51 8864.03 8682.3 8504.29 8329.94 8159.16 7874.16 7715.1 7559.25 7517.29 7363.17 7212.21 6960.28 6819.69 6681.93 6546.95 6510.61 6377.13 6246.38 6118.32 5992.88 5870.02 5664.98 5550.54 5519.73 5326.92 5297.35 5188.75 5082.37 4978.17 4804.28 4707.23 4681.1 
257810
5285.62 5100.99 4997.95 4896.99 4869.81 4769.97 4672.17 4576.38 4416.53 4392.01 4238.6 4152.98 4069.09 4046.5 3963.54 3882.28 3746.67 3670.98 3650.61 3575.76 3450.86 3381.15 3312.85 3294.46 3179.38 3115.16 3052.23 2990.58 2930.17 2870.98 2812.99 2797.37 2699.66 2684.67 2629.63 2537.78 2486.51 2436.28 2422.76 2373.09 2324.44 2276.78 2230.1 2184.38 2108.08 2065.5 2023.77 1982.89 1942.84 1932.05 
855385
17278.8 17182.9 16582.7 16247.7 15919.5 15831.1 15278.1 14969.5 14886.4 14581.2 14282.3 13783.4 13706.9 13425.8 13150.6 12691.2 12434.9 12365.8 12112.3 11864 11449.6 11386 11152.6 10923.9 10542.3 10329.4 10272 10061.4 9855.17 9510.92 9458.12 9264.21 8940.61 8760.01 8711.38 8532.78 8357.84 8186.49 8018.65 7854.25 7579.9 7426.78 7385.55 7127.57 6983.6 6842.53 6704.31 6568.88 6532.42 6304.24 
543957
11152.2 10762.7 10702.9 10483.5 10268.5 10058 9851.81 9649.83 9312.76 9261.06 8937.57 8757.03 8708.41 8529.87 8354.99 8063.15 8018.39 7738.3 7581.99 7539.9 7385.32 7127.34 6983.37 6944.6 6702.03 6664.82 6432.02 6396.31 6265.17 6046.33 5924.19 5804.52 5772.3 5570.67 5458.14 5347.89 5318.2 5209.17 5027.21 4925.66 4898.31 4797.89 4699.52 4603.17 4508.8 4416.36 4325.82 4174.71 4090.38 4067.68 
475395
9602.98 9549.67 9353.88 9162.11 8974.27 8790.28 8610.06 8433.53 8260.63 7972.08 7811.05 7767.68 7608.43 7452.44 7192.13 7046.85 7007.73 6864.05 6723.33 6585.48 6355.45 6227.07 6192.5 5976.2 5943.02 5735.43 5703.59 5504.36 5393.17 5284.23 5254.89 5071.34 4968.9 4868.53 4841.5 4672.38 4578 4552.59 4393.56 4369.17 4216.56 4193.15 4107.18 3963.72 3883.65 3862.09 3727.19 3651.9 3578.13 3505.85 
94863
1916.23 1877.52 1839.6 1829.39 1791.88 1755.14 1719.16 1683.91 1649.39 1591.78 1559.62 1528.12 1519.63 1466.55 1436.93 1407.9 1379.46 1351.6 1324.3 1316.94 1270.94 1263.89 1237.97 1194.73 1188.1 1146.6 1123.44 1100.74 1094.63 1072.19 1034.74 1013.84 993.358 973.292 953.631 948.337 915.212 896.724 891.746 860.597 855.82 825.926 809.242 804.749 788.25 760.717 745.35 741.212 715.322 700.872 
772983
16200.2 15515.6 15197.5 14666.6 14585.2 14075.7 13791.4 13512.8 13239.8 12972.4 12710.4 12639.8 12198.3 11951.9 11885.5 11641.9 11235.2 11172.8 10782.6 10564.8 10351.3 10142.2 10085.9 9879.16 9534.08 9341.49 9289.63 8965.14 8915.37 8732.59 8427.56 8380.77 8208.95 7922.21 7878.23 7716.71 7558.5 7294.48 7147.13 7107.45 6961.74 6718.56 6582.85 6449.87 6414.07 6190.02 6155.66 6029.45 5905.84 5699.55 
827109
17334.6 16602 16022.1 15933.1 15606.5 15061.3 14977.7 14670.7 14158.2 14079.6 13587.8 13313.3 13239.4 12968 12702.1 12441.7 12186.6 11760.9 11695.6 11287.1 11059.1 10835.7 10775.6 10554.6 10186 10129.4 9921.74 9575.17 9381.75 9329.67 9003.78 8953.8 8770.23 8463.88 8416.89 8122.89 8077.8 7912.19 7749.97 7591.08 7325.92 7177.94 7138.09 6991.74 6848.4 6609.18 6572.49 6342.91 6307.7 6087.37 
219789
4606.34 4346.69 4322.56 4171.57 4148.41 4003.51 3981.28 3842.21 3764.6 3743.7 3666.95 3538.86 3467.38 3397.34 3378.48 3309.21 3241.36 3128.14 3064.95 3003.04 2942.38 2882.94 2866.94 2766.8 2751.44 2655.33 2601.69 2587.25 2496.87 2446.44 2432.86 2347.88 2334.84 2286.97 2240.09 2161.84 2118.17 2075.38 2063.86 1991.77 1951.54 1940.7 1872.91 1862.52 1797.46 1787.48 1725.04 1690.2 1680.81 1622.1 
298928
6038.35 5916.37 5796.86 5679.76 5565.03 5534.14 5340.83 5311.18 5202.29 5020.57 4992.7 4818.3 4720.97 4625.61 4532.17 4507.01 4349.58 4261.72 4238.06 4151.17 4006.17 3925.25 3903.46 3767.11 3746.19 3669.39 3541.22 3469.68 3450.42 3329.9 3311.41 3195.74 3131.19 3067.94 3005.97 2989.28 2927.99 2825.72 2768.64 2712.71 2657.91 2604.22 2551.62 2537.45 2448.82 2435.23 2385.3 2301.98 2255.48 2242.96 
64264
1298.13 1271.91 1246.22 1239.3 1196.01 1189.37 1147.83 1141.45 1101.58 1095.47 1073.01 1051.01 1029.46 993.502 987.986 953.476 934.215 929.029 896.578 891.601 873.321 855.416 837.878 820.7 803.874 775.795 771.488 744.54 740.406 714.544 710.577 685.756 681.949 658.129 654.475 641.057 618.665 615.23 602.617 581.567 578.339 558.137 555.038 535.651 524.831 521.917 511.217 493.36 483.394 473.629 
998309
20165.8 20053.9 19642.7 18956.6 18573.7 18470.6 17825.4 17465.3 17112.5 16766.9 16673.8 16091.4 15766.3 15447.8 15135.8 15051.8 14526 14445.4 14149.2 13655 13579.2 13104.8 12840.1 12580.7 12326.6 12077.6 12010.6 11764.3 11353.4 11124.1 10899.3 10838.8 10616.6 10399 10035.7 9833 9634.38 9580.89 9384.46 9056.66 9006.38 8691.79 8516.21 8468.94 8295.31 8005.55 7843.84 7685.39 7530.15 7378.04 
450768
9105.51 9054.96 8869.32 8559.51 8386.61 8217.2 8051.21 8006.52 7726.85 7570.76 7417.83 7376.65 7225.42 6973.03 6934.32 6692.1 6556.92 6520.52 6292.76 6257.82 6039.24 6005.71 5882.58 5677.1 5562.42 5450.06 5339.97 5310.33 5124.84 5021.31 4993.44 4891.06 4720.22 4694.01 4530.05 4504.9 4347.54 4259.72 4236.07 4088.11 4005.53 3983.29 3844.15 3766.5 3745.59 3614.76 3594.69 3469.13 3399.05 3330.39 
803137
16223.4 16133.3 15569.8 15255.3 14947.1 14864.1 14344.9 14265.3 13767 13488.9 13414 12945.5 12684 12613.5 12172.9 12105.4 11682.5 11446.5 11215.3 10988.8 10927.8 10703.7 10484.3 10118.1 10061.9 9855.6 9653.54 9455.62 9261.76 9071.88 8885.89 8703.71 8525.26 8227.47 8061.28 8016.53 7736.51 7580.23 7538.15 7383.6 7125.69 7086.13 6940.85 6798.55 6659.17 6522.64 6294.8 6167.65 6133.41 5919.17 
913237
18447.4 18074.8 17709.6 17351.9 17001.4 16658 16321.5 16230.9 15663.9 15347.5 15262.3 14729.2 14647.4 14135.8 14057.3 13566.3 13491 13019.7 12947.4 12495.2 12425.8 12171.1 11745.9 11508.7 11444.8 11210.1 10818.6 10758.5 10537.9 10169.8 10113.4 9906.03 9702.94 9504.01 9309.16 9118.3 8931.36 8619.38 8571.53 8395.8 8102.53 8057.55 7776.1 7732.93 7462.82 7312.07 7164.36 7019.64 6877.85 6738.91 
529273
10851.2 10628.7 10410.8 10047.1 9844.17 9645.32 9450.48 9398.02 9205.34 8883.8 8834.48 8525.89 8353.66 8184.92 8139.48 7972.61 7809.15 7536.38 7494.54 7232.75 7192.6 6941.36 6801.14 6663.76 6529.15 6397.26 6361.75 6231.32 6013.66 5892.18 5773.16 5656.54 5625.14 5509.81 5317.36 5209.94 5104.7 5001.59 4900.56 4801.57 4704.57 4609.54 4583.95 4489.97 4333.14 4245.61 4159.84 4136.75 4051.94 3968.87 
476961
9634.61 9581.13 9384.69 9056.88 9006.6 8692 8643.75 8466.53 8170.79 8125.43 7841.61 7683.21 7640.56 7373.67 7224.72 7078.78 7039.49 6895.16 6753.8 6517.88 6386.22 6350.77 6128.94 6094.91 5882.01 5763.2 5646.78 5615.43 5419.28 5309.82 5280.34 5095.89 4992.96 4892.1 4793.28 4696.45 4601.59 4508.63 4483.6 4391.68 4301.64 4213.45 4127.07 4042.45 3959.58 3821.27 3744.08 3668.45 3648.08 3573.29 
109332
2208.51 2163.89 2120.18 2077.36 2035.39 2024.09 1953.39 1942.55 1874.69 1864.29 1826.06 1762.28 1752.5 1716.57 1656.61 1647.41 1613.64 1557.27 1525.81 1517.34 1464.34 1434.76 1405.78 1377.38 1349.56 1342.07 1314.55 1287.6 1261.2 1235.35 1210.02 1167.75 1161.27 1137.46 1114.14 1091.3 1068.93 1031.59 1025.86 1004.83 969.73 950.141 930.948 912.143 907.079 888.482 857.447 840.127 823.156 806.529 
956815
19616.6 18931.4 18826.3 18440.3 18062.3 17692 17329.2 16723.9 16386.1 16055.1 15966 15408.3 15322.7 14787.5 14705.4 14403.9 14108.6 13819.4 13536 13063.2 12799.3 12540.8 12471.2 12215.5 11788.8 11723.4 11313.9 11085.3 10861.4 10801.1 10579.6 10362.7 10000.8 9945.25 9741.35 9541.64 9208.35 9157.23 8969.48 8785.59 8605.47 8304.88 8137.12 7972.75 7928.49 7651.54 7496.98 7345.54 7304.77 7049.61 
737963
15466.2 14594.4 14513.4 14006.5 13723.5 13647.3 13367.5 13093.5 12636.1 12380.9 12130.8 12063.4 11816.1 11573.9 11336.6 10940.6 10879.8 10499.8 10287.7 10230.6 10020.9 9815.4 9614.17 9417.06 9088.12 8904.54 8724.67 8548.43 8500.97 8204.03 8038.31 7993.68 7829.8 7556.3 7514.35 7251.87 7211.61 7063.76 6918.94 6777.09 6540.36 6504.05 6370.71 6148.18 6023.98 5902.3 5783.07 5750.97 5633.06 5517.57 
174562
3778.68 3449.82 3430.67 3310.84 3292.46 3177.45 3113.27 3050.38 2988.76 2972.17 2868.35 2810.41 2753.64 2738.35 2682.21 2588.52 2536.23 2522.15 2470.44 2419.79 2335.27 2288.1 2275.39 2228.74 2183.05 2138.29 2094.45 2021.29 1980.46 1969.47 1900.68 1862.28 1851.94 1787.26 1751.15 1715.78 1706.25 1646.65 1637.51 1603.94 1547.91 1516.65 1486.01 1477.76 1447.46 1417.79 1388.72 1360.25 1332.36 1305.04 
994732
20394 19681.6 19284.1 19177 18507.1 18133.3 18032.6 17402.7 17051.2 16706.8 16614 16033.7 15709.8 15392.5 15081.6 14776.9 14694.9 14393.6 13890.8 13610.2 13335.3 13261.3 12989.4 12723.1 12278.7 12210.5 11784 11545.9 11312.7 11249.9 10856.9 10637.6 10422.8 10212.2 10155.5 9800.79 9602.81 9408.84 9356.6 9029.78 8979.65 8795.55 8488.32 8316.85 8148.85 7984.24 7822.96 7779.53 7507.79 7466.11 
956829
19327.9 18937.5 18555 18452 18073.7 17442.4 17090 16744.8 16651.8 16310.4 15740.7 15653.3 15106.6 15022.7 14497.9 14205.1 13918.1 13637 13561.3 13087.6 12823.2 12752 12490.6 12054.3 11810.8 11745.2 11335 11272 10878.3 10817.9 10596.1 10378.9 10166.1 9810.99 9756.52 9556.5 9222.69 9171.49 8851.12 8672.33 8624.19 8322.94 8154.82 8109.55 7826.28 7668.19 7513.29 7361.52 7212.82 7172.78 
119073
2441.23 2391.18 2307.66 2294.85 2214.69 2202.39 2125.46 2082.53 2070.97 2028.51 1957.65 1946.79 1906.87 1840.26 1830.05 1766.12 1756.32 1694.97 1685.56 1651 1593.33 1561.15 1529.61 1521.12 1489.94 1437.89 1408.85 1401.03 1352.09 1324.77 1317.42 1271.4 1264.34 1238.42 1195.16 1188.53 1164.16 1123.5 1100.8 1078.57 1056.78 1050.91 1014.2 993.717 988.201 953.683 934.418 915.543 910.46 891.794 
271501
7229.32 5338.29 5230.45 5124.8 5096.35 4918.33 4891.03 4720.18 4624.84 4531.41 4439.88 4415.23 4324.71 4173.65 4089.34 4066.64 3924.59 3902.8 3766.48 3745.57 3668.77 3540.62 3520.97 3448.78 3328.31 3261.08 3195.21 3130.66 3067.42 3050.4 2987.86 2883.49 2825.24 2809.56 2751.96 2695.54 2601.38 2586.94 2496.58 2446.15 2432.57 2382.69 2333.84 2286 2206.15 2193.9 2117.26 2074.5 2062.98 1990.92 
789352
15944.9 15856.4 15302.5 15217.6 14686 14604.5 14094.3 14016.1 13526.5 13451.4 12981.6 12719.3 12648.7 12389.4 12135.4 11886.6 11471.4 11239.7 11177.3 10786.8 10727 10352.3 10294.8 10083.7 9731.51 9534.93 9342.32 9153.61 8968.71 8918.92 8607.38 8433.51 8386.69 8093.74 8048.81 7883.79 7608.41 7566.17 7411.05 7152.18 7007.7 6968.8 6825.93 6587.49 6454.43 6324.05 6196.3 6161.9 6035.57 5911.83 
176952
3574.43 3502.23 3482.78 3361.13 3293.23 3274.95 3160.56 3143.01 3033.23 3016.39 2954.54 2851.34 2835.51 2736.47 2721.28 2626.22 2611.64 2558.1 2505.65 2454.28 2403.96 2354.68 2272.43 2226.52 2214.16 2136.82 2093.66 2082.04 2039.35 1997.54 1956.59 1916.47 1877.18 1811.61 1775.01 1739.16 1704.03 1669.61 1660.34 1602.34 1569.98 1538.26 1529.72 1498.36 1446.02 1416.81 1388.19 1380.49 1332.26 1324.87 
110250
2260.35 2181.39 2169.28 2093.51 2051.22 2009.78 1969.19 1929.41 1890.43 1879.94 1814.27 1804.2 1741.18 1731.51 1696.01 1636.77 1603.71 1571.31 1539.57 1508.47 1478 1469.8 1418.46 1389.8 1382.09 1333.81 1306.87 1280.47 1254.61 1229.26 1222.44 1179.74 1155.91 1132.56 1126.27 1103.18 1080.56 1042.82 1021.75 1001.11 980.891 961.077 955.742 936.147 916.954 884.925 880.012 849.273 832.118 815.309 
274432
5626.4 5511.05 5318.55 5211.12 5182.19 5075.94 4898.64 4799.68 4773.04 4606.31 4580.74 4420.74 4396.19 4242.63 4219.08 4132.58 4047.86 3906.46 3884.78 3805.13 3727.12 3596.93 3524.27 3504.71 3432.85 3312.94 3294.55 3179.47 3115.24 3097.95 2989.74 2929.35 2913.08 2811.33 2754.54 2698.9 2683.92 2590.17 2537.84 2523.76 2472.01 2385.66 2337.47 2290.26 2243.99 2231.54 2153.59 2110.09 2067.46 2025.7 
512250
11621.1 10263.9 10053.5 9702.29 9648.43 9311.41 9123.32 8939.03 8889.4 8707.15 8528.64 8230.73 8064.47 8019.7 7739.57 7583.23 7541.13 7277.72 7237.32 6984.51 6843.43 6705.19 6667.97 6531.26 6397.36 6173.89 6049.18 5926.99 5807.26 5689.96 5658.37 5542.36 5428.73 5239.1 5133.27 5104.78 5000.12 4825.46 4727.99 4632.48 4538.91 4513.71 4421.17 4330.53 4179.26 4156.06 4010.89 3929.87 3850.48 3829.11 
802259
16205.6 16115.7 15785.3 15461.6 15144.6 14834.1 14316 14026.8 13743.5 13465.8 13391.1 13116.5 12847.6 12398.9 12148.4 11903 11836.9 11423.5 11192.7 10966.6 10905.7 10524.8 10466.4 10100.8 9896.73 9696.82 9642.98 9306.15 9118.17 9067.55 8881.65 8699.55 8521.2 8223.55 8057.43 7894.67 7735.2 7692.26 7534.55 7271.37 7231 7082.75 6835.35 6697.27 6660.09 6427.45 6391.77 6260.73 6132.37 6006.65 
185910
3755.38 3734.53 3657.97 3582.97 3457.82 3438.62 3318.51 3251.48 3233.43 3120.48 3103.16 3039.54 2933.37 2874.11 2858.16 2799.56 2701.77 2686.77 2592.92 2540.54 2489.22 2438.94 2425.4 2340.68 2293.4 2247.07 2201.68 2157.21 2145.23 2101.25 2058.17 1986.28 1975.25 1906.26 1867.75 1857.38 1792.5 1756.29 1720.82 1711.26 1676.18 1641.81 1608.15 1551.98 1520.63 1512.19 1481.19 1429.45 1421.51 1392.37 
289154
5840.91 5808.48 5689.4 5572.76 5378.1 5269.46 5163.02 5058.72 5030.64 4854.92 4756.85 4660.76 4634.89 4472.99 4382.63 4358.3 4268.95 4119.83 4096.96 4012.97 3930.69 3850.11 3771.17 3639.44 3619.24 3492.82 3473.43 3402.22 3283.38 3217.05 3152.07 3088.39 3071.25 3008.28 2903.2 2844.56 2828.77 2770.77 2673.99 2619.97 2567.05 2515.2 2501.23 2449.95 2399.72 2350.52 2302.33 2221.91 2209.58 2164.28 
573806
12025.8 11517.6 11281.5 10887.4 10667.5 10452 10394 10030.9 9828.29 9773.73 9573.35 9377.08 9184.83 8864 8684.95 8636.73 8335.05 8166.68 8001.72 7957.29 7679.34 7636.71 7480.14 7326.79 7070.86 7031.61 6785.99 6748.32 6512.6 6381.04 6345.62 6215.52 5998.41 5965.11 5756.75 5640.46 5609.15 5413.22 5383.17 5195.13 5166.29 4985.83 4958.15 4784.96 4688.31 4662.28 4499.42 4474.45 4382.71 4292.86 
785073
16453.6 16108.7 15771.1 15440.6 14788.1 14271.5 14192.3 13901.3 13415.7 13341.3 12875.3 12803.8 12541.3 12103.2 11858.7 11792.9 11551.1 11314.3 10919.1 10858.5 10635.8 10264.3 10057 10001.2 9796.11 9595.27 9398.55 9070.25 8887.03 8837.7 8529 8356.71 8187.9 8022.51 7977.97 7814.41 7654.2 7386.83 7345.82 7089.23 7049.88 6905.34 6664.14 6529.52 6397.62 6268.39 6141.77 6017.71 5984.3 5861.61 
988878
20724.9 19556.7 19448.1 19049.4 18384 18012.6 17912.6 17545.4 16932.5 16590.5 16255.4 15927 15838.6 15285.3 14976.6 14893.4 14373.2 14082.9 13798.4 13721.8 13242.5 13169 12899 12448.4 12379.3 11946.9 11880.6 11465.6 11401.9 11168.2 10778.1 10560.3 10347 10138 9933.23 9732.57 9678.54 9340.47 9288.62 8964.16 8783.09 8605.67 8431.83 8385.02 8092.13 8047.21 7766.12 7609.24 7455.54 7304.93 
943042
19049.4 18664.6 18561 17912.7 17550.9 17453.4 16843.8 16503.5 16170.2 15843.5 15755.6 15432.5 15116.1 14806.2 14289 14209.7 13918.4 13432.2 13160.9 12895 12823.5 12560.5 12303 11873.3 11633.4 11398.4 11168.2 10942.6 10881.9 10658.8 10440.2 10075.5 9872.02 9817.21 9474.3 9282.92 9231.38 8908.93 8728.97 8552.64 8379.88 8210.6 8044.75 8000.09 7836.07 7562.36 7520.37 7257.68 7111.08 7071.6 
97107
2102.04 1919.1 1908.45 1869.32 1830.99 1767.04 1757.23 1721.2 1661.08 1627.53 1618.49 1561.96 1553.28 1499.03 1468.75 1460.59 1430.65 1401.32 1352.37 1344.86 1297.89 1271.67 1245.98 1220.81 1214.03 1189.14 1164.76 1124.08 1117.84 1094.92 1072.47 1050.48 1028.95 1007.85 987.189 952.706 947.417 927.993 895.578 877.487 872.616 842.135 825.124 820.544 791.882 787.486 759.979 755.76 729.361 714.628 
33977
686.335 682.525 658.684 645.379 641.796 628.638 606.68 594.425 591.125 570.477 567.31 555.679 536.269 533.291 522.358 511.649 493.777 491.035 473.883 464.311 461.733 452.267 442.994 433.912 425.016 410.17 401.885 399.654 385.694 383.552 375.689 362.566 360.553 347.959 340.93 334.043 327.296 320.684 314.207 312.462 306.056 295.365 293.726 287.704 277.654 276.113 266.468 261.085 259.636 250.567 
885684
17890.8 17791.5 17426.7 17069.5 16719.5 16376.7 15804.7 15716.9 15167.9 15083.7 14556.8 14262.8 13974.7 13692.4 13415.8 13144.8 13071.8 12615.2 12545.2 12107 11862.4 11622.8 11558.3 11154.6 11092.6 10705.2 10488.9 10277 10069.4 10013.5 9663.77 9468.56 9416 9222.95 9033.86 8848.65 8539.56 8367.07 8320.62 8029.97 7985.4 7706.46 7663.68 7395.99 7354.93 7204.14 6952.49 6913.9 6772.15 6633.31 
804123
16243.3 15915.2 15593.7 15278.7 14970.1 14887 14581.7 14072.4 13994.3 13505.5 13232.6 12965.3 12703.4 12446.8 12195.4 12127.7 11704.1 11467.7 11404 11170.2 10780 10562.3 10348.9 10139.9 10083.6 9876.83 9674.33 9336.4 9147.81 9097.03 8779.26 8730.53 8551.53 8376.21 8204.48 7917.9 7873.94 7598.9 7556.71 7292.76 7252.27 6998.95 6857.57 6719.05 6681.74 6448.35 6412.55 6188.56 6063.55 6029.89 
69524
1404.38 1376.02 1348.22 1340.74 1313.25 1286.32 1259.95 1234.12 1191.01 1166.95 1160.48 1136.68 1113.38 1074.49 1052.78 1046.94 1025.47 1004.45 983.857 963.686 943.929 924.576 905.621 873.987 869.135 838.776 834.12 804.984 800.515 772.552 768.264 752.513 737.085 721.973 696.754 682.68 668.89 665.176 641.942 638.378 616.079 612.659 591.259 579.315 567.613 564.462 552.889 541.554 530.451 511.922 
876376
18367.1 17331.8 17235.6 16882.2 16536.1 16197.1 15865 15310.8 15001.5 14918.3 14612.4 14102 13817.1 13538 13264.6 13190.9 12920.5 12655.6 12396.1 12142 11717.8 11652.8 11413.9 11015.2 10792.7 10732.8 10512.7 10145.5 9940.58 9739.78 9543.04 9490.06 9158.57 9107.73 8789.59 8740.8 8561.59 8386.06 8093.13 8048.21 7883.2 7721.58 7563.27 7408.21 7256.33 7002.86 6861.4 6722.8 6587 6453.94 
197809
4055.48 3913.82 3892.09 3756.14 3680.27 3659.84 3584.8 3511.31 3439.32 3319.18 3252.13 3234.08 3167.78 3057.12 3040.15 2977.82 2916.77 2814.89 2758.03 2742.72 2646.91 2593.44 2579.05 2488.96 2475.14 2388.69 2375.42 2326.72 2245.45 2232.98 2154.99 2143.02 2068.17 2056.68 2014.52 1973.22 1904.29 1865.83 1828.14 1791.21 1781.26 1719.04 1709.5 1674.45 1615.96 1583.32 1551.34 1520 1489.3 1459.21 
332724
6721.02 6683.71 6546.68 6318.01 6282.93 6154.12 5939.15 5819.18 5786.88 5668.24 5470.24 5439.87 5328.35 5142.23 5113.68 5008.84 4906.15 4734.77 4639.13 4545.42 4520.19 4362.3 4274.18 4250.45 4163.31 4017.88 3936.72 3914.86 3778.12 3757.14 3680.11 3604.66 3530.76 3407.43 3388.51 3319.04 3251 3137.44 3120.02 3056.05 2949.31 2889.73 2873.69 2773.31 2717.29 2702.2 2607.81 2555.14 2503.52 2489.62 
630004
12726.1 12655.4 12396 12141.8 11892.9 11477.5 11413.8 11015.1 10792.6 10732.7 10357.8 10300.3 9940.47 9739.67 9685.6 9487.02 9155.64 9104.81 8918.15 8735.31 8556.21 8380.79 8088.05 7924.67 7764.59 7607.75 7565.52 7301.25 7153.76 7009.26 6970.35 6827.44 6588.96 6455.86 6420.02 6288.4 6159.47 5944.32 5911.32 5790.13 5671.42 5473.31 5362.75 5254.42 5148.28 5119.7 5014.74 4911.93 4740.35 4644.6 
708102
14303.7 14224.3 13727.4 13651.2 13174.3 12908.2 12836.6 12388.2 12319.4 11889.1 11648.9 11584.3 11179.6 11117.6 10729.2 10669.7 10297 10239.8 9882.12 9682.5 9486.91 9434.24 9240.82 8918.04 8868.53 8686.71 8383.28 8213.94 8048.02 7885.45 7726.16 7683.27 7414.89 7373.73 7222.55 6970.26 6931.57 6789.46 6650.26 6513.92 6380.37 6249.56 6031.26 5909.43 5790.06 5673.1 5641.6 5444.54 5334.56 5226.8 
325613
7898.21 6417.84 6288.2 6161.18 6036.72 5914.78 5795.3 5763.13 5644.97 5529.24 5415.88 5226.7 5121.12 5092.69 4988.28 4886.01 4715.34 4689.16 4525.37 4433.96 4344.39 4256.64 4233 4146.22 4061.21 3977.95 3839 3761.45 3685.47 3665.01 3536.99 3517.36 3394.49 3325.92 3258.74 3192.91 3128.42 3065.22 3048.21 2941.73 2882.31 2824.09 2767.04 2711.15 2656.38 2641.63 2587.47 2534.43 2445.9 2396.49 
369981
7473.62 7432.13 7279.75 7130.5 6881.43 6843.23 6702.93 6565.51 6430.9 6206.27 6171.81 6045.28 5834.12 5801.73 5599.07 5485.97 5375.15 5345.31 5235.72 5128.38 4949.25 4921.77 4820.86 4722.03 4557.09 4465.03 4440.24 4285.15 4261.36 4173.99 4088.41 3945.61 3923.7 3786.65 3765.62 3688.42 3612.8 3538.73 3415.12 3346.14 3327.56 3211.33 3146.46 3128.99 3064.84 3002.01 2897.15 2881.06 2821.99 2723.42 
274320
5624.11 5508.8 5316.38 5286.87 5102.19 5073.87 4896.64 4869.45 4769.62 4603.02 4577.46 4483.62 4327 4302.98 4214.76 4128.35 4043.71 3902.46 3880.8 3745.24 3724.45 3594.35 3521.75 3502.2 3430.39 3360.06 3242.7 3224.69 3112.05 3094.78 3031.33 2969.18 2865.47 2849.56 2791.14 2733.91 2677.86 2584.32 2569.98 2517.29 2465.68 2415.13 2365.61 2282.98 2270.31 2223.76 2146.08 2102.73 2091.06 2048.19 
416429
8727.53 8235.57 8069.21 7906.21 7862.32 7587.69 7545.57 7390.87 7239.34 7090.92 6945.54 6803.14 6663.66 6430.9 6395.2 6171.81 6137.55 6011.72 5801.73 5769.52 5567.99 5455.52 5345.31 5315.64 5129.96 5026.34 4924.81 4897.47 4797.06 4698.71 4534.58 4442.98 4418.32 4263.98 4177.85 4093.46 4070.73 3928.54 3906.73 3770.27 3749.34 3618.37 3545.28 3525.6 3402.45 3383.56 3314.19 3246.24 3179.69 3114.5 
327644
6618.41 6581.67 6446.73 6314.56 6185.1 5969.05 5848.48 5816.01 5696.77 5579.97 5465.57 5353.52 5243.76 5060.59 4958.37 4858.21 4760.07 4663.92 4569.71 4544.34 4451.17 4295.69 4208.92 4185.55 4039.35 4016.93 3876.61 3798.31 3777.22 3645.28 3571.65 3551.82 3479 3357.48 3289.66 3271.39 3157.12 3093.35 3030.86 2969.64 2953.15 2850 2792.43 2776.93 2679.93 2665.05 2571.96 2520.01 2469.1 2455.39 
620279
12717 12456.2 12200.9 11950.7 11533.3 11300.3 11072 11010.6 10626 10411.3 10353.5 10141.3 9787.02 9732.69 9533.15 9337.7 9011.53 8829.5 8651.14 8476.39 8429.33 8256.51 7968.11 7923.88 7647.09 7604.64 7339.01 7298.27 7148.64 7002.08 6858.52 6717.91 6483.25 6447.26 6222.05 6096.37 5973.22 5940.06 5818.28 5698.99 5582.15 5387.16 5357.26 5247.42 5064.13 4961.83 4861.6 4763.4 4736.96 4639.84 
206049
4318.38 4074.96 4052.34 3969.26 3830.61 3809.34 3676.28 3602.02 3529.26 3457.97 3438.77 3318.65 3251.62 3185.93 3168.25 3057.58 3040.61 2978.27 2917.21 2815.31 2799.68 2701.89 2686.89 2631.8 2577.84 2487.8 2473.99 2387.57 2339.34 2292.09 2279.36 2232.63 2154.64 2111.12 2099.4 2026.07 1985.14 1945.04 1905.75 1867.25 1856.89 1792.03 1782.08 1719.83 1710.28 1675.22 1616.7 1607.73 1551.57 1542.96 
383056
10199.7 7814.33 7373.85 7224.9 7184.79 7037.48 6893.2 6751.88 6516.03 6479.86 6347.01 6216.88 5999.72 5878.53 5845.9 5641.7 5610.38 5495.35 5303.4 5273.96 5089.74 4986.92 4959.24 4786.01 4689.33 4663.3 4567.69 4474.05 4382.32 4229.24 4205.77 4058.86 3976.87 3954.79 3873.71 3794.29 3661.76 3587.79 3515.31 3495.8 3424.13 3304.52 3286.18 3218.8 3152.81 3042.68 3025.79 2963.76 2902.99 2801.59 
144482
2918.54 2902.33 2842.83 2784.55 2687.28 2672.36 2579.02 2564.7 2512.12 2424.37 2410.91 2326.7 2313.78 2232.96 2187.85 2175.71 2099.71 2088.05 2015.12 1974.41 1963.45 1923.2 1856.02 1845.71 1781.24 1745.26 1710.01 1700.51 1665.65 1607.47 1598.54 1542.71 1511.54 1481.01 1472.79 1421.34 1413.45 1364.08 1356.51 1309.13 1301.86 1275.17 1230.63 1223.79 1198.7 1174.13 1133.11 1126.82 1087.46 1081.43 
823315
16631 16538.6 15960.9 15638.5 15551.7 15232.9 14920.6 14399.4 14319.4 14025.9 13535.9 13262.5 12994.6 12922.5 12471.1 12219.2 11972.3 11905.9 11661.8 11422.7 11023.7 10962.5 10737.7 10517.6 10302 9942.12 9741.29 9687.21 9348.83 9159.99 8974.95 8925.13 8613.37 8565.56 8389.94 8217.93 8049.45 7768.28 7611.36 7569.11 7413.92 7154.95 7115.23 6866.7 6828.58 6688.58 6551.45 6322.6 6287.5 6067.88 
543469
11142.2 10913.8 10690 10316.6 10259.3 9900.97 9846.01 9644.14 9446.42 9116.45 9065.84 8749.17 8700.6 8396.69 8350.07 8178.88 7893.19 7849.37 7688.44 7530.81 7267.76 7227.41 7079.24 6831.96 6794.03 6654.74 6422.29 6292.56 6257.62 6039.04 6005.52 5795.74 5763.57 5645.4 5448.21 5338.15 5308.52 5123.09 5094.65 4916.69 4817.37 4790.63 4623.29 4597.63 4437.03 4412.4 4258.27 4234.63 4086.71 4004.16 
936799
19206.3 18812.5 18155.4 17788.6 17429.3 17332.5 16727.1 16634.2 16053.2 15964.1 15636.8 15090.6 14785.8 14703.7 14190.1 13903.4 13622.6 13347.4 13273.3 13001.2 12734.6 12289.8 12221.6 11971 11552.9 11319.5 11090.8 10866.8 10647.3 10588.2 10371.1 10008.8 9806.67 9752.22 9552.28 9356.44 9029.62 8979.49 8795.39 8615.07 8438.44 8143.69 8098.48 7815.6 7657.72 7503.04 7351.47 7310.66 7055.3 7016.13 
251482
5705.22 4964.69 4864.4 4766.14 4739.68 4574.13 4548.73 4389.84 4365.47 4212.99 4189.6 4103.7 3960.36 3938.37 3857.63 3722.88 3647.68 3627.43 3553.06 3480.21 3408.86 3289.79 3271.53 3157.25 3139.72 3030.05 2968.85 2908.88 2850.12 2792.54 2736.13 2680.86 2626.71 2573.65 2521.66 2470.73 2457.01 2406.64 2357.3 2308.97 2261.63 2182.63 2170.51 2094.69 2083.07 2010.3 1969.7 1958.76 1890.34 1852.16 
958565
20089.6 18957.2 18574.3 18199.1 18098 17465.9 17113.1 17018.1 16423.6 16332.4 15761.9 15443.5 15357.8 14821.4 14739.1 14224.2 14145.3 13651.2 13575.4 13297.1 12832.6 12573.4 12503.6 12066.8 11823.1 11757.4 11516.4 11114.1 10889.6 10829.2 10607.1 10389.7 10176.7 9968.02 9763.65 9563.48 9229.42 9042.99 8860.32 8681.34 8505.98 8334.16 8287.89 8117.97 7834.41 7790.92 7518.78 7477.04 7215.86 7070.1 
819711
16558.2 16466.2 16128.6 15565.3 15250.9 14942.8 14640.9 14345.2 14265.6 13767.3 13489.2 13414.3 12945.7 12684.2 12613.8 12355.2 11923.6 11682.8 11617.9 11379.7 10982.2 10921.2 10539.8 10326.9 10118.3 10062.1 9855.79 9511.53 9458.72 9128.33 8943.93 8894.28 8583.6 8410.21 8240.33 8073.87 7910.78 7750.98 7707.95 7438.71 7288.45 7247.99 6994.81 6853.52 6815.47 6675.74 6538.87 6404.81 6273.5 6144.88 
834172
16850.3 16509.9 16418.2 15844.8 15524.7 15438.5 14899.2 14816.5 14299 14010.1 13727.1 13449.8 13375.2 12908 12647.2 12391.8 12141.4 11896.2 11830.1 11587.6 11350 11117.3 10729 10669.4 10296.8 10088.8 10032.8 9827.06 9483.8 9431.15 9101.72 8917.86 8737.72 8561.22 8513.69 8339.15 8047.86 8003.18 7723.63 7680.75 7523.28 7369.04 7217.96 6965.83 6825.12 6687.25 6552.17 6515.8 6288.2 6253.29 
816679
16743.6 16400.3 16064 15502.9 15189.8 14882.9 14800.3 14283.3 14204 13707.9 13431 13159.7 12893.8 12633.4 12378.2 12128.2 12060.8 11639.5 11404.4 11341.1 10945 10723.9 10507.3 10295 10087 10031 9825.39 9482.19 9290.65 9239.07 9049.65 8864.12 8682.38 8504.38 8330.02 8159.24 7991.96 7828.11 7554.67 7402.06 7252.54 7106.04 6962.5 6821.86 6783.99 6644.9 6412.79 6283.25 6248.37 6030.11 
516577
11719.3 10928.5 9977.37 9921.98 9575.4 9522.25 9327.02 9135.8 8816.68 8638.59 8464.09 8417.1 8123.09 8077.99 7795.82 7752.55 7481.75 7330.62 7182.54 7037.45 6895.29 6756.01 6619.54 6582.79 6447.83 6222.6 6188.06 6061.19 5936.93 5729.55 5613.81 5500.41 5389.3 5359.38 5249.51 5066.14 5038.01 4862.04 4763.82 4737.38 4640.25 4545.12 4386.35 4362 4209.64 4124.6 4101.7 3958.43 3936.46 3855.75 
509554
10293 10235.8 9878.31 9678.77 9483.26 9430.61 9237.26 9047.88 8731.84 8683.36 8380.05 8333.53 8162.67 7877.55 7833.82 7560.18 7407.46 7366.34 7109.03 6965.43 6824.73 6786.84 6647.7 6511.41 6377.91 6247.15 6028.93 5907.15 5787.83 5755.69 5637.69 5522.11 5329.22 5299.63 5114.52 5011.2 4983.38 4809.31 4782.61 4684.56 4520.93 4495.83 4403.66 4249.83 4163.99 4079.88 3997.46 3916.71 3894.97 3758.92 
13437
271.427 269.921 260.492 259.046 253.735 248.533 239.852 238.52 233.63 228.84 224.148 219.553 211.884 210.708 203.348 202.219 195.155 194.072 187.293 186.253 182.434 176.062 175.085 171.495 167.979 162.111 158.837 155.628 152.485 151.638 146.341 143.385 142.589 137.609 136.845 132.065 131.331 128.639 126.001 123.418 119.107 116.701 116.053 113.674 111.343 109.061 106.825 104.635 100.98 98.9399 
387710
7831.74 7788.26 7628.59 7472.19 7318.99 7063.34 7024.13 6778.77 6641.84 6507.68 6376.22 6247.42 6212.74 6085.36 5960.6 5838.4 5718.7 5601.45 5405.79 5296.6 5189.61 5160.8 5054.99 4878.42 4851.33 4681.88 4655.88 4560.43 4401.13 4376.7 4223.82 4200.37 4053.65 3971.77 3949.72 3811.75 3790.59 3712.88 3583.19 3510.81 3439.89 3420.79 3350.66 3281.96 3214.68 3148.77 3084.21 2976.48 2959.96 2856.56 
849679
17420.1 16811.6 16472 16380.6 15808.4 15489.1 15403.1 14865.1 14564.8 14483.9 13978 13695.6 13419 13147.9 12882.3 12622.1 12367.2 12298.5 11868.9 11803 11561 11157.2 10931.8 10871.1 10491.4 10433.2 10219.3 10009.7 9804.53 9603.51 9406.62 9078.05 8894.67 8845.29 8663.94 8486.32 8312.33 8141.91 7974.99 7811.48 7651.33 7494.46 7340.81 7190.31 6939.15 6900.63 6759.15 6620.58 6484.84 6258.32 
