831474
21046.7 20513.9 20368 19842.8 19331.2 18487.5 18019.6 17891.4 17110.6 16677.5 16255.3 15843.8 15731.2 15044.6 14663.8 14292.6 14191 13825 13468.6 12880.7 12554.7 12465.4 12144 11830.9 11314.5 11234 10743.8 10471.8 10206.7 9948.38 9696.56 9627.6 9379.35 8970 8906.21 8676.56 8452.83 8083.92 8026.43 7676.13 
967899
24957.4 24313.9 23252.8 22664.2 22503 21520.9 21367.8 20816.8 19908.3 19766.7 19257.1 18760.5 17941.7 17487.6 17363.2 16915.5 16479.3 16054.4 15353.7 15244.5 14851.5 14203.3 13843.8 13493.4 13151.8 12818.9 12727.7 12172.3 12085.7 11558.2 11265.7 10980.5 10902.4 10621.3 10347.4 9895.81 9825.43 9396.62 9158.77 8926.94 
351158
9305.7 9059.1 8423.83 8363.91 7998.89 7942 7595.38 7403.13 7350.47 7029.68 6851.74 6678.3 6630.8 6459.83 6177.9 6133.96 5866.26 5717.77 5573.04 5431.97 5294.47 5160.46 5029.83 4902.51 4867.65 4655.21 4622.1 4420.38 4388.94 4197.39 4091.14 3987.59 3886.65 3788.27 3692.38 3666.12 3506.12 3481.18 3329.25 3244.98 
795616
20515.1 19986.1 19470.8 18968.7 18479.6 18003.1 17217.4 16781.6 16662.2 16232.6 15524.1 15131.2 14748.2 14374.9 14272.6 13904.6 13546.1 12954.9 12627 12537.1 12213.9 11898.9 11379.6 11091.6 11012.7 10728.7 10260.5 10000.8 9929.65 9496.29 9428.75 9017.25 8789 8566.53 8505.6 8134.39 8076.54 7724.05 7528.54 7474.99 
337769
8549.78 8488.97 8118.48 8060.74 7708.95 7513.82 7323.62 7138.24 7087.47 6778.15 6729.95 6436.23 6273.31 6228.7 5956.86 5806.07 5764.78 5616.13 5471.32 5330.24 5192.8 5058.9 4838.12 4803.71 4594.06 4561.38 4443.77 4249.83 4219.6 4110.8 4004.8 3830.02 3733.07 3638.58 3612.7 3519.55 3365.94 3342 3196.15 3173.42 
840768
21281.9 21130.6 20585.7 20054.9 19179.7 19043.2 18552.2 18073.8 17285 16847.5 16421.1 16304.3 15883.9 15190.6 15082.6 14424.4 14059.2 13703.4 13356.5 13018.4 12688.9 12598.6 12048.8 11743.8 11660.3 11359.6 11066.7 10583.7 10315.8 10242.5 9795.44 9547.49 9479.59 9235.16 8997.03 8765.04 8382.5 8170.32 7963.51 7761.93 
44866
1135.67 1106.92 1078.9 1071.23 1024.48 998.547 973.272 966.35 941.432 917.157 893.508 870.469 848.024 826.157 790.101 770.102 750.609 731.609 713.09 695.04 690.096 672.302 654.967 638.078 610.231 605.891 579.448 575.326 550.217 546.304 522.462 509.237 496.347 492.817 471.309 467.957 455.89 435.994 432.893 414 
748896
18956.4 18476.6 18008.9 17880.8 17100.4 16978.8 16541 15819.1 15706.6 15301.6 14633.8 14529.7 13895.6 13796.8 13441 12854.4 12529 12211.9 11902.8 11818.1 11513.4 11010.9 10932.6 10455.5 10381.1 9928.04 9857.43 9603.26 9184.14 8951.67 8725.08 8663.02 8439.64 8222.03 7863.19 7664.16 7609.65 7413.43 7089.88 7039.46 
998174
25266.3 25086.6 23991.7 23384.4 22792.5 22215.6 22057.6 21488.8 20551 20404.8 19878.7 19011.1 18875.9 18052.1 17595.1 17470 17019.5 16276.8 16161 15744.3 15057.1 14676 14304.5 13942.4 13843.3 13239.1 12904 12577.4 12487.9 11942.9 11858 11340.4 11259.8 10768.4 10691.8 10225.2 10152.4 9709.36 9640.3 9391.72 
798464
20211.1 19699.5 19559.4 19055.1 18223.5 17762.2 17635.8 17181.1 16431.3 16015.3 15610 15498.9 15099.3 14440.3 14074.8 13718.5 13621 13269.7 12927.6 12594.2 12044.6 11739.7 11442.5 11152.9 10870.6 10793.3 10515 10056.1 9801.52 9731.81 9480.88 9067.1 9002.61 8770.48 8387.71 8175.4 7968.46 7766.75 7711.52 7374.96 
537540
13606.5 13262.1 12926.4 12834.4 12503.5 11957.8 11655.1 11360.1 11279.3 10787 10514 10247.9 10175 9730.91 9661.7 9412.57 9001.78 8937.75 8547.68 8486.89 8116.49 8058.77 7850.97 7648.53 7314.73 7129.57 7078.87 6896.34 6595.36 6548.45 6262.66 6218.11 5946.74 5796.21 5754.99 5606.59 5462.03 5223.65 5186.49 5052.76 
274926
7285.55 6774.65 6603.17 6436.02 6273.11 6114.32 6070.84 5805.89 5658.92 5618.68 5473.8 5332.66 5195.15 4968.42 4933.08 4805.88 4681.96 4477.63 4445.78 4331.15 4219.47 4035.32 4006.62 3903.3 3732.95 3638.46 3546.36 3456.6 3432.01 3282.23 3199.15 3176.39 3094.49 3014.7 2883.13 2810.15 2790.16 2718.22 2599.59 2581.1 
298536
7556.69 7365.41 7313.03 6993.87 6816.83 6768.35 6593.83 6306.05 6146.43 5990.85 5839.21 5691.4 5650.92 5404.3 5365.86 5227.5 4999.36 4963.8 4835.81 4711.12 4589.64 4389.33 4278.23 4247.8 4062.41 3959.58 3931.42 3759.84 3733.1 3570.18 3544.78 3390.08 3365.97 3219.07 3137.58 3058.16 2980.75 2959.55 2830.39 2810.26 
236402
6264.66 6098.65 5937.04 5623.79 5478.77 5239.66 5107.04 5070.71 4939.96 4812.59 4602.55 4569.81 4370.37 4259.75 4229.45 4044.87 3942.48 3842.69 3815.36 3716.98 3554.76 3464.78 3440.13 3290 3206.72 3183.91 3101.81 2966.44 2945.34 2869.4 2744.17 2724.65 2654.39 2585.95 2473.09 2410.49 2393.35 2288.89 2230.96 2215.09 
681172
17242.2 17119.5 16678.1 15950.2 15836.8 15428.4 14755.1 14381.6 14017.6 13917.9 13310.4 13215.8 12639 12319.1 12007.2 11921.8 11614.4 11315 10821.1 10744.2 10467.1 10010.3 9939.12 9505.35 9264.75 9198.85 8961.66 8730.58 8505.46 8134.26 7928.36 7871.97 7528.41 7337.85 7152.11 6971.07 6794.62 6746.29 6451.86 6405.98 
814287
20611.6 20465 19937.3 19067.2 18931.6 18105.4 17647.1 17200.4 16765 16645.8 15919.3 15516.3 15406 15008.7 14353.7 14251.6 13884.1 13278.2 13183.8 12843.8 12283.3 12195.9 11881.4 11575.1 11276.6 10985.8 10702.6 10426.6 9971.55 9900.63 9468.53 9401.19 9158.78 8922.62 8692.55 8313.18 8254.05 7893.82 7694.01 7639.28 
601671
15229.8 14844.3 14738.7 14358.7 13988.4 13377.9 13282.8 12703.1 12612.7 12287.5 11970.7 11662 11153 11073.7 10590.4 10322.4 10061.1 9806.41 9736.66 9311.72 9076.02 8846.28 8622.36 8404.11 8191.38 7984.04 7781.94 7726.59 7389.38 7336.82 7147.64 6963.34 6659.44 6490.87 6444.71 6278.53 6116.64 5849.69 5808.08 5658.32 
229756
5815.7 5668.49 5628.17 5382.54 5344.26 5111.02 4981.65 4855.55 4821.02 4610.61 4577.82 4459.78 4344.78 4232.75 4123.61 3943.64 3915.59 3744.71 3718.07 3555.8 3465.8 3378.07 3292.56 3269.15 3126.47 3104.23 3024.19 2892.21 2819 2747.64 2678.09 2610.3 2544.23 2526.13 2415.88 2398.7 2294.02 2277.7 2178.29 2123.16 
945905
24390.3 23325.8 22735.4 22573.7 21588.5 21042.1 20892.4 19980.6 19474.8 19336.3 18492.4 18360.9 17559.6 17434.7 16673.8 16555.2 15832.7 15431.9 15322.2 14927.1 14275.6 13914.3 13815.3 13459.1 12871.7 12780.1 12222.4 11913 11828.3 11523.3 11226.1 10736.2 10464.4 10199.5 10127 9685.03 9616.15 9196.47 8963.68 8899.93 
550752
13940.9 13841.8 13237.7 13143.5 12569.9 12251.7 11941.6 11639.3 11344.7 11057.5 10978.9 10499.7 10234 10161.2 9899.17 9643.92 9395.25 9152.99 8916.98 8527.81 8467.16 8248.84 8036.14 7828.92 7627.05 7294.19 7109.55 6929.59 6880.31 6702.9 6530.06 6245.07 6086.99 6043.7 5887.86 5630.9 5590.85 5446.69 5208.98 5077.12 
341746
8650.45 8431.48 8371.51 8155.65 7799.72 7602.29 7409.85 7357.15 7036.06 6986.02 6805.88 6508.85 6344.1 6298.98 6136.56 5978.33 5824.17 5569.99 5429 5291.58 5157.63 5120.95 4897.46 4773.49 4739.54 4532.69 4417.96 4386.54 4273.43 4086.92 3983.47 3955.14 3782.53 3686.78 3593.46 3502.5 3413.84 3327.43 3243.2 3161.11 
889876
22945.6 22353.9 21378.3 21226.3 20299.9 20155.5 19275.9 18788 18654.3 17840.2 17713.3 16940.3 16819.8 16085.7 15678.5 15281.7 14894.9 14788.9 14407.6 14036.1 13674.2 13077.4 12746.4 12423.7 12335.4 11797 11498.4 11416.6 10918.4 10642 10372.6 10110.1 9854.14 9784.05 9531.77 9115.78 8885.03 8821.84 8594.37 8372.76 
175136
4433.13 4320.92 4211.54 4181.59 4073.77 3968.72 3795.52 3768.52 3604.05 3512.82 3487.84 3397.91 3310.29 3165.82 3143.3 3062.25 2983.29 2906.37 2779.52 2709.17 2640.59 2573.75 2555.45 2489.55 2380.9 2363.97 2260.8 2244.72 2186.84 2091.4 2038.46 1986.86 1936.57 1887.55 1839.77 1826.68 1746.96 1702.74 1690.63 1647.04 
709990
17971.6 17843.8 17383.7 16625 16506.8 15786.4 15674.1 15269.9 14603.5 14499.6 13866.8 13515.8 13173.7 12840.3 12748.9 12192.5 11883.9 11799.4 11284.4 11204.2 10915.3 10633.8 10359.6 9907.49 9656.7 9588.02 9340.79 9099.94 8702.79 8640.89 8418.09 8201.03 7989.56 7783.55 7582.85 7251.91 7068.35 6889.43 6715.04 6545.07 
306646
8126.13 7697.38 7361.44 7175.11 7124.08 6813.16 6640.7 6593.47 6423.46 6143.12 6099.43 5942.15 5788.93 5536.29 5396.15 5259.56 5222.15 4994.24 4867.82 4833.2 4622.27 4589.39 4389.1 4357.88 4167.69 4138.05 3957.45 3857.28 3759.64 3732.9 3569.98 3544.59 3453.2 3302.49 3279 3194.45 3055.03 3033.31 2900.92 2880.29 
697795
17662.9 17537.3 17085.1 16644.6 16215.4 15797.3 15107.8 15000.4 14613.6 14236.8 13869.7 13264.4 13170 12595.2 12276.4 11965.7 11662.8 11579.8 11074.5 10995.7 10515.8 10441 10171.8 9909.52 9654 9405.07 9162.56 8762.68 8540.87 8324.68 8113.96 8056.25 7704.65 7649.86 7452.6 7127.35 7076.66 6767.81 6596.5 6549.58 
523561
13500.1 12910.9 12819.1 12259.6 11949.3 11646.8 11352 11064.7 10784.6 10707.9 10431.8 9976.52 9723.99 9477.85 9237.94 9004.11 8940.07 8709.55 8329.43 8118.6 7913.09 7712.79 7657.94 7323.72 7271.63 7084.13 6901.47 6723.51 6550.15 6264.28 6219.72 5948.28 5797.71 5650.96 5610.76 5466.09 5325.15 5187.84 4961.42 4926.14 
772880
19928.8 19415 18914.3 18088.9 17960.2 17497.1 16733.5 16614.5 15889.4 15776.3 15087.8 14705.9 14333.7 14231.7 13610.6 13266.1 13171.7 12596.9 12278 12190.7 11876.4 11570.1 11271.8 10779.9 10703.2 10427.2 10158.3 9714.99 9645.89 9397.17 9154.87 8755.32 8533.7 8317.69 8107.15 7901.94 7701.92 7647.14 7449.96 7257.86 
6590
166.809 165.623 161.352 157.192 150.332 146.526 142.817 141.802 135.613 132.18 131.24 125.512 122.335 121.465 118.333 113.169 110.304 109.52 104.74 102.089 101.363 96.9389 94.4851 92.0934 91.4384 89.0807 86.7837 82.9962 80.8954 80.32 78.249 76.2313 72.9043 72.3858 69.2267 68.7343 65.7345 65.267 63.5841 61.9446 
740865
21645.7 18545.2 18067 17278.5 17155.6 16713.2 15983.8 15870.1 15460.9 15062.3 14673.9 14295.5 13926.9 13319.1 13224.4 12883.4 12551.2 12003.4 11699.6 11403.4 11322.3 10828.2 10751.2 10473.9 10016.8 9945.58 9689.13 9439.3 9027.34 8798.83 8736.25 8510.99 8139.54 7933.51 7877.08 7533.3 7342.62 7290.39 7102.41 6919.27 
551058
13948.7 13595.6 13251.4 12916 12824.2 12264.5 12177.2 11863.2 11345.5 11264.8 10974.3 10495.4 10420.7 9965.95 9713.68 9644.6 9395.91 9153.63 8754.14 8532.55 8316.57 8106.06 7900.87 7844.68 7642.41 7445.34 7120.41 7069.76 6887.47 6586.88 6540.03 6371.4 6207.11 5936.21 5785.95 5639.49 5599.38 5355.01 5219.46 5182.34 
217719
6361.04 5449.9 5212.05 5174.98 4949.13 4823.85 4789.54 4666.04 4545.73 4347.34 4316.42 4205.12 4021.6 3919.8 3891.92 3722.07 3627.85 3536.02 3446.51 3422 3333.77 3188.27 3165.59 3027.44 2950.81 2929.82 2801.95 2782.02 2660.61 2593.26 2527.62 2509.64 2444.93 2381.89 2320.47 2260.64 2202.35 2145.56 2051.92 1999.98 
880019
22275.5 22117.1 21151.8 20616.4 20094.5 19951.6 19080.9 18945.2 18118.3 17659.7 17534.1 16768.9 16649.6 16220.3 15802.1 15112.4 14729.9 14357 13993.6 13639.4 13294.1 12957.6 12865.5 12533.7 11986.7 11901.5 11382.1 11301.1 10807.9 10731 10454.3 10184.8 9740.26 9670.99 9421.62 9178.68 8942.01 8711.44 8331.24 8271.99 
531578
14086.8 13099 12767.4 12444.3 12129.3 12043 11517.4 11435.5 11140.6 10853.4 10379.7 10305.9 10040.1 9781.23 9529.02 9113.15 9048.33 8653.43 8591.89 8216.91 8158.47 7802.41 7604.91 7550.82 7356.12 7166.44 6981.66 6801.63 6626.25 6455.39 6288.94 6126.78 5968.8 5708.3 5667.7 5420.35 5283.14 5245.57 5110.31 4887.28 
167441
4238.35 4131.07 4026.5 3924.58 3896.67 3796.19 3630.51 3538.62 3513.45 3422.85 3273.47 3190.61 3167.92 3029.66 2952.97 2878.22 2805.37 2785.42 2713.59 2643.62 2528.25 2464.25 2401.87 2341.08 2324.43 2222.98 2207.17 2110.84 2057.41 2042.78 1953.63 1939.73 1889.72 1840.99 1760.64 1748.12 1703.04 1659.13 1616.35 1545.81 
837551
21200.5 20663.9 20140.8 19631 19134.1 18649.8 18177.7 17717.6 17269.1 16832 16712.3 16281.3 15861.5 15169.3 14785.3 14411 14308.5 13684.1 13586.7 13236.4 12895.1 12562.6 12014.3 11928.9 11408.3 11327.1 10832.8 10755.7 10286.3 10213.2 9949.82 9515.58 9274.71 9208.75 8806.85 8744.21 8362.59 8150.91 8092.94 7739.74 
813963
21570.1 20057.4 19549.7 19054.9 18919.4 18431.5 17956.3 17172.6 17050.5 16610.8 15885.9 15772.9 15084.5 14977.2 14591 14214.8 13594.4 13497.7 13149.7 12810.6 12480.3 11935.6 11850.7 11333.5 11046.7 10968.1 10489.4 10414.8 10146.3 9703.44 9634.42 9213.95 8980.72 8916.85 8527.69 8311.83 8252.71 7892.54 7692.76 7498.04 
624140
17214.6 15362.8 15253.5 14860.2 14477 13845.2 13494.8 13398.8 12814 12722.9 12167.6 11859.6 11559.4 11477.2 11181.3 10693.3 10617.2 10343.5 9892.05 9641.66 9573.08 9326.24 9085.76 8851.48 8465.18 8250.9 8042.05 7984.85 7636.37 7443.07 7254.67 7203.07 7017.34 6711.08 6541.21 6494.68 6327.22 6051.08 6008.04 5853.12 
616431
15894.8 15201.1 15093 14703.8 14062.1 13706.1 13608.6 13257.7 12679.1 12589 12039.5 11953.9 11645.7 11137.4 10855.5 10778.3 10307.9 10047 9792.66 9723.01 9298.67 9063.3 8833.88 8771.05 8388.26 8175.93 7968.98 7912.3 7566.98 7513.16 7185.27 7003.39 6826.12 6777.57 6602.81 6432.55 6151.82 5996.1 5844.32 5802.76 
695751
17611.2 17165.4 16730.9 16307.4 16191.4 15484.8 15092.8 14710.8 14606.2 13968.7 13615.1 13518.3 13169.7 12830.1 12270.2 12182.9 11868.8 11562.7 11058.1 10778.2 10701.5 10425.6 10156.8 9894.88 9463.04 9223.5 9157.9 8921.77 8691.72 8312.38 8253.26 7893.07 7693.27 7638.56 7305.19 7120.27 6940.04 6764.37 6716.26 6543.08 
917377
23221.1 22633.3 22472.3 21491.6 21338.7 20788.5 19881.2 19378 19240.2 18744.1 18260.7 17463.8 17021.7 16900.7 16163.1 16048.1 15347.7 15238.6 14845.6 14462.8 13831.6 13733.3 13133.9 12801.4 12710.4 12382.7 12063.4 11536.9 11244.9 10960.2 10682.8 10606.8 10333.3 9882.34 9632.19 9388.38 9321.61 8914.78 8689.13 8469.18 
841157
21291.8 21140.4 20217.7 20073.9 19556.3 19052.1 18560.8 17750.7 17301.4 17178.4 16735.4 16303.9 15883.5 15190.3 15082.3 14693.4 14314.5 13689.8 13343.2 13248.3 12906.7 12343.4 12255.7 11720.8 11424.1 11342.8 11050.4 10568.1 10492.9 10222.4 9958.78 9701.99 9451.83 9208.11 8970.68 8579.17 8518.15 8146.39 8088.45 7735.45 
72458
1834.09 1821.05 1741.57 1729.19 1653.72 1641.96 1599.62 1529.81 1491.08 1453.34 1416.55 1406.48 1345.09 1311.05 1277.86 1268.77 1236.06 1182.11 1152.19 1143.99 1114.5 1065.86 1058.28 1030.99 1004.4 978.505 935.8 929.145 888.594 866.101 844.178 838.174 816.562 780.924 761.157 741.89 723.111 717.968 686.634 669.254 
457581
11798.8 11283.9 10998.2 10920 10638.4 10364.1 10096.9 9656.23 9411.81 9173.57 8941.36 8877.77 8490.32 8275.4 8065.93 7861.76 7662.76 7468.8 7279.75 7095.48 7045.01 6737.55 6689.63 6517.13 6349.09 6071.99 5918.3 5768.49 5727.46 5579.78 5435.9 5198.66 5067.07 5031.03 4901.31 4774.93 4651.81 4531.86 4415 4301.16 
740308
19618.2 18242.5 17780.7 17654.2 17199 16448.4 16032.1 15918 15507.6 14830.8 14455.4 14352.6 13726.2 13628.5 13277.1 12697.7 12376.3 12288.2 11751.9 11454.5 11373 10876.7 10799.3 10520.8 10061.7 9806.99 9737.24 9486.16 9072.16 8842.52 8618.69 8557.39 8183.92 8125.72 7916.19 7570.71 7516.86 7188.8 7006.84 6829.48 
221702
5716.62 5467.13 5428.25 5288.28 5151.92 5019.08 4800.03 4765.89 4643 4523.28 4406.65 4214.33 4184.35 4001.73 3973.27 3799.87 3772.84 3675.56 3580.78 3488.45 3336.21 3312.48 3227.06 3086.23 3008.11 2931.96 2911.11 2836.05 2762.92 2691.68 2622.27 2507.83 2489.99 2381.32 2321.04 2262.29 2205.03 2189.34 2132.89 2077.89 
133359
3375.65 3290.2 3206.92 3125.75 3103.51 3023.49 2891.53 2818.34 2798.3 2676.17 2608.43 2589.88 2523.1 2458.04 2350.76 2291.26 2274.96 2175.68 2160.2 2065.93 2051.23 1961.71 1912.05 1863.66 1850.4 1802.69 1756.21 1679.56 1667.61 1594.83 1554.46 1515.12 1504.34 1438.69 1402.27 1392.3 1331.53 1297.83 1288.6 1255.37 
450799
11410.8 11329.7 11037.6 10752.9 10283.7 10023.4 9952.06 9517.72 9450.03 9037.6 8808.84 8585.87 8524.8 8152.75 8094.77 7741.49 7545.53 7354.53 7302.23 7113.94 6803.46 6755.07 6580.89 6411.2 6131.4 6087.79 5930.82 5777.89 5525.73 5486.42 5344.96 5207.14 4979.88 4944.46 4816.97 4606.74 4490.13 4376.48 4265.7 4157.72 
916030
23187 23022.1 22428.5 21449.6 20906.7 20377.5 20232.5 19710.8 19202.6 18364.5 18233.9 17438.1 16996.7 16566.5 16448.7 15730.8 15332.6 15223.6 14559.2 14190.6 13831.4 13733.1 13133.7 12801.3 12710.2 12155.5 12069.1 11542.3 11460.2 10960.1 10882.1 10601.5 10328.2 9877.41 9627.39 9383.69 9316.95 8910.33 8684.79 8464.96 
46018
1164.83 1156.55 1126.72 1077.55 1069.89 1042.3 996.81 989.721 964.201 939.339 915.118 875.179 868.954 846.548 824.72 803.454 782.737 748.576 743.252 724.087 692.486 687.561 657.553 652.877 624.383 608.578 593.174 578.159 574.047 559.245 544.825 521.047 507.858 495.003 491.482 478.809 466.463 454.435 442.718 423.396 
416386
10539.8 10273 10012.9 9759.5 9512.46 9444.8 9032.6 8803.96 8741.35 8359.85 8300.39 8086.36 7877.86 7674.72 7339.78 7287.57 7099.66 6789.81 6741.52 6567.69 6281.05 6122.07 6078.52 5813.24 5666.09 5625.79 5380.26 5244.08 5111.34 5074.98 4853.49 4730.64 4610.9 4494.18 4462.22 4347.16 4157.44 4052.2 4023.38 3919.64 
629720
16237.4 15528.8 15418.3 15020.8 14365.2 14001.6 13902 13543.5 13194.3 12618.5 12299.1 12211.6 11678.7 11595.6 11296.6 11005.3 10525 10450.1 9994.07 9741.1 9671.82 9422.43 9011.2 8947.11 8716.41 8336 8276.71 7915.49 7859.19 7516.19 7462.74 7137.04 6956.38 6780.3 6608.67 6561.67 6392.48 6227.64 6067.06 5910.62 
441634
11178.9 10895.9 10620.1 10544.6 10084.4 10012.6 9575.66 9507.55 9092.61 8862.46 8799.42 8415.39 8355.54 7990.88 7934.04 7587.78 7395.71 7343.11 7153.77 6841.56 6668.38 6499.59 6453.36 6286.96 6012.58 5860.38 5818.7 5668.66 5522.5 5281.48 5243.92 5108.7 4976.97 4759.76 4639.28 4606.28 4405.25 4373.92 4261.14 4075.17 
241063
7043.08 6034.24 5770.89 5729.84 5582.1 5338.48 5203.35 5071.64 4943.26 4908.1 4781.55 4572.87 4457.12 4425.42 4232.28 4202.18 4093.82 3915.16 3887.31 3787.07 3621.79 3530.12 3440.76 3416.29 3328.2 3242.38 3100.88 3078.82 2944.45 2869.92 2797.28 2777.38 2656.17 2588.93 2570.52 2504.24 2394.95 2377.91 2316.6 2215.49 
487058
12328.7 12016.6 11712.4 11415.9 11334.8 11042.5 10757.8 10480.4 10023 9951.68 9695.07 9445.09 9032.87 8968.63 8577.21 8360.1 8300.64 8086.61 7733.68 7678.68 7480.68 7287.79 6969.73 6793.31 6744.99 6450.62 6287.34 6242.62 6081.65 5924.84 5772.07 5623.23 5377.82 5241.69 5109.01 5072.67 4851.29 4728.49 4608.8 4576.02 
530313
13423.5 13083.8 12990.7 12423.8 12109.3 11802.8 11718.8 11207.4 11127.7 10642 10566.3 10105.2 10033.3 9774.6 9522.56 9106.97 8876.45 8651.76 8432.76 8372.79 8156.89 7800.9 7603.44 7410.98 7223.39 7040.55 6862.33 6813.53 6637.84 6466.68 6299.94 6024.99 5982.14 5827.88 5677.61 5429.82 5391.21 5252.19 5116.76 4984.83 
697687
17990 17526.1 17074.2 16633.9 15908 15505.3 15395 14723.1 14618.4 14241.5 13874.3 13268.7 12932.9 12840.9 12509.8 11963.8 11878.7 11572.4 11274 10782 10705.3 10238.1 9978.96 9907.99 9652.51 9403.62 8993.21 8765.57 8543.69 8327.43 8268.2 7907.35 7707.2 7652.38 7318.41 7266.36 6949.23 6899.81 6721.9 6548.57 
335793
8658.47 8435.21 8217.71 8005.82 7656.42 7601.96 7270.19 7218.48 7032.35 6851.02 6552.02 6386.17 6340.75 6064.02 5910.53 5868.49 5717.17 5467.66 5329.26 5291.35 5060.42 5024.43 4894.88 4681.25 4647.95 4528.11 4330.48 4220.87 4114.03 4084.77 3906.5 3878.71 3778.7 3613.79 3522.31 3433.15 3408.74 3320.84 3175.91 3095.52 
935338
24117.8 23065.3 22901.2 21901.7 21746 20796.9 20649 20116.6 19597.8 18742.5 18268.1 17805.7 17355 17231.6 16787.2 16054.6 15940.4 15529.4 14851.6 14475.7 14109.3 13752.1 13654.3 13058.4 12965.5 12399.7 12085.8 11779.9 11696.1 11185.7 11106.1 10819.7 10347.5 10085.6 10013.9 9755.66 9504.11 9259.05 8854.95 8791.97 
208460
5375.17 5236.57 5101.55 4970 4841.85 4717 4511.14 4479.05 4283.57 4175.15 4145.45 3964.53 3936.33 3834.84 3735.95 3572.91 3547.49 3392.67 3306.79 3223.09 3200.17 3060.5 3038.73 2906.11 2832.55 2812.41 2689.67 2670.54 2553.99 2535.82 2425.15 2363.76 2303.93 2245.61 2188.77 2133.37 2118.19 2025.75 2011.34 1959.48 
16462
416.694 413.731 395.674 385.659 382.916 366.204 363.6 347.731 345.258 330.19 321.832 319.543 311.303 297.717 295.6 287.978 280.552 273.318 266.27 259.405 252.716 241.687 235.569 229.606 227.973 222.095 212.402 207.025 205.553 200.253 191.513 190.151 181.852 177.249 175.988 168.308 164.047 159.895 155.848 154.739 
437490
11593.5 11286.3 10690.8 10415.1 10146.6 9884.94 9630.05 9209.77 8976.65 8749.43 8527.96 8467.3 8248.97 8036.27 7829.05 7487.37 7297.85 7113.12 7062.53 6754.3 6583.33 6536.51 6251.23 6093 5938.77 5788.45 5747.28 5599.08 5354.72 5219.18 5087.07 5050.89 4830.45 4708.18 4589.01 4556.37 4438.88 4245.15 4137.7 4108.27 
765819
19384.8 18894.1 18759.7 18276 17804.8 17345.7 16898.4 16462.7 15744.2 15345.7 15236.5 14571.6 14202.7 13843.2 13744.8 13144.9 12812.2 12487.9 12171.8 12085.2 11773.6 11470 10969.4 10891.4 10416 10152.4 9895.41 9644.93 9576.33 9329.4 8922.24 8858.78 8630.36 8407.82 8040.88 7983.69 7635.26 7441.99 7389.06 7066.58 
783625
20205.9 19324 19186.6 18691.9 18209.9 17415.2 17291.3 16845.4 16411.1 15694.9 15583.2 15181.4 14518.8 14415.6 13786.4 13688.4 13091 12759.6 12668.9 12342.2 12024 11713.9 11202.7 10919.1 10841.5 10368.3 10294.6 9845.28 9775.25 9523.2 9277.64 8872.74 8809.63 8425.15 8365.23 8149.53 7793.86 7596.58 7404.29 7216.87 
242280
6132.71 6089.09 5932.09 5779.13 5630.11 5484.94 5245.56 5208.25 5073.95 4943.12 4727.39 4693.77 4488.92 4375.29 4264.54 4234.21 4049.42 4020.62 3845.14 3747.81 3652.95 3626.97 3468.67 3444 3355.2 3268.69 3126.03 3103.8 3023.76 2945.8 2869.84 2744.59 2725.07 2606.14 2540.17 2475.87 2458.26 2350.98 2291.47 2233.47 
435556
11230.9 10941.3 10463.8 10389.4 10121.5 9860.48 9606.23 9358.53 9117.22 8719.32 8498.61 8438.16 8220.58 8008.61 7802.11 7600.93 7269.2 7217.5 6902.51 6727.79 6679.94 6507.7 6223.68 6179.42 6020.08 5864.85 5713.62 5566.3 5323.37 5188.62 5057.28 5021.31 4802.17 4680.61 4647.32 4527.49 4329.9 4299.1 4188.25 4005.46 
531701
13458.7 13118 12786 12695 12367.7 12048.8 11522.9 11441 11146 10858.6 10578.6 10305.8 9856.03 9785.93 9533.6 9287.77 8882.43 8819.25 8591.85 8216.87 8008.88 7806.16 7750.64 7412.38 7224.75 7173.37 6988.4 6683.4 6635.87 6464.76 6298.07 6135.67 5977.46 5823.33 5673.18 5526.89 5285.68 5248.09 5112.77 4889.63 
661724
16749.9 16630.8 16201.9 15784.2 15377.2 14706.1 14601.5 13964.2 13610.7 13266.2 13171.9 12597 12507.4 12184.9 11653.1 11358.2 11070.6 10991.9 10512.2 10437.4 9981.9 9910.91 9478.37 9238.44 9004.6 8776.67 8714.25 8333.93 8122.98 7917.36 7716.96 7521.62 7331.23 7279.09 6961.41 6911.89 6610.24 6563.22 6393.99 6229.12 
174656
4420.98 4309.07 4200 4093.69 3990.07 3889.07 3790.63 3763.67 3666.62 3506.6 3417.84 3393.53 3306.02 3220.78 3080.21 3058.31 2979.45 2849.42 2777.29 2706.99 2638.47 2619.7 2505.37 2487.55 2423.41 2317.65 2301.16 2241.83 2143.99 2089.72 2074.85 1984.3 1934.07 1885.12 1837.4 1824.33 1777.29 1731.46 1655.9 1644.12 
471422
12155.7 11625.2 11542.5 11038.7 10960.2 10677.6 10211.6 10139 9877.56 9622.86 9202.89 8969.94 8742.89 8680.71 8456.88 8238.81 7879.25 7823.21 7621.48 7288.86 7104.36 6924.53 6875.28 6698 6525.29 6357.04 6193.12 6033.43 5770.11 5729.07 5479.04 5340.35 5205.17 5168.15 5034.89 4905.06 4778.59 4570.03 4537.53 4420.53 
527826
13610.1 13259.1 12680.5 12359.5 12046.6 11961 11652.5 11352.1 11059.4 10576.7 10309 10048 9976.57 9541.16 9299.65 9233.51 8830.53 8767.73 8385.08 8172.83 7965.96 7764.32 7567.78 7513.96 7186.03 7004.13 6826.84 6778.28 6603.5 6433.23 6267.35 5993.82 5842.1 5800.55 5650.99 5505.27 5265.01 5131.74 5095.24 4963.86 
570533
14441.6 14338.9 13713.1 13366 13027.7 12697.9 12607.6 12057.4 11971.6 11449.1 11367.7 11074.6 10789 10510.8 10052.1 9980.61 9723.25 9298.9 9063.52 8999.06 8767.02 8540.96 8168.21 7961.45 7904.82 7559.83 7506.07 7312.52 7123.97 6813.05 6764.6 6469.37 6305.61 6146 6102.29 5835.97 5688.25 5544.26 5504.83 5264.58 
749985
19338.5 18839.8 18017.6 17561.5 17117 16995.3 16557 15834.4 15721.8 15035.7 14928.7 14543.8 13909.1 13557 13460.6 12873.1 12781.5 12452 11908.5 11823.8 11519 11221.9 10932.6 10650.7 10376 9923.21 9672.03 9427.2 9360.15 9118.8 8720.83 8500.08 8439.63 8071.3 8013.89 7664.14 7470.14 7417.01 7093.31 7042.86 
179775
4635.53 4433.22 4321 4211.63 4105.02 4001.11 3972.65 3870.22 3770.42 3605.87 3514.6 3425.63 3401.27 3252.83 3229.69 3088.74 3066.77 2987.69 2910.66 2835.6 2762.49 2641.92 2623.13 2508.65 2490.81 2382.1 2365.16 2304.18 2203.61 2147.84 2093.47 2078.58 1987.86 1937.55 1923.77 1839.81 1826.72 1779.62 1701.95 1689.85 
106008
2683.33 2615.41 2549.2 2531.07 2420.61 2403.39 2298.5 2282.15 2182.55 2127.31 2073.46 2058.71 1968.86 1954.86 1904.45 1821.34 1808.38 1729.46 1717.16 1642.22 1630.54 1588.49 1547.54 1507.63 1441.83 1405.34 1395.34 1334.45 1300.67 1267.74 1235.65 1204.38 1173.89 1165.54 1114.67 1086.46 1078.73 1050.92 1023.82 979.136 
694344
17575.6 17450.6 17000.6 16562.2 15839.4 15726.8 15321.3 14926.2 14541.3 14166.4 13801.1 13198.8 13104.9 12767 12437.8 12117.1 11804.6 11500.2 11203.7 10714.7 10638.5 10174.2 10101.9 9661 9416.46 9349.48 9108.41 8710.89 8490.39 8430.01 8062.09 7858.02 7802.13 7600.95 7269.23 7217.52 7031.42 6724.55 6676.72 6385.33 
190707
6757.06 4874.68 4617.48 4498.42 4302.1 4193.2 4163.38 4056.02 3879.01 3780.82 3753.93 3657.13 3562.83 3407.34 3321.09 3237.03 3214 3131.13 3050.39 2971.74 2842.04 2770.1 2699.99 2680.78 2563.78 2545.55 2434.45 2372.83 2355.96 2253.13 2196.1 2180.48 2085.32 2070.49 1980.13 1930 1916.28 1832.65 1786.26 1773.55 
666257
17655.8 16417.7 16300.9 15880.6 15187.5 14803.1 14428.4 14325.8 13956.4 13347.3 13009.4 12916.9 12583.9 12259.4 11943.3 11422 11132.9 10851.1 10773.9 10496.1 10038 9966.64 9531.67 9463.88 9050.84 8986.47 8754.75 8529.01 8309.09 7946.45 7745.31 7549.26 7495.56 7168.43 6986.98 6937.29 6758.41 6584.14 6414.37 6248.98 
610180
15445.2 15335.3 14666 14294.8 13933 13580.3 13483.7 12895.2 12568.8 12479.4 11934.8 11632.7 11550 11045.9 10967.3 10488.7 10223.2 9964.41 9893.54 9638.43 9389.9 9147.78 8748.55 8527.1 8466.45 8248.14 8035.46 7684.77 7490.25 7300.65 7248.73 7061.82 6753.62 6705.58 6532.68 6364.23 6086.48 5932.42 5782.25 5741.13 
979685
25261.3 24158.8 23547.3 23379.9 22777 21782.9 21628 21070.3 20527 19631.2 19134.3 18649.9 18517.3 18039.8 17574.6 16807.6 16382.2 16265.7 15846.3 15437.7 15039.6 14383.2 14019.2 13919.4 13560.5 13210.9 12870.2 12538.4 12215.1 11900.1 11593.2 11294.3 10801.4 10528 10261.5 10188.5 9925.8 9669.86 9420.52 9177.61 
422885
10704.3 10628.1 10354.1 9902.21 9831.78 9578.27 9331.29 8924.05 8860.58 8473.87 8413.6 8046.41 7989.18 7640.51 7447.11 7394.14 7203.48 6889.1 6840.1 6663.73 6372.9 6327.58 6051.42 5898.25 5856.3 5705.29 5456.29 5318.18 5183.57 5052.36 4924.47 4799.82 4678.32 4645.05 4442.33 4329.88 4299.08 4188.23 4005.44 3904.06 
139290
3591.61 3499 3346.3 3322.5 3177.49 3097.06 3018.67 2942.26 2867.78 2795.19 2775.31 2654.19 2587 2521.52 2503.59 2439.03 2332.58 2315.99 2256.28 2157.81 2142.46 2048.95 1997.09 1946.54 1932.7 1882.86 1800.69 1787.88 1709.85 1697.69 1653.91 1611.27 1569.72 1501.21 1463.21 1426.18 1416.03 1379.52 1319.31 1309.93 
646439
16363 15948.8 15545.1 15151.6 15043.8 14655.9 14016.3 13916.6 13557.8 13208.2 12867.6 12535.8 12212.6 11679.6 11596.5 11297.5 10804.4 10531 10456.1 9999.72 9746.6 9499.89 9432.33 9020.67 8792.34 8729.8 8504.7 8133.53 8075.68 7723.24 7668.31 7333.64 7148 7097.17 6787.42 6739.15 6445.03 6281.89 6122.88 5967.9 
98873
2549.46 2483.72 2419.67 2314.07 2297.61 2238.37 2140.68 2086.49 2033.68 2019.22 1931.09 1882.21 1868.82 1787.26 1774.55 1728.79 1653.34 1641.58 1569.94 1558.78 1490.75 1453.01 1416.23 1406.16 1344.79 1335.23 1276.95 1267.87 1212.54 1203.91 1172.87 1142.63 1092.76 1065.1 1057.52 1030.25 985.291 978.283 953.058 928.484 
578965
14655.1 14550.8 14175.6 13557 13460.5 12873.1 12547.2 12229.6 12142.6 11829.5 11313.3 11232.8 10742.6 10666.2 10391.1 10123.2 9862.17 9431.76 9193.01 8960.32 8896.59 8667.19 8288.93 8079.11 7874.61 7675.28 7620.69 7288.1 7103.62 6923.81 6874.57 6697.31 6524.62 6239.86 6081.92 6038.66 5775.11 5628.93 5486.45 5347.57 
730031
18824 18338.6 17865.7 17405.1 16956.3 16519 15798.1 15398.2 15288.7 14894.5 14244.4 13883.9 13785.1 13429.7 12843.6 12752.2 12423.4 11881.2 11580.5 11287.3 11207 10918.1 10441.6 10367.3 10100 9839.56 9410.13 9343.2 9102.28 8705.03 8484.69 8269.92 8211.1 7852.74 7653.97 7599.53 7403.58 7080.46 7030.1 6723.29 
125185
3168.75 3146.21 3008.9 2932.74 2911.88 2784.79 2764.99 2644.31 2625.51 2510.92 2447.36 2429.96 2323.91 2307.38 2206.68 2190.98 2134.49 2079.45 1988.7 1974.55 1888.38 1840.58 1827.49 1747.73 1703.49 1660.37 1648.56 1576.61 1536.71 1525.78 1486.43 1448.11 1410.77 1374.39 1338.95 1304.43 1270.79 1215.33 1184.57 1154.58 
259220
6561.51 6514.84 6230.51 6186.2 6026.69 5763.66 5722.67 5575.11 5431.35 5291.31 5060.38 5024.39 4894.83 4681.21 4647.91 4445.06 4413.45 4220.83 4113.99 4084.73 3906.46 3878.68 3709.4 3683.02 3522.28 3497.23 3407.05 3319.2 3174.34 3093.99 3071.98 2992.77 2862.16 2841.8 2768.53 2697.14 2627.59 2512.92 2449.31 2387.31 
623293
16071.7 15657.3 15253.6 14860.3 14211.7 13852 13753.5 13153.2 12820.3 12495.8 12179.5 12092.8 11781 11266.9 11186.7 10898.3 10422.6 10158.8 9901.67 9831.25 9577.75 9159.75 9094.6 8860.09 8473.41 8413.15 8045.97 7988.75 7782.75 7582.07 7386.57 7196.11 7010.55 6829.78 6653.68 6363.29 6318.03 6155.12 5996.41 5734.71 
457446
12122.3 11272.3 10986.9 10708.8 10437.8 10363.5 10096.3 9655.66 9411.25 9344.31 8936.5 8710.29 8489.81 8429.43 8212.08 7853.68 7654.88 7461.12 7408.05 7217.03 7030.94 6849.65 6673.03 6381.8 6336.41 6173.02 5903.61 5861.62 5605.81 5463.91 5325.6 5287.73 5151.38 5018.55 4799.53 4678.04 4559.63 4527.2 4410.46 4296.74 
422682
10699.1 10428.3 10164.3 9907.06 9656.29 9411.87 9344.93 8937.09 8710.87 8490.37 8429.99 8062.08 7858 7659.1 7465.23 7276.26 7224.51 7038.23 6731.06 6560.68 6394.61 6349.13 6072.03 5918.34 5768.53 5622.51 5582.52 5338.89 5300.91 5069.57 5033.51 4903.72 4689.71 4571 4538.49 4421.46 4228.5 4198.42 4090.16 3911.66 
344577
8722.11 8501.33 8286.14 8227.2 7868.14 7812.18 7471.23 7282.12 7097.79 7047.31 6865.59 6565.96 6519.26 6351.16 6073.97 6030.77 5767.57 5726.55 5476.63 5338 5300.04 5163.37 4938.03 4902.91 4776.48 4653.32 4533.34 4416.44 4302.56 4114.79 4010.63 3909.11 3881.31 3781.23 3616.2 3524.67 3499.6 3409.36 3321.45 3176.49 
755722
22079.7 18570.3 18100.3 17971.5 17187.2 17065 16624.9 15899.4 15496.9 15386.7 14715.2 14342.7 13979.6 13625.8 13280.9 12944.7 12617 12297.7 12210.2 11677.3 11381.7 11300.8 11009.4 10528.9 10262.4 10002.6 9931.49 9675.41 9253.14 9018.92 8790.63 8728.11 8347.19 8135.9 8078.03 7725.48 7529.93 7339.33 7287.13 7099.23 
333770
8448.55 8234.7 8176.13 7965.31 7617.68 7424.86 7372.05 7181.96 6868.52 6694.66 6647.04 6475.65 6308.67 6033.34 5990.43 5835.97 5581.27 5541.57 5299.72 5165.57 5034.82 4999.01 4780.84 4659.82 4541.87 4426.9 4395.42 4282.08 4171.67 3989.6 3888.62 3790.19 3694.25 3667.97 3573.39 3417.44 3330.93 3246.62 3223.53 3140.41 
491697
12446.1 12131 11824 11739.9 11437.2 10938 10860.2 10580.2 10118.4 9862.31 9612.67 9544.3 9127.76 9062.84 8829.15 8601.49 8379.7 8013.98 7956.99 7751.81 7551.93 7222.34 7170.97 6858.01 6809.24 6633.66 6344.14 6299.02 6136.6 5868.78 5827.04 5572.73 5533.1 5291.62 5253.98 5024.68 4988.94 4860.3 4734.98 4612.89 
173403
4389.26 4278.16 4247.73 4062.35 4033.46 3929.45 3828.13 3661.06 3568.39 3543.01 3388.38 3302.61 3219.02 3196.12 3113.71 3033.42 2901.03 2880.4 2806.13 2733.77 2614.46 2548.28 2530.16 2419.74 2358.49 2341.71 2281.33 2181.77 2126.54 2111.42 2019.27 2004.91 1917.41 1903.77 1820.68 1807.73 1761.12 1684.26 1672.28 1629.16 
875561
22162.6 21601.6 21054.9 20521.9 20002.4 19496.1 19357.5 18858.3 18035.3 17578.8 17133.8 17012 16269.5 16153.8 15737.3 15331.5 14662.4 14291.2 14189.6 13823.7 13220.4 13126.4 12553.5 12464.2 11920.2 11618.5 11324.4 11037.8 10959.2 10676.7 10210.7 9952.24 9700.33 9631.33 9210.99 9145.48 8909.66 8520.82 8305.14 8246.07 
256864
6501.87 6337.29 6176.88 6020.53 5868.13 5719.59 5678.92 5532.48 5389.83 5154.6 5117.94 4894.58 4859.76 4647.67 4530.02 4415.36 4383.95 4270.91 4084.52 3981.13 3880.36 3852.76 3684.61 3591.35 3565.8 3473.86 3322.25 3298.62 3213.56 3130.7 2994.07 2918.28 2844.41 2824.18 2700.93 2681.72 2564.68 2499.76 2481.98 2417.98 
732861
18550.5 18418.6 17943.7 17481 17030.2 16287 15874.7 15761.8 15355.4 14685.2 14580.8 14204.8 13584.9 13241 12905.9 12579.2 12260.8 12173.6 11642.3 11347.6 11060.3 10780.4 10507.5 10241.5 10168.7 9724.9 9655.73 9406.76 9164.2 8764.25 8542.4 8481.65 8262.95 7902.33 7702.3 7647.52 7313.76 7128.63 7077.93 6895.42 
973943
24652.9 24477.6 23846.4 23231.6 22632.5 22048.9 21086.7 20552.9 20032.7 19525.6 19031.3 18896 18071.3 17942.8 17159.7 17037.6 16598.3 16170.3 15464.6 15073.2 14966 14312.8 13950.5 13851.3 13494.1 12905.2 12578.5 12260.1 12173 11641.7 11558.9 11260.8 10970.5 10687.6 10412 10143.5 9881.99 9450.71 9211.49 9145.98 
