127661
2172.16 2135.2 2098.87 2063.16 2028.05 1969 1935.91 1903.37 1871.39 1839.94 1831.57 1800.4 1747.98 1718.6 1710.78 1681.68 1632.71 1605.27 1597.97 1551.44 1544.38 1518.1 1492.27 1466.88 1441.92 1399.94 1376.41 1370.15 1330.25 1324.2 1285.64 1279.79 1242.53 1236.88 1215.83 1180.43 1160.59 1141.09 1121.91 1116.81 1097.8 1079.12 1047.7 1030.1 1012.78 1008.18 978.821 962.371 946.198 930.297 914.662 899.291 884.178 880.155 854.527 840.166 836.344 822.114 808.125 784.595 
554659
9321.35 9278.95 9008.76 8857.37 8817.07 8560.34 8521.39 8376.4 8233.88 8093.78 7956.06 7724.4 7594.59 7560.03 7431.4 7304.95 7092.25 6973.06 6941.34 6823.23 6707.13 6593.01 6480.83 6370.56 6262.16 6079.82 5977.65 5950.45 5849.21 5678.89 5583.46 5489.62 5464.65 5371.67 5215.26 5191.53 5103.2 5016.36 4870.3 4848.14 4706.98 4627.87 4550.1 4473.63 4398.45 4378.44 4303.94 4178.62 4159.61 4088.83 3969.78 3951.71 3836.65 3819.2 3707.99 3645.67 3584.41 3568.1 3507.39 3405.26 
328696
5592.78 5429.93 5338.68 5314.39 5159.65 5072.93 4987.68 4964.99 4820.42 4798.49 4716.84 4636.59 4557.7 4424.99 4350.62 4330.83 4204.72 4185.6 4114.38 3994.58 3976.4 3908.74 3794.93 3777.67 3713.39 3650.21 3543.92 3484.36 3425.81 3410.22 3310.92 3255.28 3200.57 3186.01 3093.24 3041.26 2990.15 2939.9 2926.52 2841.31 2793.56 2746.61 2700.45 2655.07 2642.99 2566.04 2522.91 2480.51 2438.83 2427.73 2357.04 2346.32 2278 2267.63 2201.61 2191.59 2127.78 2092.02 2082.5 2021.86 
5326
89.5064 88.0022 86.5233 86.1296 83.6217 83.2413 80.8175 80.4498 78.1073 76.7947 76.4453 74.2194 72.9721 71.7458 71.4194 69.3398 69.0243 67.8499 66.6954 64.7534 64.4588 62.5819 62.2972 61.2372 60.1953 58.4425 58.1766 56.4827 55.5334 54.6002 54.3518 52.7692 51.8824 51.6463 50.1425 49.2998 49.0755 48.2405 47.4197 46.039 45.8295 45.0497 43.738 43.539 42.2712 42.0789 41.3629 40.6591 39.4753 38.8118 38.6353 37.9779 37.3317 36.2447 36.0798 35.4659 34.4332 34.2766 33.6933 32.7123 
146725
2465.8 2424.36 2383.61 2343.56 2304.17 2293.69 2254.66 2216.3 2178.59 2115.15 2105.53 2069.7 2009.44 2000.3 1942.05 1933.22 1876.93 1868.39 1836.6 1783.12 1775.01 1723.32 1694.36 1686.65 1657.95 1609.68 1582.63 1575.43 1548.62 1522.27 1477.95 1453.11 1428.69 1422.19 1397.99 1357.28 1351.11 1328.12 1305.52 1267.51 1246.21 1225.26 1219.69 1198.94 1164.03 1158.73 1139.01 1119.63 1087.03 1068.76 1063.9 1045.8 1028.01 998.073 981.3 964.808 960.419 944.077 928.014 912.224 
337256
5738.43 5571.34 5477.71 5385.65 5295.14 5271.05 5117.57 5031.57 4947.01 4924.5 4781.11 4700.76 4621.77 4544.09 4467.73 4447.4 4371.73 4244.44 4173.11 4154.12 4083.44 3964.54 3946.5 3879.35 3813.34 3748.46 3684.68 3621.98 3560.36 3456.69 3398.59 3383.13 3284.62 3269.68 3214.05 3159.36 3105.6 3052.76 2963.87 2914.06 2900.81 2816.34 2769.01 2756.41 2709.51 2663.41 2585.86 2574.09 2530.29 2487.24 2444.92 2373.73 2333.84 2294.62 2256.06 2218.14 2208.05 2143.76 2134 2071.87 
624531
10626.4 10445.6 10267.9 10093.2 9799.28 9634.6 9590.77 9311.51 9155.02 9113.37 8958.31 8805.88 8656.05 8404.01 8262.77 8123.91 7987.38 7853.15 7721.18 7686.05 7555.27 7335.28 7212.01 7179.19 6970.15 6938.44 6820.38 6621.79 6591.67 6479.51 6290.84 6185.12 6081.17 5978.98 5878.5 5851.75 5681.36 5655.52 5559.29 5464.7 5305.58 5216.41 5128.75 5042.56 5019.62 4934.21 4850.25 4767.72 4628.9 4551.11 4530.4 4453.32 4323.65 4250.99 4231.65 4108.43 4039.39 4021.01 3903.93 3886.17 
550853
9372.79 9099.88 9058.48 8794.71 8754.7 8605.74 8459.31 8315.38 8173.89 7935.89 7899.78 7765.37 7633.24 7503.36 7375.69 7160.93 7040.58 6922.26 6890.77 6773.52 6658.27 6464.4 6355.76 6326.85 6142.62 6039.39 5937.9 5910.88 5738.77 5712.66 5546.32 5521.09 5360.33 5270.25 5181.68 5094.6 5071.42 4923.75 4841 4759.65 4737.99 4600.04 4579.11 4445.77 4425.55 4296.69 4277.14 4152.6 4082.81 4064.24 3995.08 3927.11 3812.76 3748.68 3731.63 3668.14 3605.72 3544.37 3484.06 3424.78 
60954
1024.37 1019.71 1002.36 973.169 956.814 952.461 924.728 920.521 904.858 889.462 863.563 849.05 834.781 830.984 816.844 793.06 779.732 776.185 762.978 749.996 737.235 724.69 712.36 691.618 688.471 668.424 657.191 646.147 643.207 624.478 613.984 603.665 593.52 583.546 573.739 564.097 561.531 551.976 535.904 526.898 524.501 509.229 500.671 492.257 483.984 475.85 473.686 459.893 452.164 450.107 442.448 434.92 427.52 420.246 408.009 401.152 399.327 392.533 385.854 379.288 
356694
5994.44 5967.17 5793.42 5696.06 5670.14 5573.67 5411.37 5386.75 5295.1 5140.92 5054.52 4969.58 4946.97 4802.93 4722.21 4700.73 4563.85 4487.15 4411.74 4391.67 4263.8 4192.14 4121.69 4102.94 4033.13 3915.69 3897.88 3784.38 3767.16 3657.47 3640.83 3578.88 3474.68 3416.28 3358.87 3302.42 3287.4 3191.68 3177.16 3084.64 3070.61 3018.36 2967.01 2880.61 2867.51 2784.01 2737.23 2724.77 2645.44 2633.4 2556.72 2513.75 2502.32 2459.74 2388.12 2347.99 2308.53 2298.02 2231.11 2220.96 
275183
4624.6 4603.56 4469.52 4449.18 4373.48 4246.14 4226.82 4103.74 4085.07 3966.13 3899.47 3833.94 3769.51 3706.16 3643.88 3582.64 3522.43 3506.41 3446.74 3388.1 3289.44 3234.16 3179.81 3126.37 3112.15 3021.53 3007.78 2920.2 2871.13 2858.07 2774.85 2762.22 2715.22 2636.16 2624.17 2547.76 2504.94 2493.55 2420.94 2380.26 2340.25 2329.61 2289.97 2251 2185.46 2148.73 2138.96 2102.56 2066.79 2031.62 1972.46 1963.49 1906.32 1874.28 1865.76 1811.43 1803.19 1772.51 1742.35 1691.61 
209942
3638.51 3467.04 3408.78 3393.27 3294.47 3279.48 3223.68 3129.81 3077.21 3025.5 2974.65 2961.12 2874.9 2826.59 2813.73 2731.8 2719.37 2640.19 2595.82 2552.19 2540.58 2497.35 2454.86 2413.09 2372.03 2331.67 2263.78 2253.48 2215.14 2177.45 2140.4 2078.07 2068.62 2033.42 1974.21 1965.23 1908.01 1875.94 1867.41 1813.04 1804.79 1752.24 1722.79 1693.84 1686.13 1657.44 1629.24 1581.8 1574.6 1547.81 1502.74 1495.91 1452.35 1445.74 1421.14 1379.76 1356.57 1333.78 1311.36 1305.4 
342610
5829.53 5659.78 5634.03 5469.98 5378.06 5287.68 5198.81 5175.16 5024.47 4940.03 4857.01 4834.92 4752.65 4671.79 4592.29 4514.16 4437.35 4361.85 4234.84 4215.57 4092.83 4024.04 3956.42 3938.42 3823.74 3806.34 3695.51 3678.7 3616.11 3510.81 3451.81 3393.8 3378.36 3279.99 3265.07 3209.52 3116.06 3063.69 3012.21 2998.5 2947.48 2861.66 2813.57 2766.28 2753.7 2706.85 2660.79 2615.51 2539.36 2527.8 2454.2 2412.96 2372.41 2361.61 2321.43 2253.83 2243.58 2178.25 2141.65 2105.65 
194557
3269.64 3254.76 3159.99 3106.89 3054.67 3040.78 2989.04 2902 2888.8 2839.65 2756.96 2744.42 2697.73 2619.17 2575.16 2563.44 2519.82 2476.95 2404.83 2393.89 2324.18 2285.12 2274.73 2208.49 2171.38 2134.89 2099.01 2063.73 2029.05 1994.95 1985.88 1928.05 1919.28 1863.39 1854.92 1800.91 1770.64 1740.88 1732.96 1682.5 1674.85 1646.35 1598.41 1571.55 1564.4 1537.78 1511.62 1467.6 1442.94 1418.69 1394.85 1388.5 1348.07 1341.94 1302.87 1296.94 1259.17 1238.01 1217.21 1196.75 
564481
11069.9 9416.31 9142.13 8988.5 8837.44 8797.23 8647.55 8500.41 8355.77 8112.47 8075.57 7938.16 7707.02 7671.96 7448.57 7414.68 7198.78 7166.03 7044.1 6924.25 6806.43 6690.62 6576.78 6464.87 6354.87 6246.74 6140.45 5961.66 5861.47 5834.8 5664.91 5639.14 5543.19 5381.78 5357.3 5201.3 5113.89 5027.95 4943.45 4860.38 4778.7 4698.39 4619.43 4598.41 4464.52 4444.21 4314.8 4242.29 4170.99 4152.02 4031.12 4012.78 3944.5 3829.65 3765.29 3702.01 3639.8 3578.63 3562.35 3501.73 
11943
200.709 197.336 194.019 193.137 189.85 186.62 181.186 178.141 175.148 174.351 169.274 168.504 165.637 160.814 158.111 155.454 154.747 150.241 147.716 145.234 144.573 140.363 138.004 137.377 133.377 132.77 128.904 128.317 126.134 123.988 121.878 119.804 117.766 114.337 113.817 110.503 110 106.797 105.002 104.524 102.746 99.7543 99.3004 97.6108 94.7686 94.3375 91.5906 90.0514 88.538 87.0501 86.654 84.1309 83.7481 82.3231 79.9261 78.5829 78.2254 76.8944 74.6554 74.3157 
12783
214.825 213.848 207.621 206.677 200.659 199.746 196.347 190.63 187.426 184.277 183.438 178.097 175.104 174.307 169.232 166.388 163.592 160.842 160.111 155.449 154.741 150.236 149.552 147.008 142.727 140.328 137.97 137.342 133.343 131.102 128.899 128.313 126.13 123.983 121.874 118.325 116.337 114.382 112.459 111.948 110.043 106.839 105.043 104.565 101.521 101.059 98.1161 97.6698 96.0079 94.3743 92.7685 90.0673 88.5537 87.0655 85.6023 85.2129 83.763 81.324 79.9573 78.6136 
316923
5326.07 5301.84 5211.63 5059.88 5036.86 4890.19 4808.01 4727.21 4647.77 4569.66 4492.86 4472.42 4396.32 4321.52 4195.69 4176.6 4054.99 3986.84 3968.7 3901.17 3834.8 3769.55 3659.79 3598.28 3581.91 3520.97 3418.44 3360.99 3304.51 3248.98 3234.2 3140.02 3125.74 3034.72 2983.72 2970.15 2883.67 2835.2 2787.56 2740.71 2728.24 2648.8 2604.29 2592.44 2548.33 2504.97 2462.35 2390.65 2350.47 2339.78 2271.65 2261.32 2195.47 2158.57 2148.75 2112.19 2076.25 2015.8 2006.63 1972.48 
324069
5446.16 5354.63 5330.27 5239.58 5087.01 5001.52 4917.47 4895.1 4811.81 4729.94 4592.21 4571.32 4493.54 4362.7 4342.85 4268.95 4144.65 4125.8 4005.66 3938.35 3920.43 3853.72 3741.51 3724.49 3616.04 3555.27 3539.1 3436.05 3378.3 3321.53 3306.42 3250.16 3194.86 3140.49 3087.06 3034.53 2946.17 2932.77 2847.38 2834.42 2751.89 2705.64 2693.33 2647.51 2602.46 2558.18 2483.69 2472.39 2430.32 2388.97 2319.41 2280.43 2242.11 2231.91 2193.93 2130.05 2120.36 2058.62 2024.02 1990.01 
836936
14240.5 13998.2 13590.6 13362.2 13137.7 12916.9 12858.1 12483.7 12273.9 12067.6 11864.8 11665.4 11612.4 11274.2 11084.8 11034.3 10846.6 10530.8 10353.8 10179.8 10133.5 9838.41 9673.07 9510.51 9350.68 9193.54 9039.04 8997.91 8844.81 8694.32 8441.16 8402.76 8158.09 8020.99 7984.5 7848.64 7620.11 7585.44 7456.37 7329.5 7204.79 6995 6877.45 6846.16 6646.82 6616.58 6503.99 6393.33 6207.17 6102.85 6000.29 5972.99 5799.08 5701.62 5605.8 5580.3 5417.81 5393.16 5301.4 5147.03 
637567
10848.2 10532.4 10355.4 10308.2 10132.8 9960.44 9790.96 9505.87 9462.62 9301.62 9030.78 8989.69 8836.73 8579.43 8540.39 8395.08 8252.24 8011.95 7877.3 7841.47 7613.14 7578.51 7357.84 7234.19 7112.61 6993.08 6875.56 6844.28 6644.99 6533.31 6503.59 6314.22 6285.5 6178.55 6073.42 5970.08 5796.25 5698.84 5672.91 5576.38 5414.01 5389.38 5232.46 5208.65 5120.03 4970.94 4948.33 4804.24 4723.51 4702.02 4565.1 4544.34 4467.01 4391.01 4263.15 4191.51 4172.44 4050.95 4032.52 3915.1 
141219
2373.26 2333.38 2322.76 2283.24 2244.39 2179.04 2169.13 2105.97 2070.58 2035.78 2001.57 1967.93 1958.98 1925.64 1892.88 1860.67 1829.01 1797.89 1767.3 1737.23 1686.65 1678.97 1630.08 1602.69 1575.76 1549.27 1542.23 1515.98 1471.84 1447.11 1440.52 1398.58 1375.08 1351.97 1345.82 1306.63 1284.67 1263.08 1257.33 1220.72 1215.17 1179.79 1174.42 1154.44 1134.79 1101.75 1096.74 1064.8 1059.96 1041.93 1024.2 994.375 977.664 973.216 956.656 928.801 924.575 908.844 893.38 878.179 
4771
81.1788 79.7975 78.4398 76.1558 74.8759 74.5353 73.2671 71.1337 69.9383 68.7629 67.6073 66.4711 65.3541 64.2557 63.1759 62.8885 61.0573 60.0312 59.0224 58.7538 57.0431 56.7835 55.8174 54.8676 53.9341 53.0164 52.1143 50.5968 49.7465 48.9105 48.688 47.8596 46.466 46.2546 45.4676 44.694 43.3926 43.1952 41.9374 41.7466 41.0363 39.8414 39.6602 38.5054 38.3302 37.678 37.0369 35.9585 35.7949 34.7526 34.1686 34.0131 33.0227 32.8725 31.9153 31.7701 30.8451 30.7047 29.8107 29.6751 
51650
878.827 863.874 838.72 834.904 820.698 796.801 793.176 779.68 766.414 744.098 731.593 728.265 707.059 703.843 691.867 671.721 668.665 649.195 646.242 627.425 624.57 606.384 596.194 593.481 576.2 566.517 556.996 547.636 538.432 535.983 520.376 511.631 503.033 500.744 492.224 483.849 475.616 467.524 453.91 451.845 444.157 436.6 429.171 416.675 409.672 407.808 400.869 394.049 387.344 376.065 369.745 363.532 361.878 351.341 349.742 339.559 338.014 328.172 322.656 321.189 
991032
16654.8 16579.1 16297 15822.4 15556.5 15485.8 15034.9 14966.5 14711.8 14283.4 14043.4 13807.4 13575.3 13513.6 13283.6 13057.6 12835.5 12617.1 12249.7 12193.9 11838.9 11639.9 11587 11249.6 11060.5 10874.7 10691.9 10512.2 10464.4 10286.3 10111.3 9939.27 9649.86 9605.96 9442.51 9167.57 9125.86 8860.14 8819.83 8669.76 8417.32 8275.86 8238.21 8098.04 7862.24 7826.47 7693.3 7469.29 7435.31 7308.8 7095.98 7063.7 6943.51 6741.33 6628.04 6516.65 6487.01 6298.12 6192.28 6088.21 
468809
7976.81 7744.54 7709.31 7484.83 7359.04 7235.37 7202.45 7079.9 6873.75 6842.48 6726.06 6611.61 6419.1 6311.22 6282.51 6099.58 6071.83 5895.03 5795.96 5769.59 5601.59 5507.46 5414.9 5323.9 5234.43 5146.46 5059.97 5036.95 4951.25 4807.08 4726.29 4646.87 4568.77 4547.99 4470.6 4340.43 4267.49 4195.77 4125.26 4055.93 4037.48 3968.78 3853.22 3788.46 3724.8 3707.85 3599.89 3539.39 3523.28 3420.7 3405.13 3347.19 3249.73 3234.95 3179.9 3087.31 3073.27 3020.98 2933.01 2883.72 
523697
8801.02 8760.98 8611.91 8361.15 8220.64 8082.49 8045.71 7811.44 7680.17 7551.1 7516.74 7388.85 7263.12 7139.54 6931.66 6900.12 6782.71 6585.22 6555.26 6443.72 6256.09 6150.96 6122.97 5944.69 5844.78 5818.19 5719.2 5621.88 5526.23 5432.2 5339.77 5184.29 5097.16 5073.97 4987.64 4842.41 4820.38 4680.02 4658.73 4579.46 4446.12 4371.4 4297.94 4278.38 4153.81 4084 4015.36 3997.1 3929.09 3862.23 3796.52 3685.97 3624.03 3563.12 3546.91 3443.63 3385.76 3370.36 3313.01 3216.54 
979449
16460.2 16183.6 15911.6 15644.2 15381.3 15311.3 15050.8 14612.5 14546.1 14298.6 13882.2 13648.9 13419.5 13358.5 13131.2 12907.8 12688.1 12472.2 12109.1 12054 11848.9 11647.3 11308.1 11256.7 10928.9 10879.2 10694.1 10382.7 10208.2 10161.8 9988.88 9698.03 9535.04 9491.67 9215.29 9173.37 9017.28 8754.72 8714.89 8566.6 8420.84 8175.65 8038.25 7903.16 7770.35 7639.76 7605.01 7383.57 7259.48 7137.48 7105.01 6898.13 6866.75 6666.8 6554.76 6444.61 6336.3 6229.82 6125.12 6022.18 
908831
15273.4 15016.7 14764.4 14697.2 14269.2 14204.3 13962.6 13725.1 13325.4 13101.5 12881.3 12664.8 12607.2 12392.7 12031.9 11829.7 11630.8 11435.4 11383.4 11051.9 10866.2 10683.6 10504 10327.5 10280.5 9981.16 9935.75 9646.45 9602.56 9322.96 9166.28 9124.58 8858.89 8818.59 8561.81 8417.92 8276.46 8137.37 8000.61 7866.16 7830.37 7602.37 7474.61 7440.6 7314 7189.55 6980.21 6862.9 6831.68 6632.76 6602.58 6490.24 6379.81 6271.25 6088.65 6060.95 5884.47 5857.7 5687.14 5591.56 
415781
7205.91 6951.92 6833.64 6634.66 6523.16 6413.53 6384.35 6198.46 6094.29 5991.87 5964.61 5863.12 5763.36 5595.55 5570.09 5407.9 5317.02 5292.83 5202.77 5114.25 5027.23 4941.69 4797.8 4717.17 4637.89 4616.79 4482.36 4407.03 4386.99 4259.25 4239.87 4116.41 4097.69 4027.96 3910.68 3892.89 3779.54 3716.02 3653.57 3592.17 3575.83 3514.98 3412.64 3397.11 3339.31 3282.49 3226.64 3132.69 3080.04 3028.28 3014.5 2963.21 2912.79 2863.23 2814.51 2766.62 2719.55 2673.27 2595.43 2551.82 
797112
13395.9 13335 12946.7 12729.1 12515.2 12458.2 12246.3 11889.7 11689.9 11636.7 11438.7 11244.1 11052.7 10864.7 10679.8 10368.8 10194.6 10148.2 9852.72 9687.14 9643.07 9362.29 9319.69 9161.12 9005.24 8743.03 8703.25 8449.84 8307.83 8270.04 8129.32 7892.61 7759.97 7724.67 7499.75 7373.71 7340.16 7126.43 7006.67 6974.79 6771.7 6657.9 6627.61 6434.63 6326.49 6297.71 6190.56 6085.22 5908.04 5808.75 5782.32 5613.95 5588.41 5425.69 5401.01 5309.11 5218.77 5129.98 5042.69 4895.86 
453156
8395.4 7567.62 7347.27 7223.8 7102.4 7070.08 6864.22 6832.99 6634.03 6603.85 6411.56 6303.81 6275.13 6168.36 6063.4 5886.85 5860.07 5689.44 5593.83 5499.82 5407.39 5382.79 5291.2 5201.17 5049.73 4964.86 4942.27 4858.18 4775.52 4694.26 4614.39 4480.03 4404.74 4384.7 4310.1 4184.6 4165.56 4044.27 3976.3 3909.48 3843.78 3826.29 3714.88 3652.45 3635.83 3529.96 3513.9 3454.11 3353.54 3297.18 3282.18 3226.33 3132.39 3118.14 3027.35 3013.57 2925.82 2876.65 2828.31 2815.44 
417120
7009.93 6978.04 6774.86 6744.04 6629.29 6516.49 6326.74 6220.42 6192.12 6086.76 5983.19 5881.39 5781.32 5682.95 5586.25 5423.59 5398.92 5241.72 5153.63 5067.02 4981.86 4959.2 4814.8 4733.88 4712.34 4575.13 4554.32 4421.71 4401.59 4326.7 4253.08 4180.71 4058.98 4040.51 3971.76 3856.12 3838.57 3726.8 3664.17 3602.59 3586.2 3481.78 3423.27 3365.74 3350.42 3293.42 3237.38 3182.3 3128.15 3037.06 2986.02 2972.44 2921.86 2836.79 2789.11 2776.42 2695.58 2650.28 2638.22 2561.4 
422255
7318.11 7060.17 6940.04 6821.96 6705.88 6591.78 6479.62 6290.95 6262.33 6155.77 6051.03 5948.07 5846.87 5747.38 5649.59 5485.09 5392.91 5302.28 5278.16 5124.47 5038.35 4953.68 4870.43 4788.58 4708.1 4686.68 4550.22 4473.75 4398.56 4378.55 4251.06 4179.62 4160.6 4039.46 3971.57 3904.83 3887.06 3773.88 3710.46 3648.1 3586.79 3526.51 3467.25 3408.98 3393.47 3294.66 3239.29 3224.56 3130.66 3116.42 3063.4 2974.2 2924.21 2875.07 2861.99 2778.66 2766.01 2685.47 2640.34 2595.97 
798859
13592.6 13196.8 13136.8 12913.3 12693.6 12323.9 12267.9 11910.7 11710.5 11657.2 11458.9 11125.2 11074.6 10752.1 10571.4 10393.8 10219.1 10172.6 9876.42 9710.44 9547.25 9386.81 9344.1 9185.11 8917.66 8767.8 8620.45 8475.58 8437.02 8293.46 8051.97 8015.34 7781.95 7651.17 7522.59 7396.17 7271.87 7149.67 7029.51 6997.53 6878.47 6761.43 6646.38 6533.3 6422.13 6312.86 6205.45 6024.76 5997.35 5895.3 5794.99 5696.39 5599.47 5504.19 5410.54 5318.48 5163.62 5140.12 5052.66 4905.54 
624608
10627.7 10318.3 10144.9 9974.38 9929.01 9639.9 9596.04 9316.63 9274.24 9116.44 8850.99 8702.24 8662.65 8515.26 8370.37 8227.95 8087.95 7950.33 7718.84 7683.72 7459.99 7426.05 7209.82 7177.02 6968.04 6936.34 6734.37 6621.2 6591.07 6399.16 6370.04 6261.66 6079.33 6051.67 5875.46 5776.72 5679.64 5653.8 5557.6 5463.04 5303.97 5279.84 5126.1 5039.96 5017.03 4870.94 4848.78 4766.28 4685.18 4605.46 4527.1 4395.28 4375.29 4247.89 4228.56 4156.61 4035.58 4017.22 3900.25 3834.7 
853190
14338.3 14273.1 13857.5 13624.6 13562.6 13331.9 12943.7 12884.8 12509.6 12452.7 12240.8 12032.5 11827.8 11483.4 11290.4 11239.1 10911.8 10728.4 10548.1 10500.1 10194.4 10023.1 9977.47 9807.71 9522.13 9478.81 9317.53 9046.22 9005.07 8851.84 8594.1 8449.67 8411.23 8166.31 8029.07 7894.14 7858.23 7629.41 7501.2 7467.07 7340.02 7126.29 7093.87 6973.17 6770.13 6656.35 6544.49 6434.51 6405.23 6296.25 6189.12 6083.81 5906.66 5807.4 5780.98 5682.61 5517.15 5492.05 5332.13 5242.52 
249788
4250.15 4126.4 4057.05 4038.6 3921 3855.11 3790.32 3773.08 3708.88 3645.77 3539.61 3480.13 3464.3 3363.42 3306.9 3251.33 3196.68 3182.14 3089.49 3075.43 3023.1 2971.66 2885.13 2836.65 2788.98 2742.11 2696.02 2683.76 2605.61 2593.76 2518.24 2475.92 2434.31 2393.4 2353.17 2342.47 2302.61 2263.43 2224.92 2160.14 2150.31 2113.72 2077.76 2042.4 2007.65 1973.49 1939.91 1883.43 1874.86 1842.96 1789.29 1781.15 1750.85 1699.87 1671.3 1643.21 1635.74 1588.11 1561.42 1554.31 
378698
6443.56 6255.94 6227.48 6046.15 5944.54 5844.64 5746.42 5720.28 5622.95 5459.22 5434.38 5341.92 5186.37 5099.21 5013.52 4990.71 4905.79 4762.95 4741.28 4603.22 4582.28 4504.31 4373.16 4299.66 4280.1 4155.48 4085.64 4016.98 3949.47 3883.1 3817.84 3753.68 3736.6 3673.02 3610.53 3549.09 3488.71 3387.12 3330.2 3274.23 3259.34 3164.43 3111.25 3097.1 3006.92 2993.24 2942.31 2856.64 2843.64 2760.84 2714.44 2702.09 2623.41 2579.33 2567.59 2523.9 2480.96 2438.75 2367.74 2327.94 
866327
14559.1 14314.4 14249.3 14006.9 13599 13537.1 13306.8 12919.3 12860.6 12486.1 12429.3 12067.4 12012.5 11808.1 11607.2 11409.7 11077.5 10891.3 10708.3 10659.5 10478.2 10299.9 10124.6 9952.36 9662.57 9500.18 9340.53 9298.03 9139.83 8873.7 8724.57 8684.88 8537.1 8391.84 8147.49 8010.57 7875.95 7743.59 7708.36 7577.2 7356.57 7232.94 7200.03 6990.38 6872.91 6757.4 6643.84 6532.19 6422.41 6314.48 6285.75 6178.8 6073.67 5896.82 5797.72 5700.28 5604.49 5510.3 5485.23 5391.9 
543389
10656.3 9232.81 8907.37 8755.82 8606.83 8460.39 8316.44 8174.93 8035.83 7801.85 7670.73 7635.84 7505.91 7287.36 7164.89 7132.29 6924.62 6808.25 6693.83 6663.38 6469.35 6360.63 6253.74 6225.29 6119.36 5941.18 5914.15 5741.95 5715.82 5618.57 5454.97 5430.15 5272.04 5183.44 5159.86 5009.62 4986.82 4901.97 4818.57 4736.58 4655.98 4520.41 4444.45 4424.23 4295.4 4275.86 4203.11 4131.59 4061.29 3992.19 3875.94 3858.31 3792.66 3728.13 3619.58 3603.11 3541.8 3438.67 3423.03 3323.36 
465661
8070.38 7690.06 7655.08 7524.83 7396.79 7270.94 7059.22 7027.11 6822.49 6707.84 6677.32 6563.71 6452.02 6264.16 6235.66 6054.09 5952.35 5852.32 5825.69 5726.57 5559.82 5466.39 5441.52 5348.93 5193.18 5105.91 5020.1 4997.26 4912.23 4769.2 4689.05 4667.72 4588.3 4454.7 4379.83 4359.91 4232.96 4161.82 4091.88 4023.11 4004.81 3888.2 3870.51 3804.65 3693.87 3631.79 3615.27 3510 3451.01 3393.02 3335.99 3320.82 3224.12 3169.94 3116.67 3102.49 3049.7 2960.9 2947.43 2861.61 
491806
8265.07 8227.47 8087.48 7851.99 7720.03 7590.3 7555.76 7427.2 7210.94 7089.76 7057.5 6852 6736.85 6623.63 6512.32 6482.69 6293.93 6188.16 6084.16 5981.92 5881.39 5782.55 5756.24 5658.3 5493.54 5468.55 5375.5 5218.98 5131.27 5045.04 4960.25 4937.69 4793.91 4772.1 4633.15 4612.07 4533.6 4401.59 4327.62 4307.93 4234.63 4162.58 4091.75 3972.61 3905.85 3840.21 3775.67 3712.22 3695.33 3587.73 3527.44 3468.16 3409.87 3352.57 3337.31 3240.14 3225.4 3131.48 3078.86 3027.11 
997038
16755.8 16679.5 16193.9 15921.7 15849.3 15387.8 15317.8 15057.2 14618.7 14552.2 14128.5 13891.1 13657.6 13428.1 13367 12977.8 12918.7 12542.6 12485.5 12273.1 11915.7 11715.5 11662.2 11322.6 11132.3 11081.7 10893.1 10707.8 10525.6 10346.5 10045.2 9999.51 9708.34 9545.19 9384.78 9342.08 9183.13 8915.73 8765.9 8726.02 8471.94 8433.4 8289.9 8148.85 7911.57 7778.62 7743.23 7517.76 7483.56 7265.66 7232.6 7022.01 6904 6787.97 6673.9 6561.74 6451.46 6343.04 6236.44 6208.07 
129687
2247.61 2141.69 2131.95 2069.87 2035.08 2000.88 1967.26 1934.2 1925.4 1869.33 1860.83 1829.17 1775.91 1746.06 1716.72 1708.91 1679.83 1651.25 1603.17 1576.23 1549.74 1523.69 1516.76 1490.95 1465.58 1422.91 1399 1375.49 1352.37 1346.22 1323.31 1300.79 1262.92 1241.69 1236.05 1215.01 1194.34 1174.02 1139.83 1134.65 1115.34 1082.87 1064.67 1046.78 1042.01 1011.67 1007.07 989.935 973.091 944.757 928.88 913.269 909.114 893.646 867.625 863.678 838.529 834.714 820.512 796.62 
236063
3967.17 3949.12 3834.13 3816.69 3705.56 3643.28 3626.71 3565 3461.19 3445.45 3345.12 3329.91 3232.95 3178.62 3125.2 3110.98 3058.05 2969 2955.49 2905.21 2820.61 2807.78 2726.03 2713.62 2634.61 2622.62 2578 2534.13 2491.02 2448.63 2406.97 2366.01 2297.12 2258.52 2248.24 2209.99 2145.64 2109.58 2099.98 2038.83 2004.57 1995.45 1961.5 1928.12 1871.98 1863.46 1831.76 1778.42 1770.33 1740.21 1689.54 1681.85 1653.23 1605.1 1578.12 1570.94 1525.2 1518.26 1474.05 1467.35 
947988
15931.5 15859 15589.1 15135.2 15066.4 14810 14558 14134.1 13896.6 13833.4 13598 13202.1 12980.2 12762 12547.6 12490.5 12278 12069.1 11717.6 11664.3 11324.7 11134.4 11083.7 10761 10712 10400.1 10225.3 10053.5 9884.54 9839.57 9672.15 9390.52 9347.79 9188.74 9032.39 8769.39 8729.5 8475.31 8332.88 8294.97 8153.83 8015.09 7878.72 7744.66 7519.15 7484.94 7357.59 7143.35 7110.85 6989.86 6786.33 6672.29 6560.15 6530.31 6340.16 6311.32 6203.93 6098.37 5994.61 5820.06 
559076
9395.58 9352.84 9193.7 9037.27 8774.12 8734.21 8479.89 8337.38 8299.45 8057.79 7922.37 7886.33 7656.7 7621.86 7399.93 7275.57 7153.3 7120.76 6999.6 6880.5 6680.16 6649.76 6456.14 6347.64 6240.96 6212.57 6106.86 6002.96 5900.81 5729 5702.93 5536.88 5511.69 5351.2 5261.27 5237.33 5084.84 4999.38 4976.64 4891.96 4749.52 4669.7 4591.22 4570.33 4437.26 4362.69 4342.84 4268.94 4144.64 4074.99 4006.51 3988.28 3872.15 3807.08 3743.1 3680.19 3618.34 3557.54 3497.75 3438.97 
398107
6899.6 6574.46 6463.97 6434.56 6325.08 6140.91 6037.71 5936.24 5836.48 5809.92 5640.75 5615.09 5519.55 5358.83 5334.45 5243.69 5154.47 5066.76 4980.55 4835.53 4813.53 4673.37 4652.11 4516.65 4496.1 4365.19 4345.33 4218.8 4147.9 4078.19 4009.66 3942.27 3924.34 3857.57 3791.93 3681.52 3664.77 3558.06 3498.26 3439.47 3423.83 3365.57 3267.57 3252.71 3197.36 3142.96 3089.48 3036.91 2985.24 2934.44 2849 2801.12 2754.05 2741.52 2694.87 2616.4 2572.43 2529.2 2517.69 2444.39 
646584
10866.2 10816.8 10501.8 10325.3 10151.8 10105.6 9811.36 9766.72 9600.54 9321 9278.59 9120.72 8965.53 8704.47 8664.87 8517.44 8269.43 8130.46 8093.47 7955.76 7724.1 7594.3 7466.67 7341.19 7217.82 7096.52 7064.23 6858.54 6827.33 6711.17 6596.98 6404.89 6375.75 6190.1 6161.94 6057.09 5954.03 5780.67 5683.52 5657.66 5492.92 5400.61 5376.04 5284.57 5194.65 5043.4 5020.45 4935.03 4791.33 4769.53 4630.66 4609.59 4531.16 4399.22 4325.29 4305.61 4180.24 4109.99 4091.29 4021.68 
381223
6406.66 6377.52 6191.82 6087.76 5985.45 5884.86 5785.97 5688.73 5593.13 5499.13 5474.11 5314.72 5225.4 5137.59 5114.21 4965.3 4881.86 4859.65 4776.96 4695.68 4615.78 4481.38 4460.99 4385.09 4257.41 4238.04 4165.93 4044.62 3976.65 3958.56 3891.21 3825 3713.62 3696.73 3589.09 3528.77 3512.72 3410.43 3353.12 3337.86 3240.67 3186.21 3132.67 3080.02 3066.01 2976.73 2963.19 2876.91 2828.56 2781.03 2734.29 2721.85 2675.54 2630.01 2553.43 2510.52 2468.33 2426.85 2386.06 2345.96 
436865
7571.32 7214.52 7181.7 7059.5 6853.94 6738.76 6708.1 6512.78 6483.15 6294.37 6265.74 6159.13 5979.79 5952.58 5851.3 5680.92 5585.45 5491.58 5466.6 5373.59 5217.12 5129.44 5106.11 4957.43 4934.88 4850.91 4768.37 4629.53 4608.46 4474.28 4399.08 4379.07 4251.56 4180.11 4109.86 4040.79 4022.41 3905.29 3887.52 3821.37 3756.35 3646.98 3630.39 3568.61 3507.89 3405.75 3348.52 3333.28 3276.57 3181.16 3127.7 3075.14 3061.15 3009.06 2957.86 2871.74 2823.48 2776.03 2729.37 2716.96 
457257
7684.46 7649.5 7426.76 7301.95 7179.24 7146.58 7024.98 6905.45 6704.38 6673.87 6560.32 6448.69 6338.97 6154.39 6126.39 5948.01 5920.95 5748.54 5722.39 5555.77 5530.49 5369.46 5279.22 5255.2 5165.79 5015.37 4992.55 4847.18 4765.72 4685.63 4606.89 4529.47 4508.86 4377.57 4357.66 4230.77 4159.67 4089.76 4071.16 4001.89 3885.36 3820.07 3755.87 3738.78 3629.92 3568.91 3508.94 3449.97 3391.99 3376.56 3319.1 3222.46 3207.8 3114.4 3062.06 3048.13 2959.37 2945.91 2895.78 2811.46 
991848
16668.6 16592.7 16310.4 15835.5 15763.4 15495.2 15231.6 14788.1 14720.8 14470.3 14224.1 13809.9 13747.1 13513.2 13119.7 13060 12679.7 12466.7 12257.1 12051.2 11848.6 11649.5 11453.7 11401.6 11069.6 11019.3 10698.4 10518.6 10341.9 10168.1 9997.18 9829.17 9663.98 9620.02 9339.91 9297.41 9139.22 8983.71 8722.13 8682.45 8534.72 8286.21 8146.95 8010.04 7973.6 7837.92 7609.7 7575.08 7354.51 7321.05 7107.88 7075.55 6955.15 6836.81 6637.74 6607.54 6495.11 6384.6 6198.7 6170.49 
617292
10992.5 10316.2 10140.7 9845.41 9679.95 9635.91 9471.96 9310.79 9039.68 8998.56 8736.54 8589.72 8550.64 8405.15 8160.41 8123.29 7886.76 7754.21 7718.94 7494.18 7460.09 7242.87 7209.91 6999.98 6882.34 6766.68 6652.96 6622.69 6429.86 6400.6 6214.23 6185.96 6080.71 5977.24 5803.2 5776.8 5608.59 5583.08 5420.51 5395.85 5304.04 5213.79 5061.98 5038.95 4892.22 4869.97 4787.11 4705.65 4625.59 4546.88 4469.52 4393.47 4265.54 4193.85 4174.77 4103.74 4033.92 3965.28 3849.82 3832.3 
279554
4978.2 4671.92 4535.88 4515.25 4438.42 4309.19 4289.58 4164.68 4145.73 4025.02 4006.71 3938.53 3823.85 3806.45 3695.62 3633.51 3572.45 3512.41 3496.43 3436.94 3378.46 3320.98 3264.47 3169.42 3116.15 3101.97 3049.19 2960.41 2946.94 2861.13 2848.12 2799.66 2718.14 2672.46 2627.54 2583.39 2571.63 2496.75 2454.79 2443.63 2372.47 2361.68 2292.91 2282.48 2216.02 2178.78 2168.87 2131.96 2095.69 2034.67 2025.41 1990.95 1932.98 1900.49 1891.85 1836.76 1805.89 1775.54 1767.47 1737.39 
582502
9911.3 9622.7 9460.99 9417.95 9143.72 8990.05 8949.15 8796.88 8647.2 8395.42 8254.33 8216.78 8076.97 7939.54 7708.36 7578.81 7544.33 7324.66 7291.34 7167.27 7045.32 6840.18 6809.06 6610.8 6580.72 6389.11 6360.04 6251.82 6069.78 5967.78 5940.63 5839.55 5669.51 5574.23 5480.56 5388.45 5363.94 5207.75 5184.06 5095.85 4947.47 4924.97 4781.56 4701.2 4622.2 4544.52 4523.84 4392.12 4372.14 4244.83 4225.52 4153.62 4082.95 3964.06 3946.03 3831.13 3813.7 3748.81 3685.02 3622.32 
866154
15424.2 14744 14049.2 13985.3 13578.1 13349.9 13289.1 13063 12840.8 12466.9 12410.2 12199 11843.8 11789.9 11589.3 11251.8 11062.8 11012.4 10825 10509.8 10462 10157.4 9986.7 9818.87 9653.86 9491.62 9332.11 9289.65 9019.16 8867.59 8718.56 8572.04 8533.04 8387.85 8143.62 8006.76 7970.33 7834.72 7606.59 7571.98 7443.15 7316.5 7103.46 7071.14 6950.83 6832.56 6633.61 6522.13 6412.52 6304.76 6198.8 6094.63 6066.9 5963.67 5862.2 5762.45 5664.41 5568.03 5473.28 5313.92 
208345
3501.35 3485.42 3426.12 3367.82 3310.52 3214.13 3160.11 3107 3054.79 3040.89 2952.35 2938.92 2888.91 2804.79 2792.03 2744.52 2697.83 2651.92 2574.7 2531.44 2488.89 2447.07 2435.93 2365 2325.26 2286.18 2275.78 2209.52 2172.38 2135.88 2099.98 2064.69 2055.3 2020.33 1985.95 1952.16 1895.32 1886.69 1831.76 1823.42 1770.33 1740.58 1732.66 1682.21 1674.56 1625.8 1618.4 1590.86 1563.79 1537.19 1492.43 1485.64 1460.36 1435.51 1411.09 1370 1363.77 1324.06 1318.03 1295.61 
919652
15647.9 15192.3 14937 14686 14619.1 14370.4 13952 13717.5 13487 13260.3 13200 12975.4 12597.6 12385.9 12177.7 11973.1 11771.8 11574 11521.4 11185.9 11135 10945.5 10759.3 10446 10270.4 10097.8 9928.15 9882.98 9595.21 9551.56 9389.04 9229.28 9072.25 8808.08 8660.06 8514.52 8475.79 8228.99 8090.7 8053.89 7916.85 7686.33 7651.36 7428.57 7394.78 7268.96 7057.3 6938.7 6822.09 6707.44 6594.72 6564.72 6453.02 6343.22 6235.29 6053.73 5952 5851.97 5825.35 5655.73 
28034
519.372 489.97 468.365 460.248 444.025 431.096 429.135 416.64 409.638 402.754 400.921 394.1 387.394 376.114 369.793 363.579 361.925 351.386 345.481 339.675 333.967 332.447 322.767 317.343 312.01 310.59 305.305 296.416 291.434 290.108 281.661 280.38 272.216 270.977 266.367 261.834 254.21 253.054 248.748 241.505 237.447 233.456 229.533 228.488 224.601 218.061 217.069 213.375 209.745 203.638 202.711 196.809 195.913 190.209 189.343 183.83 182.994 179.88 174.642 171.707 
596971
10032.4 9986.79 9696 9651.88 9370.84 9328.21 9056.6 8904.39 8863.88 8605.79 8566.64 8420.87 8277.59 8136.75 7998.3 7862.21 7633.28 7505 7470.86 7253.32 7220.32 7010.09 6892.28 6860.92 6744.18 6629.43 6516.63 6326.88 6298.1 6114.71 6086.89 5909.66 5810.34 5712.69 5616.69 5522.3 5429.49 5404.79 5312.83 5158.13 5134.66 5047.3 4961.42 4816.95 4736 4714.46 4634.24 4555.39 4477.88 4401.69 4326.79 4200.8 4181.69 4059.93 4041.46 3972.7 3905.1 3791.39 3774.14 3709.93 
715698
12027.7 11973 11769.3 11569 11372.2 11178.7 10988.5 10668.5 10489.2 10441.5 10137.5 10091.3 9797.5 9752.93 9468.94 9309.81 9153.36 8999.53 8958.59 8697.73 8658.16 8510.84 8366.03 8122.43 7985.93 7851.72 7816 7683.01 7459.3 7425.37 7299.02 7174.83 7052.75 6847.39 6732.32 6619.18 6507.94 6398.57 6291.04 6185.31 6081.36 6053.7 5950.69 5849.44 5749.91 5652.08 5487.5 5395.28 5370.74 5279.35 5125.63 5102.31 4953.74 4870.49 4788.64 4708.17 4629.04 4551.25 4530.54 4453.46 
531348
9844.03 9661.65 8870.75 8558.08 8308.89 8169.26 8132.09 7993.72 7857.71 7724.01 7592.59 7371.51 7247.63 7125.83 7093.41 6972.71 6769.68 6655.92 6544.06 6514.29 6324.61 6295.83 6188.71 6008.51 5981.17 5879.4 5708.21 5682.24 5585.55 5422.92 5398.25 5241.06 5152.98 5066.38 5043.33 4896.48 4814.2 4792.29 4652.75 4631.59 4496.73 4421.16 4346.86 4273.8 4254.36 4130.48 4061.07 4042.59 3973.81 3906.19 3839.73 3727.93 3710.96 3602.91 3542.36 3482.83 3466.99 3407.99 3350.01 3293.01 
483670
8229.67 8089.64 7854.09 7722.1 7686.96 7463.14 7337.72 7214.4 7181.58 7059.38 6939.27 6821.2 6622.58 6511.28 6481.66 6292.93 6264.3 6081.9 6054.23 5951.22 5777.93 5680.83 5654.98 5490.32 5465.35 5306.21 5282.07 5128.27 5042.08 4957.35 4934.8 4791.11 4710.59 4631.42 4610.35 4531.91 4399.95 4326.01 4306.33 4233.05 4161.03 4090.23 3971.13 3904.39 3838.78 3821.31 3756.29 3646.92 3585.63 3525.37 3509.33 3407.15 3391.65 3292.89 3277.91 3222.14 3167.31 3113.42 3022.76 2971.97 
941007
16308.6 15733.8 15275.7 15206.2 14763.4 14696.2 14446.2 14200.4 13958.7 13552.3 13490.6 13261.1 13035.5 12655.9 12443.2 12386.6 12025.9 11823.8 11770 11569.8 11372.9 11041.8 10991.5 10804.5 10620.7 10311.4 10264.5 9965.62 9920.29 9631.43 9469.57 9310.43 9153.96 9000.12 8959.18 8806.74 8656.89 8509.59 8261.81 8122.97 7986.46 7852.24 7720.28 7590.54 7462.97 7429.02 7302.61 7178.36 7056.22 6850.76 6819.59 6621.02 6590.9 6398.99 6291.45 6185.72 6157.58 6052.81 5876.56 5777.8 
772950
16422.4 12713.9 12500.2 12290.1 12234.2 11878 11823.9 11479.7 11286.7 11235.4 11044.2 10722.6 10542.4 10365.3 10318.1 10017.7 9849.32 9683.8 9521.05 9477.74 9201.77 9159.91 8893.19 8852.73 8702.1 8554.03 8408.49 8265.42 8124.78 7888.21 7852.32 7623.68 7588.99 7368.02 7244.2 7211.24 7001.26 6969.41 6850.83 6651.35 6539.57 6509.82 6399.05 6290.17 6183.14 6003.11 5902.22 5803.03 5776.63 5678.34 5513 5487.92 5394.54 5237.46 5149.45 5062.91 4977.82 4894.17 4811.92 4731.05 
882987
15303.1 14581.9 14336.9 14095.9 13859 13626.1 13397.1 13172 12950.6 12891.7 12672.3 12303.4 12096.6 11893.3 11839.2 11494.5 11301.3 11249.9 11058.5 10870.3 10553.8 10376.4 10202 10030.6 9862.02 9817.15 9531.3 9487.93 9326.5 9054.93 8902.76 8753.14 8713.32 8459.61 8317.44 8279.6 8138.72 8000.24 7767.29 7636.76 7508.42 7474.26 7256.63 7134.68 7102.22 6981.37 6778.09 6664.18 6633.86 6520.99 6410.03 6223.39 6118.8 6015.97 5914.87 5815.47 5789.01 5620.45 5594.88 5431.97 
281531
4790.26 4650.78 4629.62 4494.82 4474.37 4398.24 4323.4 4249.84 4177.53 4106.45 3986.88 3919.88 3854 3836.47 3771.19 3661.38 3644.72 3538.6 3479.13 3420.66 3405.1 3347.16 3249.7 3234.91 3179.87 3087.28 3073.24 2983.75 2970.18 2919.64 2834.63 2821.73 2773.72 2726.52 2647.13 2602.65 2590.81 2515.37 2473.1 2461.84 2390.16 2379.29 2310.01 2271.19 2260.85 2222.39 2184.57 2120.96 2111.31 2049.84 2015.39 1981.52 1972.5 1938.94 1882.48 1850.85 1842.43 1788.78 1780.64 1728.79 
809338
13601.4 13372.8 13148.1 13088.2 12865.5 12490.9 12434.1 12072.1 11869.2 11669.7 11473.6 11280.8 11229.4 10902.5 10719.3 10539.1 10362 10314.9 10139.3 9844.11 9678.67 9516.02 9356.1 9313.53 9042.34 9001.2 8848.05 8590.41 8551.33 8405.83 8161.07 8023.92 7889.08 7853.18 7719.56 7494.79 7460.69 7333.75 7120.2 7000.54 6882.9 6851.58 6735 6538.9 6429.01 6399.76 6290.87 6183.83 6078.61 5975.18 5873.51 5702.49 5676.55 5511.26 5418.64 5393.99 5236.93 5148.92 5062.39 4977.31 
957657
16597.2 16012.2 15545.9 15284.7 15215.1 14956.3 14520.8 14454.7 14033.8 13798 13735.2 13335.3 13274.6 13048.7 12668.8 12455.9 12399.2 12038.2 11835.9 11782 11581.5 11244.3 11055.3 10869.6 10820.1 10505 10457.3 10279.3 9980.02 9934.61 9645.34 9483.24 9440.1 9279.48 9009.28 8857.87 8817.58 8560.83 8416.96 8378.67 8134.7 7997.99 7961.6 7729.78 7694.61 7563.69 7343.45 7220.04 7098.71 7066.41 6860.65 6829.44 6713.24 6517.76 6488.11 6299.19 6193.33 6089.25 5986.92 5959.68 
117965
2185.48 1945.74 1936.89 1880.49 1848.89 1840.48 1786.89 1778.76 1726.96 1697.94 1669.41 1641.35 1633.88 1606.08 1559.32 1533.11 1507.35 1500.49 1474.96 1432.01 1425.5 1383.99 1377.69 1354.25 1314.82 1308.84 1286.57 1264.68 1243.16 1222 1186.42 1166.48 1146.88 1141.66 1122.24 1103.14 1071.02 1053.02 1048.23 1017.71 1013.08 983.581 967.052 950.8 934.821 930.568 914.735 899.17 883.871 868.832 854.049 829.181 825.408 801.374 797.729 774.501 761.485 758.02 745.123 732.444 
986346
16782.7 16497.2 16016.8 15943.9 15672.7 15406 15143.8 14886.2 14452.7 14209.8 14145.2 13904.5 13499.6 13438.2 13046.9 12827.7 12769.3 12397.5 12341.1 12131.1 11924.7 11577.5 11524.8 11189.2 11001.2 10816.3 10767.1 10583.9 10403.8 10100.9 10054.9 9883.85 9596.05 9434.78 9276.23 9234.03 8965.15 8924.37 8772.52 8623.25 8476.53 8229.71 8091.41 7955.43 7821.73 7690.28 7655.29 7432.39 7307.49 7184.68 7063.94 7031.8 6912.15 6794.54 6596.7 6485.84 6376.84 6269.68 6241.15 6059.42 
900064
15126.1 14871.9 14621.9 14555.4 14131.6 14067.3 13828 13425.3 13364.2 13136.8 12913.3 12693.6 12324 12267.9 12059.2 11708.1 11654.8 11315.4 11263.9 10936 10752.2 10571.5 10523.4 10344.3 10043.1 9874.35 9708.41 9664.24 9499.8 9338.16 9066.26 8913.89 8873.34 8614.97 8575.78 8429.86 8184.4 8046.86 8010.25 7777.01 7741.63 7609.9 7388.32 7264.16 7231.11 7020.55 6988.61 6869.7 6669.67 6639.33 6526.36 6415.32 6228.52 6200.18 6019.65 5918.48 5891.56 5720.01 5623.88 5529.37 
648869
11040.5 10852.7 10668 10486.5 10308.1 10132.7 9837.64 9672.32 9628.31 9464.49 9303.45 9145.15 8878.86 8838.47 8688.08 8435.11 8396.73 8253.86 8013.53 7977.07 7744.8 7614.64 7486.67 7452.61 7235.61 7114.01 6994.46 6876.91 6761.34 6647.71 6617.47 6504.87 6394.19 6208.01 6103.68 6075.91 5972.53 5798.62 5701.17 5675.24 5509.99 5417.39 5326.35 5302.11 5147.73 5124.31 5037.12 4890.45 4808.26 4727.46 4705.95 4568.92 4548.14 4415.71 4395.62 4320.83 4247.31 4175.04 4104 3984.5 
901311
15335.8 14889.3 14639.1 14393.1 14151.2 14086.8 13847.1 13443.9 13382.8 13155 12772 12557.4 12500.2 12287.5 11929.8 11875.5 11529.7 11335.9 11284.4 10955.8 10771.7 10722.7 10410.4 10363.1 10061.3 10015.6 9845.14 9677.63 9512.96 9235.97 9193.95 9037.51 8774.36 8626.9 8481.92 8443.34 8197.49 8160.19 8021.35 7884.86 7655.27 7620.45 7490.78 7272.67 7239.58 7116.4 6909.19 6793.08 6678.91 6648.53 6535.4 6345.11 6316.24 6132.33 6029.27 6001.84 5827.08 5800.57 5631.67 5606.05 
532082
8941.93 8901.25 8749.8 8495.02 8456.38 8210.15 8172.79 7934.82 7801.47 7670.36 7635.47 7413.14 7288.56 7166.07 7133.47 6925.76 6894.25 6776.94 6661.63 6467.66 6358.97 6330.04 6222.34 6116.46 5938.36 5911.35 5810.77 5711.9 5614.71 5451.22 5426.42 5268.42 5179.88 5156.31 5006.17 4983.4 4898.6 4755.97 4676.04 4597.46 4576.54 4498.67 4367.68 4347.81 4221.21 4150.27 4131.39 4061.1 3992 3875.76 3858.13 3745.79 3728.74 3665.3 3558.57 3542.38 3482.11 3380.72 3365.34 3267.35 
193039
3345.56 3227.64 3172.72 3080.34 3028.57 3014.8 2963.5 2877.21 2864.12 2780.72 2768.07 2687.47 2675.25 2629.73 2553.16 2510.25 2468.06 2456.83 2415.03 2373.94 2333.55 2265.6 2227.52 2190.09 2153.28 2143.49 2081.07 2071.61 2036.36 2001.71 1943.42 1910.76 1878.65 1847.08 1816.04 1785.52 1777.4 1747.15 1696.28 1688.56 1639.4 1611.85 1604.51 1557.79 1531.61 1505.87 1499.02 1455.37 1430.92 1406.87 1383.23 1376.93 1353.5 1330.47 1291.73 1270.03 1264.25 1242.74 1206.55 1186.27 
334560
5692.55 5595.69 5500.48 5406.89 5314.89 5160.14 5073.42 4988.16 4965.46 4880.98 4738.85 4717.29 4637.03 4558.13 4480.57 4350.11 4330.32 4204.23 4133.58 4064.11 3995.81 3928.66 3910.78 3844.24 3778.83 3668.8 3652.11 3545.77 3529.64 3426.86 3411.27 3311.94 3296.88 3200.88 3186.32 3132.1 3078.81 3026.42 2938.3 2888.92 2840.37 2827.45 2745.12 2698.99 2653.63 2641.56 2564.64 2552.97 2509.53 2436.46 2425.38 2354.76 2315.18 2276.27 2265.92 2227.36 2162.51 2152.67 2116.04 2054.43 
389794
6550.7 6440.62 6411.32 6224.63 6120.02 6092.18 5988.52 5814.15 5787.7 5689.22 5592.42 5429.58 5338.33 5248.62 5224.74 5135.84 5048.46 4901.46 4879.16 4796.14 4714.53 4577.26 4556.43 4423.76 4349.42 4329.63 4203.56 4184.44 4062.59 3994.32 3927.19 3909.33 3795.5 3731.71 3669 3607.34 3546.71 3530.58 3427.78 3412.18 3312.83 3297.76 3201.73 3187.17 3094.36 3080.29 2990.6 2976.99 2890.31 2877.16 2828.2 2745.85 2699.71 2687.42 2609.17 2597.3 2521.68 2479.3 2468.02 2426.02 
720898
12115.1 11911.5 11711.3 11514.5 11321 11269.5 11077.7 10889.2 10572.2 10524.1 10217.6 10045.9 10000.2 9830.07 9543.84 9500.42 9223.79 9181.83 8914.48 8764.66 8617.37 8472.55 8330.16 8292.26 8151.17 7913.83 7877.82 7743.78 7612.02 7482.5 7355.19 7230.04 7019.52 6901.55 6870.15 6753.26 6638.35 6525.4 6335.39 6306.57 6199.26 6093.78 5990.1 5888.18 5716.73 5690.72 5593.89 5431.01 5339.74 5250 5161.77 5138.29 4988.67 4965.98 4881.48 4739.34 4717.78 4637.51 4558.6 4481.04 
729226
12255 12049.1 11994.3 11790.2 11446.9 11254.5 11203.3 11012.7 10825.3 10641.1 10460.1 10155.5 9984.82 9939.39 9649.98 9606.08 9326.37 9283.94 9013.62 8862.14 8713.2 8673.56 8421.01 8279.49 8140.35 8103.31 7867.36 7831.57 7698.32 7474.16 7348.55 7315.12 7190.65 6981.28 6949.52 6747.16 6716.47 6602.19 6489.85 6300.88 6194.99 6090.88 5988.52 5961.28 5859.84 5689.22 5593.61 5499.61 5474.59 5315.18 5291 5136.94 5050.61 4965.73 4943.14 4859.03 4717.55 4696.08 4616.18 4481.77 
79029
1679.08 1299.91 1278.06 1272.25 1250.6 1214.19 1208.66 1188.1 1153.5 1148.25 1128.72 1109.51 1077.21 1072.3 1054.06 1023.37 1006.17 1001.59 972.428 968.004 939.818 935.542 919.624 892.847 877.842 873.848 858.979 844.364 829.997 815.875 801.992 778.64 775.098 752.529 749.105 727.293 723.984 702.904 699.706 687.8 676.097 664.593 653.285 642.17 623.471 620.635 602.563 599.822 582.357 579.707 569.843 560.147 543.837 534.698 525.712 516.877 508.191 499.65 491.253 489.018 
765891
12871.2 12654.9 12442.2 12233.1 12027.6 11825.4 11771.6 11428.9 11376.9 11183.3 10857.7 10675.2 10495.8 10448 10143.8 9973.35 9927.97 9638.89 9595.04 9315.66 9273.28 9003.26 8962.3 8701.34 8661.75 8409.54 8268.21 8129.26 8092.28 7954.59 7819.24 7686.2 7555.41 7335.42 7302.05 7089.43 7057.18 6851.69 6736.54 6705.89 6510.63 6401.22 6293.64 6187.87 6083.88 6056.2 5953.16 5779.82 5682.68 5656.83 5492.12 5467.13 5374.11 5282.67 5128.85 5105.51 4956.85 4934.3 4850.34 4767.82 
808880
14985.7 14137.4 13885.6 12870.9 12812.3 12594.3 12380 12019.6 11964.9 11616.5 11421.3 11369.3 11175.9 10850.4 10801.1 10486.6 10438.9 10261.3 9962.47 9917.14 9628.38 9466.57 9423.5 9149.11 8995.36 8844.18 8803.95 8547.6 8508.71 8363.93 8221.62 7982.23 7945.91 7714.55 7679.45 7455.84 7421.92 7295.64 7083.21 6964.17 6932.48 6814.53 6698.58 6584.6 6472.56 6362.43 6254.18 6072.07 6044.45 5941.6 5840.5 5670.44 5644.64 5480.28 5455.35 5296.5 5207.49 5119.98 5096.69 4948.28 
318162
5665.71 5564.82 5319.44 5068.76 5045.7 4898.78 4876.49 4734.5 4712.96 4632.77 4553.94 4421.34 4347.04 4327.26 4201.26 4130.66 4061.24 3992.99 3974.82 3907.19 3793.42 3776.16 3711.91 3603.83 3587.44 3482.98 3424.44 3366.89 3351.58 3253.99 3239.18 3184.07 3091.36 3039.4 3025.58 2937.48 2924.11 2874.36 2825.45 2743.18 2730.7 2651.19 2606.64 2562.83 2551.17 2507.76 2465.09 2393.31 2382.43 2341.89 2273.7 2263.35 2197.45 2187.45 2123.76 2088.07 2078.57 2043.2 1983.71 1974.68 
765078
13017.8 12638.8 12426.4 12217.6 12162 11955 11606.9 11554.1 11357.5 11026.8 10976.7 10789.9 10475.7 10299.7 10126.6 9956.39 9789.07 9744.53 9578.73 9299.82 9143.53 8989.87 8948.97 8688.4 8542.38 8503.52 8255.92 8218.36 8078.52 7941.07 7805.95 7673.13 7449.71 7324.51 7291.19 7167.13 7045.18 6925.3 6807.47 6691.64 6577.78 6465.86 6277.59 6172.09 6144.01 5965.11 5864.87 5838.18 5738.85 5641.2 5545.21 5450.86 5358.12 5202.1 5114.68 5091.41 5004.78 4859.05 4777.39 4697.1 
180752
3037.64 2986.59 2973 2922.42 2837.32 2824.41 2742.17 2696.09 2683.82 2638.16 2593.27 2517.76 2475.45 2464.19 2422.26 2381.04 2340.53 2272.38 2234.19 2196.64 2159.73 2123.43 2087.75 2052.66 2018.16 2008.98 1950.49 1917.71 1885.48 1876.9 1844.97 1813.57 1782.71 1730.81 1701.72 1673.12 1665.51 1637.17 1589.5 1562.79 1536.52 1529.53 1485 1460.04 1453.4 1411.08 1404.66 1363.76 1357.55 1334.46 1295.6 1273.83 1252.42 1246.72 1210.42 1190.08 1184.66 1150.17 1144.94 1111.6 
555639
9337.82 9180.89 9139.13 8983.62 8830.77 8680.51 8532.81 8284.36 8145.13 8108.08 7970.12 7834.51 7606.38 7478.55 7444.53 7227.76 7194.88 6985.38 6867.99 6836.74 6720.42 6524.73 6415.08 6307.27 6278.58 6095.76 6068.03 5964.78 5791.1 5764.75 5596.9 5571.43 5409.21 5384.6 5292.98 5202.92 5051.42 4966.53 4943.93 4799.98 4719.31 4640 4618.89 4540.3 4408.1 4334.02 4261.18 4189.57 4170.51 4049.08 3981.03 3914.13 3896.32 3830.02 3764.85 3655.23 3638.6 3532.65 3516.58 3414.19 
754407
12836.3 12617.9 12403.2 12192.1 11837.1 11783.3 11440.2 11247.9 11058.9 11008.6 10821.3 10637.1 10456.1 10278.2 9978.95 9811.25 9646.37 9484.25 9324.87 9168.16 9014.08 8862.59 8822.27 8565.39 8421.44 8383.13 8240.49 8100.28 7962.45 7826.97 7693.79 7469.77 7435.79 7219.27 7186.43 7064.15 6943.96 6741.76 6711.09 6515.68 6406.18 6298.52 6269.87 6163.18 6058.32 5955.24 5853.91 5754.3 5656.39 5560.15 5465.54 5372.55 5281.13 5191.27 5102.94 5016.12 4870.06 4788.22 4707.75 4628.63 
568632
9854.98 9684.18 9516.34 9180.92 9024.71 8871.15 8612.84 8468.1 8429.57 8184.12 8046.59 8009.98 7873.69 7739.72 7514.35 7388.07 7354.46 7140.31 7107.83 6986.89 6868.01 6751.15 6554.57 6524.75 6413.73 6304.6 6121.03 6018.16 5917.02 5817.58 5719.81 5693.79 5596.91 5433.94 5342.62 5252.84 5164.56 5141.06 4991.37 4968.66 4884.12 4801.01 4661.22 4582.89 4562.04 4429.2 4354.77 4281.58 4262.1 4189.58 4118.3 4048.22 3979.34 3863.47 3798.55 3781.26 3671.16 3654.46 3548.05 3488.42 
954572
16242.1 15965.7 15500.8 15430.3 15167.8 14726.1 14478.6 14412.8 13993.1 13757.9 13526.7 13299.4 13075.9 13016.4 12794.9 12577.2 12211 12005.8 11951.2 11603.2 11408.2 11356.3 11163.1 10973.1 10653.6 10474.6 10298.5 10251.7 9953.19 9907.9 9739.32 9573.61 9294.84 9252.56 9095.13 8940.37 8680.05 8534.18 8390.75 8352.58 8109.37 7973.09 7936.82 7705.72 7670.66 7540.14 7411.85 7196.03 7075.1 6956.2 6924.55 6722.92 6692.34 6578.47 6386.92 6279.58 6251.01 6144.65 5965.73 5865.48 
916448
15593.4 15139.4 14884.9 14817.2 14385.8 14144 14079.7 13840.1 13437.1 13376 13148.4 12765.5 12551 12493.9 12281.3 11923.7 11869.5 11523.9 11471.4 11137.4 11086.7 10898.1 10712.7 10530.4 10223.8 10177.3 10004.1 9833.87 9666.55 9502.07 9340.39 9181.46 9025.24 8871.68 8613.35 8468.6 8326.28 8288.4 8047.06 8010.45 7874.15 7644.88 7516.4 7482.21 7264.34 7231.29 7108.25 6987.3 6868.42 6751.55 6554.96 6525.14 6335.14 6306.32 6199.02 6018.52 5917.37 5890.45 5790.23 5621.63 
203330
3417.07 3401.53 3302.48 3287.46 3191.74 3138.1 3085.36 3033.51 3019.71 2931.78 2882.51 2869.4 2820.57 2738.44 2692.42 2647.18 2602.69 2558.95 2547.31 2473.14 2461.88 2390.2 2350.03 2339.34 2299.54 2232.58 2222.42 2157.71 2121.45 2085.8 2050.74 2016.28 2007.11 1972.96 1915.51 1906.79 1851.27 1820.16 1789.57 1781.43 1751.12 1721.32 1692.03 1642.77 1615.16 1607.81 1580.45 1553.56 1527.13 1482.66 1457.75 1451.11 1408.86 1402.45 1378.59 1338.45 1315.95 1309.97 1287.68 1265.77 
443824
7458.71 7424.78 7208.58 7175.79 7053.69 6848.31 6817.15 6701.15 6587.13 6475.05 6286.52 6180.87 6076.99 5974.87 5947.68 5846.48 5747.01 5649.22 5553.1 5458.61 5299.67 5210.61 5123.04 5036.94 4952.3 4929.77 4845.88 4704.78 4625.72 4547.98 4527.29 4450.26 4320.68 4301.02 4175.78 4105.61 4036.61 4018.25 3901.24 3835.68 3818.23 3707.05 3690.19 3582.74 3566.44 3462.59 3404.4 3347.19 3290.94 3275.97 3220.22 3165.43 3073.26 3059.28 2970.2 2956.69 2870.6 2822.35 2809.51 2727.71 
357617
6009.95 5908.95 5809.65 5783.22 5684.82 5588.09 5493.01 5399.54 5307.67 5217.36 5065.44 4980.31 4896.62 4874.34 4732.41 4710.88 4630.73 4495.89 4420.33 4400.22 4325.35 4251.76 4179.41 4057.72 3989.53 3971.38 3903.8 3837.38 3725.64 3708.69 3600.71 3584.32 3523.34 3420.75 3363.26 3306.74 3291.69 3235.68 3141.47 3127.18 3073.97 3021.66 2933.68 2884.38 2871.26 2822.4 2774.38 2727.17 2680.77 2602.71 2590.87 2546.79 2503.45 2460.86 2389.2 2378.33 2337.87 2269.79 2231.65 2194.14 
690168
11743.2 11401.3 11349.4 11019 10833.8 10784.5 10601 10292.3 10119.4 10073.3 9780.01 9735.51 9452.04 9409.04 9135.07 8981.55 8940.68 8788.56 8532.66 8389.26 8248.27 8210.75 7971.67 7837.7 7802.05 7669.29 7538.8 7410.53 7284.44 7072.33 6953.48 6921.84 6720.29 6607.36 6496.32 6466.76 6356.73 6248.57 6066.62 6039.02 5936.27 5763.42 5666.56 5640.78 5476.54 5384.5 5360 5203.93 5116.48 5093.2 4944.9 4861.8 4780.09 4699.76 4620.78 4543.12 4466.77 4446.45 4370.79 4296.43 
471000
7915.42 7782.39 7746.99 7521.41 7487.2 7269.19 7236.11 7112.99 6991.96 6788.37 6757.49 6560.73 6450.47 6342.07 6313.22 6205.8 6100.2 5922.58 5895.64 5723.97 5697.93 5600.98 5505.68 5345.36 5255.53 5231.62 5079.29 5056.18 4908.96 4826.46 4745.35 4665.6 4644.37 4509.14 4488.63 4357.93 4338.1 4211.79 4192.63 4121.29 4001.29 3934.04 3916.14 3849.51 3737.42 3720.42 3657.12 3550.63 3534.47 3431.56 3415.95 3316.48 3260.75 3245.91 3190.68 3097.78 3045.72 2994.53 2944.21 2930.81 
730953
12284.1 12228.2 12020.1 11670.1 11617 11278.8 11089.2 11038.8 10717.4 10668.6 10487.1 10308.6 10133.2 9838.17 9793.41 9508.25 9348.46 9305.93 9034.96 8883.12 8842.71 8692.25 8439.15 8400.76 8156.15 8119.04 7882.64 7846.77 7618.3 7583.64 7362.82 7239.08 7117.43 6997.81 6880.21 6848.91 6732.37 6617.82 6505.22 6315.8 6209.66 6181.41 6001.42 5974.12 5800.17 5773.78 5675.54 5510.28 5485.21 5391.88 5234.88 5211.07 5059.33 4974.31 4890.71 4808.52 4786.64 4705.2 4568.19 4547.41 
94865
1614.13 1586.67 1540.47 1514.58 1489.13 1482.35 1457.13 1432.34 1390.63 1384.3 1360.75 1337.6 1314.84 1292.46 1270.47 1248.86 1212.49 1192.12 1186.69 1152.14 1146.9 1127.38 1094.56 1089.58 1071.04 1052.81 1034.9 1004.77 987.88 971.278 954.955 938.907 923.128 907.614 892.361 888.301 873.187 858.33 833.337 819.332 815.605 791.856 788.254 765.302 761.82 739.638 736.273 723.745 711.43 699.325 678.963 667.552 656.334 645.304 642.368 631.438 613.052 610.263 599.879 589.672 
